<?xml version="1.0" encoding="UTF-8"?>
<!-- Generated by org.testng.reporters.JUnitXMLReporter -->
<testsuite hostname="Han-PC" name="Control" tests="48" failures="0" timestamp="20 Dec 2017 15:47:45 GMT" time="8.08" errors="0">
  <testcase name="incomingRemoteCallClientInfo" time="0.106" classname="org.fourthline.cling.test.control.ActionInvokeIncomingTest"/>
  <testcase name="incomingRemoteCallControlURINotFound" time="0.125" classname="org.fourthline.cling.test.control.ActionInvokeIncomingTest"/>
  <testcase name="incomingRemoteCallGet" time="0.129" classname="org.fourthline.cling.test.control.ActionInvokeIncomingTest"/>
  <testcase name="incomingRemoteCallGetConcurrent" time="2.12" classname="org.fourthline.cling.test.control.ActionInvokeIncomingTest"/>
  <testcase name="incomingRemoteCallMethodException" time="0.13" classname="org.fourthline.cling.test.control.ActionInvokeIncomingTest"/>
  <testcase name="incomingRemoteCallNoContentType" time="0.167" classname="org.fourthline.cling.test.control.ActionInvokeIncomingTest"/>
  <testcase name="incomingRemoteCallQueryStateVariable" time="0.149" classname="org.fourthline.cling.test.control.ActionInvokeIncomingTest"/>
  <testcase name="incomingRemoteCallSet" time="0.161" classname="org.fourthline.cling.test.control.ActionInvokeIncomingTest"/>
  <testcase name="incomingRemoteCallWrongContentType" time="0.143" classname="org.fourthline.cling.test.control.ActionInvokeIncomingTest"/>
  <testcase name="callLocalGet" time="0.131" classname="org.fourthline.cling.test.control.ActionInvokeOutgoingTest"/>
  <testcase name="callLocalSetException" time="0.125" classname="org.fourthline.cling.test.control.ActionInvokeOutgoingTest"/>
  <testcase name="callLocalWrongAction" time="0.112" classname="org.fourthline.cling.test.control.ActionInvokeOutgoingTest"/>
  <testcase name="callRemoteGet" time="0.142" classname="org.fourthline.cling.test.control.ActionInvokeOutgoingTest"/>
  <testcase name="callRemoteGetFailure" time="0.102" classname="org.fourthline.cling.test.control.ActionInvokeOutgoingTest"/>
  <testcase name="callRemoteGetNoResponse" time="0.199" classname="org.fourthline.cling.test.control.ActionInvokeOutgoingTest"/>
  <testcase name="callRemoteGetNotFoundFailure" time="0.133" classname="org.fourthline.cling.test.control.ActionInvokeOutgoingTest"/>
  <testcase name="callRemoteNegativeValue" time="0.117" classname="org.fourthline.cling.test.control.ActionInvokeOutgoingTest"/>
  <testcase name="callRemoteQueryStateVariable" time="0.137" classname="org.fourthline.cling.test.control.ActionInvokeOutgoingTest"/>
  <testcase name="readEncodedRequest" time="0.114" classname="org.fourthline.cling.test.control.ActionXMLProcessingTest"/>
  <testcase name="readEncodedRequest" time="0.128" classname="org.fourthline.cling.test.control.ActionXMLProcessingTest"/>
  <testcase name="readEncodedRequest" time="0.153" classname="org.fourthline.cling.test.control.ActionXMLProcessingTest"/>
  <testcase name="readEncodedRequestWithAlias" time="0.134" classname="org.fourthline.cling.test.control.ActionXMLProcessingTest"/>
  <testcase name="readEncodedRequestWithAlias" time="0.134" classname="org.fourthline.cling.test.control.ActionXMLProcessingTest"/>
  <testcase name="readEncodedRequestWithAlias" time="0.12" classname="org.fourthline.cling.test.control.ActionXMLProcessingTest"/>
  <testcase name="writeDecodedResponse" time="0.121" classname="org.fourthline.cling.test.control.ActionXMLProcessingTest"/>
  <testcase name="writeDecodedResponse" time="0.123" classname="org.fourthline.cling.test.control.ActionXMLProcessingTest"/>
  <testcase name="writeDecodedResponse" time="0.148" classname="org.fourthline.cling.test.control.ActionXMLProcessingTest"/>
  <testcase name="writeFailureReadFailure" time="0.145" classname="org.fourthline.cling.test.control.ActionXMLProcessingTest"/>
  <testcase name="writeFailureReadFailure" time="0.127" classname="org.fourthline.cling.test.control.ActionXMLProcessingTest"/>
  <testcase name="writeFailureReadFailure" time="0.146" classname="org.fourthline.cling.test.control.ActionXMLProcessingTest"/>
  <testcase name="writeReadRequest" time="0.201" classname="org.fourthline.cling.test.control.ActionXMLProcessingTest"/>
  <testcase name="writeReadRequest" time="0.162" classname="org.fourthline.cling.test.control.ActionXMLProcessingTest"/>
  <testcase name="writeReadRequest" time="0.119" classname="org.fourthline.cling.test.control.ActionXMLProcessingTest"/>
  <testcase name="writeReadResponse" time="0.128" classname="org.fourthline.cling.test.control.ActionXMLProcessingTest"/>
  <testcase name="writeReadResponse" time="0.105" classname="org.fourthline.cling.test.control.ActionXMLProcessingTest"/>
  <testcase name="writeReadResponse" time="0.121" classname="org.fourthline.cling.test.control.ActionXMLProcessingTest"/>
  <testcase name="readRequestDefaultFailure" time="0.11" classname="org.fourthline.cling.test.control.InvalidActionXMLProcessingTest"/>
  <testcase name="readRequestDefaultFailure" time="0.118" classname="org.fourthline.cling.test.control.InvalidActionXMLProcessingTest"/>
  <testcase name="readRequestDefaultFailure" time="0.121" classname="org.fourthline.cling.test.control.InvalidActionXMLProcessingTest"/>
  <testcase name="readRequestPull" time="0.108" classname="org.fourthline.cling.test.control.InvalidActionXMLProcessingTest"/>
  <testcase name="readRequestPull" time="0.095" classname="org.fourthline.cling.test.control.InvalidActionXMLProcessingTest"/>
  <testcase name="readRequestPull" time="0.1" classname="org.fourthline.cling.test.control.InvalidActionXMLProcessingTest"/>
  <testcase name="readRequestRecoverableFailure" time="0.103" classname="org.fourthline.cling.test.control.InvalidActionXMLProcessingTest"/>
  <testcase name="readRequestRecoverableFailure" time="0.105" classname="org.fourthline.cling.test.control.InvalidActionXMLProcessingTest"/>
  <testcase name="readRequestRecovering" time="0.112" classname="org.fourthline.cling.test.control.InvalidActionXMLProcessingTest"/>
  <testcase name="readRequestRecovering" time="0.107" classname="org.fourthline.cling.test.control.InvalidActionXMLProcessingTest"/>
  <testcase name="readRequestRecoveringFailure" time="0.114" classname="org.fourthline.cling.test.control.InvalidActionXMLProcessingTest"/>
  <testcase name="uppercaseOutputArguments" time="0.003" classname="org.fourthline.cling.test.control.InvalidActionXMLProcessingTest"/>
</testsuite> <!-- Control -->
