<?xml version="1.0" encoding="UTF-8"?>
<!-- Generated by org.testng.reporters.JUnitXMLReporter -->
<testsuite hostname="Han-PC" name="Control" tests="48" failures="0" timestamp="29 Nov 2017 17:21:24 GMT" time="6.539" errors="0">
  <testcase name="incomingRemoteCallClientInfo" time="0.089" classname="org.fourthline.cling.test.control.ActionInvokeIncomingTest"/>
  <testcase name="incomingRemoteCallControlURINotFound" time="0.074" classname="org.fourthline.cling.test.control.ActionInvokeIncomingTest"/>
  <testcase name="incomingRemoteCallGet" time="0.094" classname="org.fourthline.cling.test.control.ActionInvokeIncomingTest"/>
  <testcase name="incomingRemoteCallGetConcurrent" time="2.111" classname="org.fourthline.cling.test.control.ActionInvokeIncomingTest"/>
  <testcase name="incomingRemoteCallMethodException" time="0.102" classname="org.fourthline.cling.test.control.ActionInvokeIncomingTest"/>
  <testcase name="incomingRemoteCallNoContentType" time="0.09" classname="org.fourthline.cling.test.control.ActionInvokeIncomingTest"/>
  <testcase name="incomingRemoteCallQueryStateVariable" time="0.079" classname="org.fourthline.cling.test.control.ActionInvokeIncomingTest"/>
  <testcase name="incomingRemoteCallSet" time="0.075" classname="org.fourthline.cling.test.control.ActionInvokeIncomingTest"/>
  <testcase name="incomingRemoteCallWrongContentType" time="0.099" classname="org.fourthline.cling.test.control.ActionInvokeIncomingTest"/>
  <testcase name="callLocalGet" time="0.098" classname="org.fourthline.cling.test.control.ActionInvokeOutgoingTest"/>
  <testcase name="callLocalSetException" time="0.101" classname="org.fourthline.cling.test.control.ActionInvokeOutgoingTest"/>
  <testcase name="callLocalWrongAction" time="0.102" classname="org.fourthline.cling.test.control.ActionInvokeOutgoingTest"/>
  <testcase name="callRemoteGet" time="0.095" classname="org.fourthline.cling.test.control.ActionInvokeOutgoingTest"/>
  <testcase name="callRemoteGetFailure" time="0.104" classname="org.fourthline.cling.test.control.ActionInvokeOutgoingTest"/>
  <testcase name="callRemoteGetNoResponse" time="0.11" classname="org.fourthline.cling.test.control.ActionInvokeOutgoingTest"/>
  <testcase name="callRemoteGetNotFoundFailure" time="0.096" classname="org.fourthline.cling.test.control.ActionInvokeOutgoingTest"/>
  <testcase name="callRemoteNegativeValue" time="0.102" classname="org.fourthline.cling.test.control.ActionInvokeOutgoingTest"/>
  <testcase name="callRemoteQueryStateVariable" time="0.112" classname="org.fourthline.cling.test.control.ActionInvokeOutgoingTest"/>
  <testcase name="readEncodedRequest" time="0.093" classname="org.fourthline.cling.test.control.ActionXMLProcessingTest"/>
  <testcase name="readEncodedRequest" time="0.12" classname="org.fourthline.cling.test.control.ActionXMLProcessingTest"/>
  <testcase name="readEncodedRequest" time="0.099" classname="org.fourthline.cling.test.control.ActionXMLProcessingTest"/>
  <testcase name="readEncodedRequestWithAlias" time="0.098" classname="org.fourthline.cling.test.control.ActionXMLProcessingTest"/>
  <testcase name="readEncodedRequestWithAlias" time="0.081" classname="org.fourthline.cling.test.control.ActionXMLProcessingTest"/>
  <testcase name="readEncodedRequestWithAlias" time="0.061" classname="org.fourthline.cling.test.control.ActionXMLProcessingTest"/>
  <testcase name="writeDecodedResponse" time="0.08" classname="org.fourthline.cling.test.control.ActionXMLProcessingTest"/>
  <testcase name="writeDecodedResponse" time="0.069" classname="org.fourthline.cling.test.control.ActionXMLProcessingTest"/>
  <testcase name="writeDecodedResponse" time="0.098" classname="org.fourthline.cling.test.control.ActionXMLProcessingTest"/>
  <testcase name="writeFailureReadFailure" time="0.088" classname="org.fourthline.cling.test.control.ActionXMLProcessingTest"/>
  <testcase name="writeFailureReadFailure" time="0.094" classname="org.fourthline.cling.test.control.ActionXMLProcessingTest"/>
  <testcase name="writeFailureReadFailure" time="0.075" classname="org.fourthline.cling.test.control.ActionXMLProcessingTest"/>
  <testcase name="writeReadRequest" time="0.1" classname="org.fourthline.cling.test.control.ActionXMLProcessingTest"/>
  <testcase name="writeReadRequest" time="0.098" classname="org.fourthline.cling.test.control.ActionXMLProcessingTest"/>
  <testcase name="writeReadRequest" time="0.058" classname="org.fourthline.cling.test.control.ActionXMLProcessingTest"/>
  <testcase name="writeReadResponse" time="0.094" classname="org.fourthline.cling.test.control.ActionXMLProcessingTest"/>
  <testcase name="writeReadResponse" time="0.088" classname="org.fourthline.cling.test.control.ActionXMLProcessingTest"/>
  <testcase name="writeReadResponse" time="0.1" classname="org.fourthline.cling.test.control.ActionXMLProcessingTest"/>
  <testcase name="readRequestDefaultFailure" time="0.103" classname="org.fourthline.cling.test.control.InvalidActionXMLProcessingTest"/>
  <testcase name="readRequestDefaultFailure" time="0.106" classname="org.fourthline.cling.test.control.InvalidActionXMLProcessingTest"/>
  <testcase name="readRequestDefaultFailure" time="0.097" classname="org.fourthline.cling.test.control.InvalidActionXMLProcessingTest"/>
  <testcase name="readRequestPull" time="0.133" classname="org.fourthline.cling.test.control.InvalidActionXMLProcessingTest"/>
  <testcase name="readRequestPull" time="0.109" classname="org.fourthline.cling.test.control.InvalidActionXMLProcessingTest"/>
  <testcase name="readRequestPull" time="0.094" classname="org.fourthline.cling.test.control.InvalidActionXMLProcessingTest"/>
  <testcase name="readRequestRecoverableFailure" time="0.099" classname="org.fourthline.cling.test.control.InvalidActionXMLProcessingTest"/>
  <testcase name="readRequestRecoverableFailure" time="0.143" classname="org.fourthline.cling.test.control.InvalidActionXMLProcessingTest"/>
  <testcase name="readRequestRecovering" time="0.102" classname="org.fourthline.cling.test.control.InvalidActionXMLProcessingTest"/>
  <testcase name="readRequestRecovering" time="0.099" classname="org.fourthline.cling.test.control.InvalidActionXMLProcessingTest"/>
  <testcase name="readRequestRecoveringFailure" time="0.102" classname="org.fourthline.cling.test.control.InvalidActionXMLProcessingTest"/>
  <testcase name="uppercaseOutputArguments" time="0.007" classname="org.fourthline.cling.test.control.InvalidActionXMLProcessingTest"/>
</testsuite> <!-- Control -->
