<?xml version="1.0" encoding="UTF-8"?>
<!-- Generated by org.testng.reporters.JUnitXMLReporter -->
<testsuite hostname="Han-PC" name="Description" tests="69" failures="0" timestamp="29 Nov 2017 17:21:17 GMT" time="6.71" errors="0">
  <testcase name="registerAndRetrieveDescriptor" time="0.101" classname="org.fourthline.cling.test.resources.DeviceDescriptorRetrievalTest"/>
  <testcase name="retrieveNonExistentDescriptor" time="0.099" classname="org.fourthline.cling.test.resources.DeviceDescriptorRetrievalTest"/>
  <testcase name="readDefault" time="0.105" classname="org.fourthline.cling.test.resources.InvalidUDA10DeviceDescriptorParsingTest"/>
  <testcase name="readDefault" time="0.086" classname="org.fourthline.cling.test.resources.InvalidUDA10DeviceDescriptorParsingTest"/>
  <testcase name="readDefault" time="0.11" classname="org.fourthline.cling.test.resources.InvalidUDA10DeviceDescriptorParsingTest"/>
  <testcase name="readDefault" time="0.105" classname="org.fourthline.cling.test.resources.InvalidUDA10DeviceDescriptorParsingTest"/>
  <testcase name="readDefault" time="0.104" classname="org.fourthline.cling.test.resources.InvalidUDA10DeviceDescriptorParsingTest"/>
  <testcase name="readDefault" time="0.115" classname="org.fourthline.cling.test.resources.InvalidUDA10DeviceDescriptorParsingTest"/>
  <testcase name="readDefault" time="0.101" classname="org.fourthline.cling.test.resources.InvalidUDA10DeviceDescriptorParsingTest"/>
  <testcase name="readDefault" time="0.085" classname="org.fourthline.cling.test.resources.InvalidUDA10DeviceDescriptorParsingTest"/>
  <testcase name="readDefault" time="0.104" classname="org.fourthline.cling.test.resources.InvalidUDA10DeviceDescriptorParsingTest"/>
  <testcase name="readDefault" time="0.127" classname="org.fourthline.cling.test.resources.InvalidUDA10DeviceDescriptorParsingTest"/>
  <testcase name="readDefault" time="0.109" classname="org.fourthline.cling.test.resources.InvalidUDA10DeviceDescriptorParsingTest"/>
  <testcase name="readDefault" time="0.103" classname="org.fourthline.cling.test.resources.InvalidUDA10DeviceDescriptorParsingTest"/>
  <testcase name="readDefault" time="0.092" classname="org.fourthline.cling.test.resources.InvalidUDA10DeviceDescriptorParsingTest"/>
  <testcase name="readDefault" time="0.099" classname="org.fourthline.cling.test.resources.InvalidUDA10DeviceDescriptorParsingTest"/>
  <testcase name="readFailure" time="0.12" classname="org.fourthline.cling.test.resources.InvalidUDA10DeviceDescriptorParsingTest"/>
  <testcase name="readFailure" time="0.102" classname="org.fourthline.cling.test.resources.InvalidUDA10DeviceDescriptorParsingTest"/>
  <testcase name="readFailure" time="0.098" classname="org.fourthline.cling.test.resources.InvalidUDA10DeviceDescriptorParsingTest"/>
  <testcase name="readFailure" time="0.08" classname="org.fourthline.cling.test.resources.InvalidUDA10DeviceDescriptorParsingTest"/>
  <testcase name="readRecovering" time="0.1" classname="org.fourthline.cling.test.resources.InvalidUDA10DeviceDescriptorParsingTest"/>
  <testcase name="readRecovering" time="0.08" classname="org.fourthline.cling.test.resources.InvalidUDA10DeviceDescriptorParsingTest"/>
  <testcase name="readRecovering" time="0.111" classname="org.fourthline.cling.test.resources.InvalidUDA10DeviceDescriptorParsingTest"/>
  <testcase name="readRecovering" time="0.116" classname="org.fourthline.cling.test.resources.InvalidUDA10DeviceDescriptorParsingTest"/>
  <testcase name="readRecoveringFailure" time="0.106" classname="org.fourthline.cling.test.resources.InvalidUDA10DeviceDescriptorParsingTest"/>
  <testcase name="readRecoveringFailure" time="0.105" classname="org.fourthline.cling.test.resources.InvalidUDA10DeviceDescriptorParsingTest"/>
  <testcase name="readRecoveringFailure" time="0.084" classname="org.fourthline.cling.test.resources.InvalidUDA10DeviceDescriptorParsingTest"/>
  <testcase name="readRecoveringFailure" time="0.104" classname="org.fourthline.cling.test.resources.InvalidUDA10DeviceDescriptorParsingTest"/>
  <testcase name="readRecoveringFailure" time="0.103" classname="org.fourthline.cling.test.resources.InvalidUDA10DeviceDescriptorParsingTest"/>
  <testcase name="readRecoveringStrict" time="0.103" classname="org.fourthline.cling.test.resources.InvalidUDA10DeviceDescriptorParsingTest"/>
  <testcase name="readRecoveringStrict" time="0.104" classname="org.fourthline.cling.test.resources.InvalidUDA10DeviceDescriptorParsingTest"/>
  <testcase name="readRecoveringStrict" time="0.105" classname="org.fourthline.cling.test.resources.InvalidUDA10DeviceDescriptorParsingTest"/>
  <testcase name="readRecoveringStrict" time="0.084" classname="org.fourthline.cling.test.resources.InvalidUDA10DeviceDescriptorParsingTest"/>
  <testcase name="readRecoveringStrict" time="0.111" classname="org.fourthline.cling.test.resources.InvalidUDA10DeviceDescriptorParsingTest"/>
  <testcase name="readRecoveringStrict" time="0.128" classname="org.fourthline.cling.test.resources.InvalidUDA10DeviceDescriptorParsingTest"/>
  <testcase name="readRecoveringStrict" time="0.104" classname="org.fourthline.cling.test.resources.InvalidUDA10DeviceDescriptorParsingTest"/>
  <testcase name="readRecoveringStrict" time="0.097" classname="org.fourthline.cling.test.resources.InvalidUDA10DeviceDescriptorParsingTest"/>
  <testcase name="readRecoveringStrict" time="0.09" classname="org.fourthline.cling.test.resources.InvalidUDA10DeviceDescriptorParsingTest"/>
  <testcase name="readRecoveringStrict" time="0.091" classname="org.fourthline.cling.test.resources.InvalidUDA10DeviceDescriptorParsingTest"/>
  <testcase name="readRecoveringStrict" time="0.1" classname="org.fourthline.cling.test.resources.InvalidUDA10DeviceDescriptorParsingTest"/>
  <testcase name="readRecoveringStrict" time="0.102" classname="org.fourthline.cling.test.resources.InvalidUDA10DeviceDescriptorParsingTest"/>
  <testcase name="readRecoveringStrict" time="0.085" classname="org.fourthline.cling.test.resources.InvalidUDA10DeviceDescriptorParsingTest"/>
  <testcase name="readRecoveringStrict" time="0.08" classname="org.fourthline.cling.test.resources.InvalidUDA10DeviceDescriptorParsingTest"/>
  <testcase name="readSAX" time="0.132" classname="org.fourthline.cling.test.resources.InvalidUDA10DeviceDescriptorParsingTest"/>
  <testcase name="readSAX" time="0.084" classname="org.fourthline.cling.test.resources.InvalidUDA10DeviceDescriptorParsingTest"/>
  <testcase name="readSAX" time="0.113" classname="org.fourthline.cling.test.resources.InvalidUDA10DeviceDescriptorParsingTest"/>
  <testcase name="readSAX" time="0.1" classname="org.fourthline.cling.test.resources.InvalidUDA10DeviceDescriptorParsingTest"/>
  <testcase name="readSAX" time="0.1" classname="org.fourthline.cling.test.resources.InvalidUDA10DeviceDescriptorParsingTest"/>
  <testcase name="readSAX" time="0.113" classname="org.fourthline.cling.test.resources.InvalidUDA10DeviceDescriptorParsingTest"/>
  <testcase name="readSAX" time="0.103" classname="org.fourthline.cling.test.resources.InvalidUDA10DeviceDescriptorParsingTest"/>
  <testcase name="readSAX" time="0.084" classname="org.fourthline.cling.test.resources.InvalidUDA10DeviceDescriptorParsingTest"/>
  <testcase name="readSAX" time="0.1" classname="org.fourthline.cling.test.resources.InvalidUDA10DeviceDescriptorParsingTest"/>
  <testcase name="readSAX" time="0.095" classname="org.fourthline.cling.test.resources.InvalidUDA10DeviceDescriptorParsingTest"/>
  <testcase name="readSAX" time="0.099" classname="org.fourthline.cling.test.resources.InvalidUDA10DeviceDescriptorParsingTest"/>
  <testcase name="readSAX" time="0.099" classname="org.fourthline.cling.test.resources.InvalidUDA10DeviceDescriptorParsingTest"/>
  <testcase name="readSAX" time="0.101" classname="org.fourthline.cling.test.resources.InvalidUDA10DeviceDescriptorParsingTest"/>
  <testcase name="readSAX" time="0.086" classname="org.fourthline.cling.test.resources.InvalidUDA10DeviceDescriptorParsingTest"/>
  <testcase name="registerAndRetrieveDescriptor" time="0.11" classname="org.fourthline.cling.test.resources.ServiceDescriptorRetrievalTest"/>
  <testcase name="retrieveNonExistentDescriptor" time="0.097" classname="org.fourthline.cling.test.resources.ServiceDescriptorRetrievalTest"/>
  <testcase name="readUDA10DescriptorDOM" time="0.101" classname="org.fourthline.cling.test.resources.UDA10DeviceDescriptorParsingTest"/>
  <testcase name="readUDA10DescriptorSAX" time="0.102" classname="org.fourthline.cling.test.resources.UDA10DeviceDescriptorParsingTest"/>
  <testcase name="readUDA10DescriptorWithEmptyURLBase" time="0.099" classname="org.fourthline.cling.test.resources.UDA10DeviceDescriptorParsingTest"/>
  <testcase name="readUDA10DescriptorWithURLBase" time="0.083" classname="org.fourthline.cling.test.resources.UDA10DeviceDescriptorParsingTest"/>
  <testcase name="readUDA10DescriptorWithURLBase2" time="0.099" classname="org.fourthline.cling.test.resources.UDA10DeviceDescriptorParsingTest"/>
  <testcase name="writeUDA10Descriptor" time="0.122" classname="org.fourthline.cling.test.resources.UDA10DeviceDescriptorParsingTest"/>
  <testcase name="writeUDA10DescriptorWithProvider" time="0.109" classname="org.fourthline.cling.test.resources.UDA10DeviceDescriptorParsingTest"/>
  <testcase name="readUDA10DescriptorDOM" time="0.003" classname="org.fourthline.cling.test.resources.UDA10ServiceDescriptorParsingTest"/>
  <testcase name="readUDA10DescriptorSAX" time="0.012" classname="org.fourthline.cling.test.resources.UDA10ServiceDescriptorParsingTest"/>
  <testcase name="writeUDA10Descriptor" time="0.007" classname="org.fourthline.cling.test.resources.UDA10ServiceDescriptorParsingTest"/>
</testsuite> <!-- Description -->
