<?xml version="1.0" encoding="UTF-8"?>
<!-- Generated by org.testng.reporters.JUnitXMLReporter -->
<testsuite hostname="Han-PC" name="Description" tests="69" failures="0" timestamp="20 Dec 2017 15:47:37 GMT" time="11.101" errors="0">
  <testcase name="registerAndRetrieveDescriptor" time="0.425" classname="org.fourthline.cling.test.resources.DeviceDescriptorRetrievalTest"/>
  <testcase name="retrieveNonExistentDescriptor" time="0.17" classname="org.fourthline.cling.test.resources.DeviceDescriptorRetrievalTest"/>
  <testcase name="readDefault" time="0.148" classname="org.fourthline.cling.test.resources.InvalidUDA10DeviceDescriptorParsingTest"/>
  <testcase name="readDefault" time="0.114" classname="org.fourthline.cling.test.resources.InvalidUDA10DeviceDescriptorParsingTest"/>
  <testcase name="readDefault" time="0.107" classname="org.fourthline.cling.test.resources.InvalidUDA10DeviceDescriptorParsingTest"/>
  <testcase name="readDefault" time="0.106" classname="org.fourthline.cling.test.resources.InvalidUDA10DeviceDescriptorParsingTest"/>
  <testcase name="readDefault" time="0.147" classname="org.fourthline.cling.test.resources.InvalidUDA10DeviceDescriptorParsingTest"/>
  <testcase name="readDefault" time="0.137" classname="org.fourthline.cling.test.resources.InvalidUDA10DeviceDescriptorParsingTest"/>
  <testcase name="readDefault" time="0.124" classname="org.fourthline.cling.test.resources.InvalidUDA10DeviceDescriptorParsingTest"/>
  <testcase name="readDefault" time="0.204" classname="org.fourthline.cling.test.resources.InvalidUDA10DeviceDescriptorParsingTest"/>
  <testcase name="readDefault" time="0.156" classname="org.fourthline.cling.test.resources.InvalidUDA10DeviceDescriptorParsingTest"/>
  <testcase name="readDefault" time="0.113" classname="org.fourthline.cling.test.resources.InvalidUDA10DeviceDescriptorParsingTest"/>
  <testcase name="readDefault" time="0.113" classname="org.fourthline.cling.test.resources.InvalidUDA10DeviceDescriptorParsingTest"/>
  <testcase name="readDefault" time="0.124" classname="org.fourthline.cling.test.resources.InvalidUDA10DeviceDescriptorParsingTest"/>
  <testcase name="readDefault" time="0.153" classname="org.fourthline.cling.test.resources.InvalidUDA10DeviceDescriptorParsingTest"/>
  <testcase name="readDefault" time="0.158" classname="org.fourthline.cling.test.resources.InvalidUDA10DeviceDescriptorParsingTest"/>
  <testcase name="readFailure" time="0.176" classname="org.fourthline.cling.test.resources.InvalidUDA10DeviceDescriptorParsingTest"/>
  <testcase name="readFailure" time="0.382" classname="org.fourthline.cling.test.resources.InvalidUDA10DeviceDescriptorParsingTest"/>
  <testcase name="readFailure" time="0.147" classname="org.fourthline.cling.test.resources.InvalidUDA10DeviceDescriptorParsingTest"/>
  <testcase name="readFailure" time="0.088" classname="org.fourthline.cling.test.resources.InvalidUDA10DeviceDescriptorParsingTest"/>
  <testcase name="readRecovering" time="0.145" classname="org.fourthline.cling.test.resources.InvalidUDA10DeviceDescriptorParsingTest"/>
  <testcase name="readRecovering" time="0.133" classname="org.fourthline.cling.test.resources.InvalidUDA10DeviceDescriptorParsingTest"/>
  <testcase name="readRecovering" time="0.116" classname="org.fourthline.cling.test.resources.InvalidUDA10DeviceDescriptorParsingTest"/>
  <testcase name="readRecovering" time="0.205" classname="org.fourthline.cling.test.resources.InvalidUDA10DeviceDescriptorParsingTest"/>
  <testcase name="readRecoveringFailure" time="0.628" classname="org.fourthline.cling.test.resources.InvalidUDA10DeviceDescriptorParsingTest"/>
  <testcase name="readRecoveringFailure" time="0.205" classname="org.fourthline.cling.test.resources.InvalidUDA10DeviceDescriptorParsingTest"/>
  <testcase name="readRecoveringFailure" time="0.127" classname="org.fourthline.cling.test.resources.InvalidUDA10DeviceDescriptorParsingTest"/>
  <testcase name="readRecoveringFailure" time="0.126" classname="org.fourthline.cling.test.resources.InvalidUDA10DeviceDescriptorParsingTest"/>
  <testcase name="readRecoveringFailure" time="0.232" classname="org.fourthline.cling.test.resources.InvalidUDA10DeviceDescriptorParsingTest"/>
  <testcase name="readRecoveringStrict" time="0.116" classname="org.fourthline.cling.test.resources.InvalidUDA10DeviceDescriptorParsingTest"/>
  <testcase name="readRecoveringStrict" time="0.126" classname="org.fourthline.cling.test.resources.InvalidUDA10DeviceDescriptorParsingTest"/>
  <testcase name="readRecoveringStrict" time="0.209" classname="org.fourthline.cling.test.resources.InvalidUDA10DeviceDescriptorParsingTest"/>
  <testcase name="readRecoveringStrict" time="0.285" classname="org.fourthline.cling.test.resources.InvalidUDA10DeviceDescriptorParsingTest"/>
  <testcase name="readRecoveringStrict" time="0.252" classname="org.fourthline.cling.test.resources.InvalidUDA10DeviceDescriptorParsingTest"/>
  <testcase name="readRecoveringStrict" time="0.386" classname="org.fourthline.cling.test.resources.InvalidUDA10DeviceDescriptorParsingTest"/>
  <testcase name="readRecoveringStrict" time="0.204" classname="org.fourthline.cling.test.resources.InvalidUDA10DeviceDescriptorParsingTest"/>
  <testcase name="readRecoveringStrict" time="0.304" classname="org.fourthline.cling.test.resources.InvalidUDA10DeviceDescriptorParsingTest"/>
  <testcase name="readRecoveringStrict" time="0.373" classname="org.fourthline.cling.test.resources.InvalidUDA10DeviceDescriptorParsingTest"/>
  <testcase name="readRecoveringStrict" time="0.134" classname="org.fourthline.cling.test.resources.InvalidUDA10DeviceDescriptorParsingTest"/>
  <testcase name="readRecoveringStrict" time="0.144" classname="org.fourthline.cling.test.resources.InvalidUDA10DeviceDescriptorParsingTest"/>
  <testcase name="readRecoveringStrict" time="0.111" classname="org.fourthline.cling.test.resources.InvalidUDA10DeviceDescriptorParsingTest"/>
  <testcase name="readRecoveringStrict" time="0.181" classname="org.fourthline.cling.test.resources.InvalidUDA10DeviceDescriptorParsingTest"/>
  <testcase name="readRecoveringStrict" time="0.161" classname="org.fourthline.cling.test.resources.InvalidUDA10DeviceDescriptorParsingTest"/>
  <testcase name="readSAX" time="0.162" classname="org.fourthline.cling.test.resources.InvalidUDA10DeviceDescriptorParsingTest"/>
  <testcase name="readSAX" time="0.115" classname="org.fourthline.cling.test.resources.InvalidUDA10DeviceDescriptorParsingTest"/>
  <testcase name="readSAX" time="0.129" classname="org.fourthline.cling.test.resources.InvalidUDA10DeviceDescriptorParsingTest"/>
  <testcase name="readSAX" time="0.106" classname="org.fourthline.cling.test.resources.InvalidUDA10DeviceDescriptorParsingTest"/>
  <testcase name="readSAX" time="0.166" classname="org.fourthline.cling.test.resources.InvalidUDA10DeviceDescriptorParsingTest"/>
  <testcase name="readSAX" time="0.137" classname="org.fourthline.cling.test.resources.InvalidUDA10DeviceDescriptorParsingTest"/>
  <testcase name="readSAX" time="0.118" classname="org.fourthline.cling.test.resources.InvalidUDA10DeviceDescriptorParsingTest"/>
  <testcase name="readSAX" time="0.142" classname="org.fourthline.cling.test.resources.InvalidUDA10DeviceDescriptorParsingTest"/>
  <testcase name="readSAX" time="0.127" classname="org.fourthline.cling.test.resources.InvalidUDA10DeviceDescriptorParsingTest"/>
  <testcase name="readSAX" time="0.11" classname="org.fourthline.cling.test.resources.InvalidUDA10DeviceDescriptorParsingTest"/>
  <testcase name="readSAX" time="0.097" classname="org.fourthline.cling.test.resources.InvalidUDA10DeviceDescriptorParsingTest"/>
  <testcase name="readSAX" time="0.097" classname="org.fourthline.cling.test.resources.InvalidUDA10DeviceDescriptorParsingTest"/>
  <testcase name="readSAX" time="0.1" classname="org.fourthline.cling.test.resources.InvalidUDA10DeviceDescriptorParsingTest"/>
  <testcase name="readSAX" time="0.109" classname="org.fourthline.cling.test.resources.InvalidUDA10DeviceDescriptorParsingTest"/>
  <testcase name="registerAndRetrieveDescriptor" time="0.129" classname="org.fourthline.cling.test.resources.ServiceDescriptorRetrievalTest"/>
  <testcase name="retrieveNonExistentDescriptor" time="0.142" classname="org.fourthline.cling.test.resources.ServiceDescriptorRetrievalTest"/>
  <testcase name="readUDA10DescriptorDOM" time="0.114" classname="org.fourthline.cling.test.resources.UDA10DeviceDescriptorParsingTest"/>
  <testcase name="readUDA10DescriptorSAX" time="0.122" classname="org.fourthline.cling.test.resources.UDA10DeviceDescriptorParsingTest"/>
  <testcase name="readUDA10DescriptorWithEmptyURLBase" time="0.134" classname="org.fourthline.cling.test.resources.UDA10DeviceDescriptorParsingTest"/>
  <testcase name="readUDA10DescriptorWithURLBase" time="0.128" classname="org.fourthline.cling.test.resources.UDA10DeviceDescriptorParsingTest"/>
  <testcase name="readUDA10DescriptorWithURLBase2" time="0.115" classname="org.fourthline.cling.test.resources.UDA10DeviceDescriptorParsingTest"/>
  <testcase name="writeUDA10Descriptor" time="0.131" classname="org.fourthline.cling.test.resources.UDA10DeviceDescriptorParsingTest"/>
  <testcase name="writeUDA10DescriptorWithProvider" time="0.123" classname="org.fourthline.cling.test.resources.UDA10DeviceDescriptorParsingTest"/>
  <testcase name="readUDA10DescriptorDOM" time="0.003" classname="org.fourthline.cling.test.resources.UDA10ServiceDescriptorParsingTest"/>
  <testcase name="readUDA10DescriptorSAX" time="0.018" classname="org.fourthline.cling.test.resources.UDA10ServiceDescriptorParsingTest"/>
  <testcase name="writeUDA10Descriptor" time="0.006" classname="org.fourthline.cling.test.resources.UDA10ServiceDescriptorParsingTest"/>
</testsuite> <!-- Description -->
