<?xml version="1.0" encoding="UTF-8"?>
<!-- Generated by org.testng.reporters.JUnitXMLReporter -->
<testsuite hostname="Han-PC" name="Examples" tests="47" failures="0" timestamp="20 Dec 2017 15:47:57 GMT" time="7.009" errors="0">
  <testcase name="cleanupRemoteDevice" time="0.147" classname="example.registry.RegistryBrowseTest"/>
  <testcase name="findDevice" time="0.248" classname="example.registry.RegistryBrowseTest"/>
  <testcase name="findDeviceByType" time="0.173" classname="example.registry.RegistryBrowseTest"/>
  <testcase name="findLocalDevice" time="0.197" classname="example.registry.RegistryBrowseTest"/>
  <testcase name="findLocalDeviceInvalidRelativePath" time="0.204" classname="example.registry.RegistryBrowseTest"/>
  <testcase name="invokeActions" time="1.172" classname="example.controlpoint.ActionCancellationTest"/>
  <testcase name="validateBinding" time="0.001" classname="example.localservice.AllowedValueTest"/>
  <testcase name="validateBinding" time="0.0" classname="example.localservice.AllowedValueTest"/>
  <testcase name="invokeActions" time="0.002" classname="example.localservice.BasicBindingTest"/>
  <testcase name="invokeActions" time="0.001" classname="example.localservice.BasicBindingTest"/>
  <testcase name="invokeActions" time="0.0" classname="example.localservice.BasicBindingTest"/>
  <testcase name="invokeActions" time="0.001" classname="example.localservice.BasicBindingTest"/>
  <testcase name="validateBinding" time="0.001" classname="example.localservice.BasicBindingTest"/>
  <testcase name="validateBinding" time="0.0" classname="example.localservice.BasicBindingTest"/>
  <testcase name="validateBinding" time="0.0" classname="example.localservice.BasicBindingTest"/>
  <testcase name="validateBinding" time="0.0" classname="example.localservice.BasicBindingTest"/>
  <testcase name="invokeActions" time="0.001" classname="example.localservice.EnumTest"/>
  <testcase name="validateBinding" time="0.0" classname="example.localservice.EnumTest"/>
  <testcase name="testClient" time="0.369" classname="example.binarylight.BinaryLightTest"/>
  <testcase name="testServer" time="0.112" classname="example.binarylight.BinaryLightTest"/>
  <testcase name="invokeActions" time="0.13" classname="example.controlpoint.ActionInvocationTest"/>
  <testcase name="invokeActions" time="0.142" classname="example.controlpoint.ActionInvocationTest"/>
  <testcase name="invokeActions" time="0.204" classname="example.controlpoint.ActionInvocationTest"/>
  <testcase name="invokeActionsWithAlias" time="0.189" classname="example.controlpoint.ActionInvocationTest"/>
  <testcase name="invokeActionsWithAlias" time="0.146" classname="example.controlpoint.ActionInvocationTest"/>
  <testcase name="invokeActionsWithAlias" time="0.178" classname="example.controlpoint.ActionInvocationTest"/>
  <testcase name="bundleSeveralVariables" time="0.188" classname="example.localservice.EventProviderTest"/>
  <testcase name="moderateMaxRate" time="0.853" classname="example.localservice.EventProviderTest"/>
  <testcase name="moderateMinDelta" time="0.161" classname="example.localservice.EventProviderTest"/>
  <testcase name="subscriptionLifecycleChangeSupport" time="0.16" classname="example.localservice.EventProviderTest"/>
  <testcase name="subscriptionLifecycle" time="0.144" classname="example.localservice.EventProviderTest"/>
  <testcase name="subscriptionLifecycle" time="0.149" classname="example.controlpoint.EventSubscriptionTest"/>
  <testcase name="searchAll" time="0.199" classname="example.controlpoint.SearchExecuteTest"/>
  <testcase name="searchDefaults" time="0.214" classname="example.controlpoint.SearchExecuteTest"/>
  <testcase name="searchDeviceType" time="0.173" classname="example.controlpoint.SearchExecuteTest"/>
  <testcase name="searchInvalidST" time="0.172" classname="example.controlpoint.SearchExecuteTest"/>
  <testcase name="searchRoot" time="0.186" classname="example.controlpoint.SearchExecuteTest"/>
  <testcase name="searchServiceType" time="0.167" classname="example.controlpoint.SearchExecuteTest"/>
  <testcase name="searchUDN" time="0.137" classname="example.controlpoint.SearchExecuteTest"/>
  <testcase name="invokeActions" time="0.001" classname="example.localservice.RemoteClientInfoTest"/>
  <testcase name="validateBinding" time="0.0" classname="example.localservice.AllowedValueRangeTest"/>
  <testcase name="validateBinding" time="0.0" classname="example.localservice.AllowedValueRangeTest"/>
  <testcase name="failureQuickstartListener" time="0.145" classname="example.registry.RegistryListenerTest"/>
  <testcase name="quickstartListener" time="0.141" classname="example.registry.RegistryListenerTest"/>
  <testcase name="regularListener" time="0.147" classname="example.registry.RegistryListenerTest"/>
  <testcase name="invokeActions" time="0.001" classname="example.localservice.StringConvertibleTest"/>
  <testcase name="validateBinding" time="0.001" classname="example.localservice.StringConvertibleTest"/>
</testsuite> <!-- Examples -->
