<?xml version="1.0" encoding="UTF-8"?>
<!-- Generated by org.testng.reporters.JUnitXMLReporter -->
<testsuite hostname="Han-PC" name="Examples" tests="47" failures="0" timestamp="29 Nov 2017 17:21:32 GMT" time="5.081" errors="0">
  <testcase name="cleanupRemoteDevice" time="0.099" classname="example.registry.RegistryBrowseTest"/>
  <testcase name="findDevice" time="0.099" classname="example.registry.RegistryBrowseTest"/>
  <testcase name="findDeviceByType" time="0.091" classname="example.registry.RegistryBrowseTest"/>
  <testcase name="findLocalDevice" time="0.098" classname="example.registry.RegistryBrowseTest"/>
  <testcase name="findLocalDeviceInvalidRelativePath" time="0.099" classname="example.registry.RegistryBrowseTest"/>
  <testcase name="invokeActions" time="1.099" classname="example.controlpoint.ActionCancellationTest"/>
  <testcase name="validateBinding" time="0.001" classname="example.localservice.AllowedValueTest"/>
  <testcase name="validateBinding" time="0.0" classname="example.localservice.AllowedValueTest"/>
  <testcase name="invokeActions" time="0.004" classname="example.localservice.BasicBindingTest"/>
  <testcase name="invokeActions" time="0.002" classname="example.localservice.BasicBindingTest"/>
  <testcase name="invokeActions" time="0.002" classname="example.localservice.BasicBindingTest"/>
  <testcase name="invokeActions" time="0.001" classname="example.localservice.BasicBindingTest"/>
  <testcase name="validateBinding" time="0.0" classname="example.localservice.BasicBindingTest"/>
  <testcase name="validateBinding" time="0.0" classname="example.localservice.BasicBindingTest"/>
  <testcase name="validateBinding" time="0.001" classname="example.localservice.BasicBindingTest"/>
  <testcase name="validateBinding" time="0.0" classname="example.localservice.BasicBindingTest"/>
  <testcase name="invokeActions" time="0.0" classname="example.localservice.EnumTest"/>
  <testcase name="validateBinding" time="0.0" classname="example.localservice.EnumTest"/>
  <testcase name="testClient" time="0.299" classname="example.binarylight.BinaryLightTest"/>
  <testcase name="testServer" time="0.135" classname="example.binarylight.BinaryLightTest"/>
  <testcase name="invokeActions" time="0.1" classname="example.controlpoint.ActionInvocationTest"/>
  <testcase name="invokeActions" time="0.099" classname="example.controlpoint.ActionInvocationTest"/>
  <testcase name="invokeActions" time="0.099" classname="example.controlpoint.ActionInvocationTest"/>
  <testcase name="invokeActionsWithAlias" time="0.098" classname="example.controlpoint.ActionInvocationTest"/>
  <testcase name="invokeActionsWithAlias" time="0.1" classname="example.controlpoint.ActionInvocationTest"/>
  <testcase name="invokeActionsWithAlias" time="0.099" classname="example.controlpoint.ActionInvocationTest"/>
  <testcase name="bundleSeveralVariables" time="0.101" classname="example.localservice.EventProviderTest"/>
  <testcase name="moderateMaxRate" time="0.8" classname="example.localservice.EventProviderTest"/>
  <testcase name="moderateMinDelta" time="0.151" classname="example.localservice.EventProviderTest"/>
  <testcase name="subscriptionLifecycleChangeSupport" time="0.1" classname="example.localservice.EventProviderTest"/>
  <testcase name="subscriptionLifecycle" time="0.099" classname="example.localservice.EventProviderTest"/>
  <testcase name="subscriptionLifecycle" time="0.099" classname="example.controlpoint.EventSubscriptionTest"/>
  <testcase name="searchAll" time="0.1" classname="example.controlpoint.SearchExecuteTest"/>
  <testcase name="searchDefaults" time="0.098" classname="example.controlpoint.SearchExecuteTest"/>
  <testcase name="searchDeviceType" time="0.098" classname="example.controlpoint.SearchExecuteTest"/>
  <testcase name="searchInvalidST" time="0.095" classname="example.controlpoint.SearchExecuteTest"/>
  <testcase name="searchRoot" time="0.098" classname="example.controlpoint.SearchExecuteTest"/>
  <testcase name="searchServiceType" time="0.098" classname="example.controlpoint.SearchExecuteTest"/>
  <testcase name="searchUDN" time="0.099" classname="example.controlpoint.SearchExecuteTest"/>
  <testcase name="invokeActions" time="0.001" classname="example.localservice.RemoteClientInfoTest"/>
  <testcase name="validateBinding" time="0.0" classname="example.localservice.AllowedValueRangeTest"/>
  <testcase name="validateBinding" time="0.0" classname="example.localservice.AllowedValueRangeTest"/>
  <testcase name="failureQuickstartListener" time="0.111" classname="example.registry.RegistryListenerTest"/>
  <testcase name="quickstartListener" time="0.129" classname="example.registry.RegistryListenerTest"/>
  <testcase name="regularListener" time="0.13" classname="example.registry.RegistryListenerTest"/>
  <testcase name="invokeActions" time="0.001" classname="example.localservice.StringConvertibleTest"/>
  <testcase name="validateBinding" time="0.0" classname="example.localservice.StringConvertibleTest"/>
</testsuite> <!-- Examples -->
