<?xml version="1.0" encoding="UTF-8"?>
<!-- Generated by org.testng.reporters.JUnitXMLReporter -->
<testsuite hostname="Han-PC" name="GENA" tests="22" failures="0" timestamp="29 Nov 2017 17:21:27 GMT" time="3.252" errors="0">
  <testcase name="writeReadRequest" time="0.083" classname="org.fourthline.cling.test.gena.EventXMLProcessingTest"/>
  <testcase name="writeReadRequestPull" time="0.081" classname="org.fourthline.cling.test.gena.EventXMLProcessingTest"/>
  <testcase name="writeReadRequestRecovering" time="0.115" classname="org.fourthline.cling.test.gena.EventXMLProcessingTest"/>
  <testcase name="subscriptionLifecycle" time="0.101" classname="org.fourthline.cling.test.gena.IncomingSubscriptionLifecycleTest"/>
  <testcase name="subscriptionLifecycleFailedResponse" time="0.1" classname="org.fourthline.cling.test.gena.IncomingSubscriptionLifecycleTest"/>
  <testcase name="readDefaultFailure" time="0.107" classname="org.fourthline.cling.test.gena.InvalidEventXMLProcessingTest"/>
  <testcase name="readPull" time="0.104" classname="org.fourthline.cling.test.gena.InvalidEventXMLProcessingTest"/>
  <testcase name="readRecoverableFailure" time="0.104" classname="org.fourthline.cling.test.gena.InvalidEventXMLProcessingTest"/>
  <testcase name="readRecoverableFailure" time="0.104" classname="org.fourthline.cling.test.gena.InvalidEventXMLProcessingTest"/>
  <testcase name="readRecovering" time="0.108" classname="org.fourthline.cling.test.gena.InvalidEventXMLProcessingTest"/>
  <testcase name="readRecovering" time="0.103" classname="org.fourthline.cling.test.gena.InvalidEventXMLProcessingTest"/>
  <testcase name="readRecoveringFailure" time="0.105" classname="org.fourthline.cling.test.gena.InvalidEventXMLProcessingTest"/>
  <testcase name="readRecoveringFailure" time="0.104" classname="org.fourthline.cling.test.gena.InvalidEventXMLProcessingTest"/>
  <testcase name="readRecoveringFailure" time="0.103" classname="org.fourthline.cling.test.gena.InvalidEventXMLProcessingTest"/>
  <testcase name="readRecoveringFailure" time="0.103" classname="org.fourthline.cling.test.gena.InvalidEventXMLProcessingTest"/>
  <testcase name="readRecoveringFailure" time="0.103" classname="org.fourthline.cling.test.gena.InvalidEventXMLProcessingTest"/>
  <testcase name="readRecoveringFailure" time="0.101" classname="org.fourthline.cling.test.gena.InvalidEventXMLProcessingTest"/>
  <testcase name="readRecoveringFailure" time="0.104" classname="org.fourthline.cling.test.gena.InvalidEventXMLProcessingTest"/>
  <testcase name="subscriptionLifecycleMissedEvent" time="0.109" classname="org.fourthline.cling.test.gena.OutgoingSubscriptionFailureTest"/>
  <testcase name="subscriptionLifecycleNetworkOff" time="0.1" classname="org.fourthline.cling.test.gena.OutgoingSubscriptionFailureTest"/>
  <testcase name="subscriptionLifecycle" time="0.101" classname="org.fourthline.cling.test.gena.OutgoingSubscriptionLifecycleTest"/>
  <testcase name="subscriptionLifecycleNotifyBeforeResponse" time="1.099" classname="org.fourthline.cling.test.gena.OutgoingSubscriptionLifecycleTest"/>
</testsuite> <!-- GENA -->
