<?xml version="1.0" encoding="UTF-8"?>
<!-- Generated by org.testng.reporters.JUnitXMLReporter -->
<testsuite hostname="Han-PC" name="GENA" tests="22" failures="0" timestamp="20 Dec 2017 15:47:49 GMT" time="4.466" errors="0">
  <testcase name="writeReadRequest" time="0.161" classname="org.fourthline.cling.test.gena.EventXMLProcessingTest"/>
  <testcase name="writeReadRequestPull" time="0.11" classname="org.fourthline.cling.test.gena.EventXMLProcessingTest"/>
  <testcase name="writeReadRequestRecovering" time="0.109" classname="org.fourthline.cling.test.gena.EventXMLProcessingTest"/>
  <testcase name="subscriptionLifecycle" time="0.119" classname="org.fourthline.cling.test.gena.IncomingSubscriptionLifecycleTest"/>
  <testcase name="subscriptionLifecycleFailedResponse" time="0.101" classname="org.fourthline.cling.test.gena.IncomingSubscriptionLifecycleTest"/>
  <testcase name="readDefaultFailure" time="0.111" classname="org.fourthline.cling.test.gena.InvalidEventXMLProcessingTest"/>
  <testcase name="readPull" time="0.111" classname="org.fourthline.cling.test.gena.InvalidEventXMLProcessingTest"/>
  <testcase name="readRecoverableFailure" time="0.113" classname="org.fourthline.cling.test.gena.InvalidEventXMLProcessingTest"/>
  <testcase name="readRecoverableFailure" time="0.111" classname="org.fourthline.cling.test.gena.InvalidEventXMLProcessingTest"/>
  <testcase name="readRecovering" time="0.118" classname="org.fourthline.cling.test.gena.InvalidEventXMLProcessingTest"/>
  <testcase name="readRecovering" time="0.132" classname="org.fourthline.cling.test.gena.InvalidEventXMLProcessingTest"/>
  <testcase name="readRecoveringFailure" time="0.141" classname="org.fourthline.cling.test.gena.InvalidEventXMLProcessingTest"/>
  <testcase name="readRecoveringFailure" time="0.172" classname="org.fourthline.cling.test.gena.InvalidEventXMLProcessingTest"/>
  <testcase name="readRecoveringFailure" time="0.137" classname="org.fourthline.cling.test.gena.InvalidEventXMLProcessingTest"/>
  <testcase name="readRecoveringFailure" time="0.173" classname="org.fourthline.cling.test.gena.InvalidEventXMLProcessingTest"/>
  <testcase name="readRecoveringFailure" time="0.199" classname="org.fourthline.cling.test.gena.InvalidEventXMLProcessingTest"/>
  <testcase name="readRecoveringFailure" time="0.152" classname="org.fourthline.cling.test.gena.InvalidEventXMLProcessingTest"/>
  <testcase name="readRecoveringFailure" time="0.181" classname="org.fourthline.cling.test.gena.InvalidEventXMLProcessingTest"/>
  <testcase name="subscriptionLifecycleMissedEvent" time="0.157" classname="org.fourthline.cling.test.gena.OutgoingSubscriptionFailureTest"/>
  <testcase name="subscriptionLifecycleNetworkOff" time="0.125" classname="org.fourthline.cling.test.gena.OutgoingSubscriptionFailureTest"/>
  <testcase name="subscriptionLifecycle" time="0.205" classname="org.fourthline.cling.test.gena.OutgoingSubscriptionLifecycleTest"/>
  <testcase name="subscriptionLifecycleNotifyBeforeResponse" time="1.51" classname="org.fourthline.cling.test.gena.OutgoingSubscriptionLifecycleTest"/>
</testsuite> <!-- GENA -->
