<?xml version="1.0" encoding="UTF-8"?>
<!-- Generated by org.testng.reporters.JUnitXMLReporter -->
<testsuite hostname="Han-PC" name="Local" tests="11" failures="1" timestamp="29 Nov 2017 17:20:35 GMT" time="15.602" errors="0">
  <testcase name="invokeActions" time="0.005" classname="org.fourthline.cling.test.local.LocalActionInvocationCSVTest"/>
  <testcase name="invokeActions" time="0.003" classname="org.fourthline.cling.test.local.LocalActionInvocationDatatypesTest"/>
  <testcase name="invokeActions" time="0.001" classname="org.fourthline.cling.test.local.LocalActionInvocationEnumTest"/>
  <testcase name="invokeActions" time="0.001" classname="org.fourthline.cling.test.local.LocalActionInvocationEnumTest"/>
  <testcase name="invokeActions" time="0.0" classname="org.fourthline.cling.test.local.LocalActionInvocationEnumTest"/>
  <testcase name="invokeActions" time="0.003" classname="org.fourthline.cling.test.local.LocalActionInvocationNullTest"/>
  <testcase name="byeByeBeforeAlive" time="2.624" classname="org.fourthline.cling.test.local.LocalDeviceBindingAdvertisementTest"/>
  <testcase name="registerLocalDevice" time="2.607" classname="org.fourthline.cling.test.local.LocalDeviceBindingAdvertisementTest"/>
  <testcase name="registerNonAdvertisedLocalDevice" time="2.575" classname="org.fourthline.cling.test.local.LocalDeviceBindingAdvertisementTest"/>
  <testcase name="waitForAliveFlood" time="5.636" classname="org.fourthline.cling.test.local.LocalDeviceBindingAdvertisementTest"/>
  <testcase name="waitForRefresh" time="2.117" classname="org.fourthline.cling.test.local.LocalDeviceBindingAdvertisementTest">
    <failure type="java.lang.AssertionError" message="expected [true] but found [false]">
      <![CDATA[java.lang.AssertionError: expected [true] but found [false]
	at org.fourthline.cling.test.local.LocalDeviceBindingAdvertisementTest.waitForRefresh(LocalDeviceBindingAdvertisementTest.java:111)
... Removed 31 stack frames]]>
    </failure>
  </testcase> <!-- waitForRefresh -->
</testsuite> <!-- Local -->
