<?xml version="1.0" encoding="UTF-8"?>
<!-- Generated by org.testng.reporters.JUnitXMLReporter -->
<testsuite hostname="Han-PC" name="Local" tests="11" failures="0" timestamp="20 Dec 2017 15:46:50 GMT" time="16.21" errors="0">
  <testcase name="invokeActions" time="0.037" classname="org.fourthline.cling.test.local.LocalActionInvocationCSVTest"/>
  <testcase name="invokeActions" time="0.004" classname="org.fourthline.cling.test.local.LocalActionInvocationDatatypesTest"/>
  <testcase name="invokeActions" time="0.0" classname="org.fourthline.cling.test.local.LocalActionInvocationEnumTest"/>
  <testcase name="invokeActions" time="0.0" classname="org.fourthline.cling.test.local.LocalActionInvocationEnumTest"/>
  <testcase name="invokeActions" time="0.0" classname="org.fourthline.cling.test.local.LocalActionInvocationEnumTest"/>
  <testcase name="invokeActions" time="0.003" classname="org.fourthline.cling.test.local.LocalActionInvocationNullTest"/>
  <testcase name="byeByeBeforeAlive" time="2.638" classname="org.fourthline.cling.test.local.LocalDeviceBindingAdvertisementTest"/>
  <testcase name="registerLocalDevice" time="2.663" classname="org.fourthline.cling.test.local.LocalDeviceBindingAdvertisementTest"/>
  <testcase name="registerNonAdvertisedLocalDevice" time="2.589" classname="org.fourthline.cling.test.local.LocalDeviceBindingAdvertisementTest"/>
  <testcase name="waitForAliveFlood" time="5.646" classname="org.fourthline.cling.test.local.LocalDeviceBindingAdvertisementTest"/>
  <testcase name="waitForRefresh" time="2.595" classname="org.fourthline.cling.test.local.LocalDeviceBindingAdvertisementTest"/>
</testsuite> <!-- Local -->
