<?xml version="1.0" encoding="UTF-8"?>
<!-- Generated by org.testng.reporters.JUnitXMLReporter -->
<testsuite hostname="Han-PC" name="Model" tests="116" failures="0" timestamp="29 Nov 2017 17:20:19 GMT" time="0.566" errors="0">
  <testcase name="parseRoundtrip" time="0.111" classname="org.fourthline.cling.test.model.DatagramParsingTest"/>
  <testcase name="readSource" time="0.002" classname="org.fourthline.cling.test.model.DatagramParsingTest"/>
  <testcase name="base64" time="0.006" classname="org.fourthline.cling.test.model.DatatypesTest"/>
  <testcase name="caseSensitivity" time="0.0" classname="org.fourthline.cling.test.model.DatatypesTest"/>
  <testcase name="dateAndTime" time="0.006" classname="org.fourthline.cling.test.model.DatatypesTest"/>
  <testcase name="dateAndTimeWithZone" time="0.002" classname="org.fourthline.cling.test.model.DatatypesTest"/>
  <testcase name="invalidUnsignedIntegersOne" time="0.001" classname="org.fourthline.cling.test.model.DatatypesTest"/>
  <testcase name="invalidUnsignedIntegersTwo" time="0.001" classname="org.fourthline.cling.test.model.DatatypesTest"/>
  <testcase name="parseDLNADoc" time="0.0" classname="org.fourthline.cling.test.model.DatatypesTest"/>
  <testcase name="signedIntegers" time="0.0" classname="org.fourthline.cling.test.model.DatatypesTest"/>
  <testcase name="simpleCSV" time="0.006" classname="org.fourthline.cling.test.model.DatatypesTest"/>
  <testcase name="time" time="0.0" classname="org.fourthline.cling.test.model.DatatypesTest"/>
  <testcase name="timeWithZone" time="0.001" classname="org.fourthline.cling.test.model.DatatypesTest"/>
  <testcase name="upperLowerCase" time="0.0" classname="org.fourthline.cling.test.model.DatatypesTest"/>
  <testcase name="validUnsignedIntegers" time="0.0" classname="org.fourthline.cling.test.model.DatatypesTest"/>
  <testcase name="valueOfDouble" time="0.001" classname="org.fourthline.cling.test.model.DatatypesTest"/>
  <testcase name="valueOfFloat" time="0.0" classname="org.fourthline.cling.test.model.DatatypesTest"/>
  <testcase name="validateBinding" time="0.001" classname="org.fourthline.cling.test.model.LocalServiceBindingDatatypesTest"/>
  <testcase name="headerRegexMatch" time="0.002" classname="org.fourthline.cling.test.model.profile.DeviceDetailsProviderTest"/>
  <testcase name="findDevicesWithDeviceType" time="0.01" classname="org.fourthline.cling.test.model.DeviceGraphTest"/>
  <testcase name="findDevicesWithUDN" time="0.003" classname="org.fourthline.cling.test.model.DeviceGraphTest"/>
  <testcase name="findEmbeddedDevices" time="0.001" classname="org.fourthline.cling.test.model.DeviceGraphTest"/>
  <testcase name="findRoot" time="0.001" classname="org.fourthline.cling.test.model.DeviceGraphTest"/>
  <testcase name="findServiceTypes" time="0.002" classname="org.fourthline.cling.test.model.DeviceGraphTest"/>
  <testcase name="findServicesAll" time="0.001" classname="org.fourthline.cling.test.model.DeviceGraphTest"/>
  <testcase name="findServicesFirst" time="0.001" classname="org.fourthline.cling.test.model.DeviceGraphTest"/>
  <testcase name="findServicesId" time="0.001" classname="org.fourthline.cling.test.model.DeviceGraphTest"/>
  <testcase name="findServicesType" time="0.001" classname="org.fourthline.cling.test.model.DeviceGraphTest"/>
  <testcase name="csvToString" time="0.001" classname="org.fourthline.cling.test.model.UtilTest"/>
  <testcase name="parseInvalidTimeString" time="0.0" classname="org.fourthline.cling.test.model.UtilTest"/>
  <testcase name="parseTimeStrings" time="0.001" classname="org.fourthline.cling.test.model.UtilTest"/>
  <testcase name="printDOM1" time="0.046" classname="org.fourthline.cling.test.model.UtilTest"/>
  <testcase name="printDOM2" time="0.001" classname="org.fourthline.cling.test.model.UtilTest"/>
  <testcase name="printDOM3" time="0.001" classname="org.fourthline.cling.test.model.UtilTest"/>
  <testcase name="printDOM4" time="0.001" classname="org.fourthline.cling.test.model.UtilTest"/>
  <testcase name="printDOM5" time="0.005" classname="org.fourthline.cling.test.model.UtilTest"/>
  <testcase name="printDOM6" time="0.001" classname="org.fourthline.cling.test.model.UtilTest"/>
  <testcase name="printDOM7" time="0.001" classname="org.fourthline.cling.test.model.UtilTest"/>
  <testcase name="stringToCsv" time="0.001" classname="org.fourthline.cling.test.model.UtilTest"/>
  <testcase name="validUDAName" time="0.0" classname="org.fourthline.cling.test.model.UtilTest"/>
  <testcase name="parseCallbackHeaderString" time="0.001" classname="org.fourthline.cling.test.model.HeaderParsingTest"/>
  <testcase name="parseContentRange" time="0.001" classname="org.fourthline.cling.test.model.HeaderParsingTest"/>
  <testcase name="parseContentTypeHeader" time="0.001" classname="org.fourthline.cling.test.model.HeaderParsingTest"/>
  <testcase name="parseDeviceType" time="0.001" classname="org.fourthline.cling.test.model.HeaderParsingTest"/>
  <testcase name="parseDeviceTypeHeaderURI" time="0.001" classname="org.fourthline.cling.test.model.HeaderParsingTest"/>
  <testcase name="parseDeviceUSNHeader" time="0.001" classname="org.fourthline.cling.test.model.HeaderParsingTest"/>
  <testcase name="parseDeviceUSNHeaderStatic" time="0.0" classname="org.fourthline.cling.test.model.HeaderParsingTest"/>
  <testcase name="parseEventSequenceHeaderString" time="0.001" classname="org.fourthline.cling.test.model.HeaderParsingTest"/>
  <testcase name="parseHostHeader" time="0.0" classname="org.fourthline.cling.test.model.HeaderParsingTest"/>
  <testcase name="parseHostHeaderConstructor" time="0.0" classname="org.fourthline.cling.test.model.HeaderParsingTest"/>
  <testcase name="parseInterfaceMacAddress" time="0.0" classname="org.fourthline.cling.test.model.HeaderParsingTest"/>
  <testcase name="parseInvalidCallbackHeaderString" time="0.007" classname="org.fourthline.cling.test.model.HeaderParsingTest"/>
  <testcase name="parseInvalidDeviceTypeHeader" time="0.001" classname="org.fourthline.cling.test.model.HeaderParsingTest"/>
  <testcase name="parseInvalidDeviceUSNHeader" time="0.0" classname="org.fourthline.cling.test.model.HeaderParsingTest"/>
  <testcase name="parseInvalidEXTHeader" time="0.0" classname="org.fourthline.cling.test.model.HeaderParsingTest"/>
  <testcase name="parseInvalidHostHeader" time="0.0" classname="org.fourthline.cling.test.model.HeaderParsingTest"/>
  <testcase name="parseInvalidLocationHeader" time="0.001" classname="org.fourthline.cling.test.model.HeaderParsingTest"/>
  <testcase name="parseInvalidMANHeader" time="0.001" classname="org.fourthline.cling.test.model.HeaderParsingTest"/>
  <testcase name="parseInvalidMXHeader" time="0.0" classname="org.fourthline.cling.test.model.HeaderParsingTest"/>
  <testcase name="parseInvalidMaxAgeHeader" time="0.001" classname="org.fourthline.cling.test.model.HeaderParsingTest"/>
  <testcase name="parseInvalidNTSHeader" time="0.0" classname="org.fourthline.cling.test.model.HeaderParsingTest"/>
  <testcase name="parseInvalidRootDeviceHeader" time="0.001" classname="org.fourthline.cling.test.model.HeaderParsingTest"/>
  <testcase name="parseInvalidSTAllHeader" time="0.0" classname="org.fourthline.cling.test.model.HeaderParsingTest"/>
  <testcase name="parseInvalidServerHeader" time="0.001" classname="org.fourthline.cling.test.model.HeaderParsingTest"/>
  <testcase name="parseInvalidServiceTypeHeader" time="0.001" classname="org.fourthline.cling.test.model.HeaderParsingTest"/>
  <testcase name="parseInvalidServiceUSNHeader" time="0.001" classname="org.fourthline.cling.test.model.HeaderParsingTest"/>
  <testcase name="parseInvalidSubscriptionIdHeaderString" time="0.001" classname="org.fourthline.cling.test.model.HeaderParsingTest"/>
  <testcase name="parseInvalidUDADeviceTypeHeader" time="0.0" classname="org.fourthline.cling.test.model.HeaderParsingTest"/>
  <testcase name="parseInvalidUDAServiceTypeHeader" time="0.001" classname="org.fourthline.cling.test.model.HeaderParsingTest"/>
  <testcase name="parseInvalidUDNHeaderPrefix" time="0.0" classname="org.fourthline.cling.test.model.HeaderParsingTest"/>
  <testcase name="parseInvalidUDNHeaderURN" time="0.0" classname="org.fourthline.cling.test.model.HeaderParsingTest"/>
  <testcase name="parseInvalidUSNRootDeviceHeader" time="0.001" classname="org.fourthline.cling.test.model.HeaderParsingTest"/>
  <testcase name="parseMANHeaderNS" time="0.0" classname="org.fourthline.cling.test.model.HeaderParsingTest"/>
  <testcase name="parseMANHeaderNoNS" time="0.0" classname="org.fourthline.cling.test.model.HeaderParsingTest"/>
  <testcase name="parseMXHeader" time="0.0" classname="org.fourthline.cling.test.model.HeaderParsingTest"/>
  <testcase name="parseMaxAgeHeader" time="0.0" classname="org.fourthline.cling.test.model.HeaderParsingTest"/>
  <testcase name="parsePragma" time="0.001" classname="org.fourthline.cling.test.model.HeaderParsingTest"/>
  <testcase name="parseRange" time="0.0" classname="org.fourthline.cling.test.model.HeaderParsingTest"/>
  <testcase name="parseServerHeader" time="0.001" classname="org.fourthline.cling.test.model.HeaderParsingTest"/>
  <testcase name="parseServiceType" time="0.0" classname="org.fourthline.cling.test.model.HeaderParsingTest"/>
  <testcase name="parseServiceTypeHeaderURI" time="0.001" classname="org.fourthline.cling.test.model.HeaderParsingTest"/>
  <testcase name="parseServiceUSNHeader" time="0.0" classname="org.fourthline.cling.test.model.HeaderParsingTest"/>
  <testcase name="parseServiceUSNHeaderStatic" time="0.0" classname="org.fourthline.cling.test.model.HeaderParsingTest"/>
  <testcase name="parseSoapActionHeader" time="0.002" classname="org.fourthline.cling.test.model.HeaderParsingTest"/>
  <testcase name="parseSoapActionHeaderQueryString" time="0.0" classname="org.fourthline.cling.test.model.HeaderParsingTest"/>
  <testcase name="parseSoapActionHeaderString" time="0.0" classname="org.fourthline.cling.test.model.HeaderParsingTest"/>
  <testcase name="parseSubscriptionIdHeaderString" time="0.0" classname="org.fourthline.cling.test.model.HeaderParsingTest"/>
  <testcase name="parseTimeoutHeaderString" time="0.0" classname="org.fourthline.cling.test.model.HeaderParsingTest"/>
  <testcase name="parseUDADeviceType" time="0.001" classname="org.fourthline.cling.test.model.HeaderParsingTest"/>
  <testcase name="parseUDADeviceTypeHeaderURI" time="0.0" classname="org.fourthline.cling.test.model.HeaderParsingTest"/>
  <testcase name="parseUDAServiceType" time="0.0" classname="org.fourthline.cling.test.model.HeaderParsingTest"/>
  <testcase name="parseUDAServiceTypeHeaderURI" time="0.0" classname="org.fourthline.cling.test.model.HeaderParsingTest"/>
  <testcase name="parseUDNHeader" time="0.0" classname="org.fourthline.cling.test.model.HeaderParsingTest"/>
  <testcase name="invalidIcons" time="0.002" classname="org.fourthline.cling.test.model.IconTest"/>
  <testcase name="validIcons" time="0.009" classname="org.fourthline.cling.test.model.IconTest"/>
  <testcase name="invalidIntegerValue" time="0.0" classname="org.fourthline.cling.test.model.IncompatibilityTest"/>
  <testcase name="invalidStateVarDefaultValue" time="0.001" classname="org.fourthline.cling.test.model.IncompatibilityTest"/>
  <testcase name="parseBrokenServiceId" time="0.0" classname="org.fourthline.cling.test.model.IncompatibilityTest"/>
  <testcase name="parseBrokenServiceType" time="0.0" classname="org.fourthline.cling.test.model.IncompatibilityTest"/>
  <testcase name="parseCeytonInfiniTVServiceType" time="0.001" classname="org.fourthline.cling.test.model.IncompatibilityTest"/>
  <testcase name="parseEscientDeviceType" time="0.001" classname="org.fourthline.cling.test.model.IncompatibilityTest"/>
  <testcase name="parseEyeTVDeviceType" time="0.001" classname="org.fourthline.cling.test.model.IncompatibilityTest"/>
  <testcase name="parseEyeTVServiceType" time="0.001" classname="org.fourthline.cling.test.model.IncompatibilityTest"/>
  <testcase name="parseEyeconServiceId" time="0.001" classname="org.fourthline.cling.test.model.IncompatibilityTest"/>
  <testcase name="parseInvalidDLNADoc" time="0.0" classname="org.fourthline.cling.test.model.IncompatibilityTest"/>
  <testcase name="parseKodakServiceId" time="0.001" classname="org.fourthline.cling.test.model.IncompatibilityTest"/>
  <testcase name="parseServiceNameAsServiceId" time="0.003" classname="org.fourthline.cling.test.model.IncompatibilityTest"/>
  <testcase name="parseUDADeviceTypeFractions" time="0.0" classname="org.fourthline.cling.test.model.IncompatibilityTest"/>
  <testcase name="readColonRelativePaths" time="0.011" classname="org.fourthline.cling.test.model.IncompatibilityTest"/>
  <testcase name="switchedMinimumMaximumValueRange" time="0.001" classname="org.fourthline.cling.test.model.IncompatibilityTest"/>
  <testcase name="validateAzureusServiceId" time="0.001" classname="org.fourthline.cling.test.model.IncompatibilityTest"/>
  <testcase name="validateCallbackURILength" time="0.217" classname="org.fourthline.cling.test.model.IncompatibilityTest"/>
  <testcase name="validateIntelServiceId" time="0.0" classname="org.fourthline.cling.test.model.IncompatibilityTest"/>
  <testcase name="validateMSFTServiceType" time="0.0" classname="org.fourthline.cling.test.model.IncompatibilityTest"/>
  <testcase name="validatePSAudioBridgeServiceId" time="0.001" classname="org.fourthline.cling.test.model.IncompatibilityTest"/>
  <testcase name="validateSpacesInServiceType" time="0.0" classname="org.fourthline.cling.test.model.IncompatibilityTest"/>
</testsuite> <!-- Model -->
