<?xml version="1.0" encoding="UTF-8"?>
<!-- Generated by org.testng.reporters.JUnitXMLReporter -->
<testsuite hostname="Han-PC" name="SSDP" tests="25" failures="0" timestamp="29 Nov 2017 17:21:11 GMT" time="35.967" errors="0">
  <testcase name="sendAliveMessages" time="0.574" classname="org.fourthline.cling.test.ssdp.AdvertisementTest"/>
  <testcase name="sendByebyeMessages" time="0.568" classname="org.fourthline.cling.test.ssdp.AdvertisementTest"/>
  <testcase name="receiveEmbeddedTriggersUpdate" time="3.133" classname="org.fourthline.cling.test.ssdp.NotifyTest"/>
  <testcase name="receivedAlreadyKnownLocalUDN" time="0.237" classname="org.fourthline.cling.test.ssdp.NotifyTest"/>
  <testcase name="receivedByeBye" time="0.1" classname="org.fourthline.cling.test.ssdp.NotifyTest"/>
  <testcase name="receivedNoLocation" time="0.202" classname="org.fourthline.cling.test.ssdp.NotifyTest"/>
  <testcase name="receivedNoMaxAge" time="0.237" classname="org.fourthline.cling.test.ssdp.NotifyTest"/>
  <testcase name="receivedNoUDN" time="0.132" classname="org.fourthline.cling.test.ssdp.NotifyTest"/>
  <testcase name="addAndExpire" time="3.104" classname="org.fourthline.cling.test.ssdp.RegistryExpirationTest"/>
  <testcase name="addAndUpdateAndExpire" time="6.152" classname="org.fourthline.cling.test.ssdp.RegistryExpirationTest"/>
  <testcase name="addResourceAndExpire" time="4.149" classname="org.fourthline.cling.test.ssdp.RegistryExpirationTest"/>
  <testcase name="addResourceAndMaintain" time="2.134" classname="org.fourthline.cling.test.ssdp.RegistryExpirationTest"/>
  <testcase name="overrideAgeThenAddAndExpire" time="6.099" classname="org.fourthline.cling.test.ssdp.RegistryExpirationTest"/>
  <testcase name="receivedInvalidMX" time="0.131" classname="org.fourthline.cling.test.ssdp.SearchReceivedTest"/>
  <testcase name="receivedInvalidST" time="0.101" classname="org.fourthline.cling.test.ssdp.SearchReceivedTest"/>
  <testcase name="receivedNonAdvertised" time="0.714" classname="org.fourthline.cling.test.ssdp.SearchReceivedTest"/>
  <testcase name="receivedSearchAll" time="1.092" classname="org.fourthline.cling.test.ssdp.SearchReceivedTest"/>
  <testcase name="receivedSearchDeviceType" time="0.657" classname="org.fourthline.cling.test.ssdp.SearchReceivedTest"/>
  <testcase name="receivedSearchRoot" time="0.709" classname="org.fourthline.cling.test.ssdp.SearchReceivedTest"/>
  <testcase name="receivedSearchServiceType" time="0.739" classname="org.fourthline.cling.test.ssdp.SearchReceivedTest"/>
  <testcase name="receivedSearchUDN" time="1.001" classname="org.fourthline.cling.test.ssdp.SearchReceivedTest"/>
  <testcase name="receiveEmbeddedTriggersUpdate" time="3.14" classname="org.fourthline.cling.test.ssdp.SearchResponseTest"/>
  <testcase name="receivedAlreadyKnownLocalUDN" time="0.201" classname="org.fourthline.cling.test.ssdp.SearchResponseTest"/>
  <testcase name="receivedInvalidSearchResponses" time="0.444" classname="org.fourthline.cling.test.ssdp.SearchResponseTest"/>
  <testcase name="receivedValidResponse" time="0.204" classname="org.fourthline.cling.test.ssdp.SearchResponseTest"/>
</testsuite> <!-- SSDP -->
