<?xml version="1.0" encoding="UTF-8"?>
<!-- Generated by org.testng.reporters.JUnitXMLReporter -->
<testsuite hostname="Han-PC" name="SSDP" tests="25" failures="0" timestamp="20 Dec 2017 15:47:26 GMT" time="35.713" errors="0">
  <testcase name="sendAliveMessages" time="0.597" classname="org.fourthline.cling.test.ssdp.AdvertisementTest"/>
  <testcase name="sendByebyeMessages" time="0.59" classname="org.fourthline.cling.test.ssdp.AdvertisementTest"/>
  <testcase name="receiveEmbeddedTriggersUpdate" time="3.111" classname="org.fourthline.cling.test.ssdp.NotifyTest"/>
  <testcase name="receivedAlreadyKnownLocalUDN" time="0.303" classname="org.fourthline.cling.test.ssdp.NotifyTest"/>
  <testcase name="receivedByeBye" time="0.103" classname="org.fourthline.cling.test.ssdp.NotifyTest"/>
  <testcase name="receivedNoLocation" time="0.212" classname="org.fourthline.cling.test.ssdp.NotifyTest"/>
  <testcase name="receivedNoMaxAge" time="0.236" classname="org.fourthline.cling.test.ssdp.NotifyTest"/>
  <testcase name="receivedNoUDN" time="0.101" classname="org.fourthline.cling.test.ssdp.NotifyTest"/>
  <testcase name="addAndExpire" time="3.112" classname="org.fourthline.cling.test.ssdp.RegistryExpirationTest"/>
  <testcase name="addAndUpdateAndExpire" time="6.131" classname="org.fourthline.cling.test.ssdp.RegistryExpirationTest"/>
  <testcase name="addResourceAndExpire" time="4.145" classname="org.fourthline.cling.test.ssdp.RegistryExpirationTest"/>
  <testcase name="addResourceAndMaintain" time="2.131" classname="org.fourthline.cling.test.ssdp.RegistryExpirationTest"/>
  <testcase name="overrideAgeThenAddAndExpire" time="6.144" classname="org.fourthline.cling.test.ssdp.RegistryExpirationTest"/>
  <testcase name="receivedInvalidMX" time="0.238" classname="org.fourthline.cling.test.ssdp.SearchReceivedTest"/>
  <testcase name="receivedInvalidST" time="0.202" classname="org.fourthline.cling.test.ssdp.SearchReceivedTest"/>
  <testcase name="receivedNonAdvertised" time="0.551" classname="org.fourthline.cling.test.ssdp.SearchReceivedTest"/>
  <testcase name="receivedSearchAll" time="0.919" classname="org.fourthline.cling.test.ssdp.SearchReceivedTest"/>
  <testcase name="receivedSearchDeviceType" time="0.68" classname="org.fourthline.cling.test.ssdp.SearchReceivedTest"/>
  <testcase name="receivedSearchRoot" time="0.943" classname="org.fourthline.cling.test.ssdp.SearchReceivedTest"/>
  <testcase name="receivedSearchServiceType" time="0.151" classname="org.fourthline.cling.test.ssdp.SearchReceivedTest"/>
  <testcase name="receivedSearchUDN" time="0.779" classname="org.fourthline.cling.test.ssdp.SearchReceivedTest"/>
  <testcase name="receiveEmbeddedTriggersUpdate" time="3.214" classname="org.fourthline.cling.test.ssdp.SearchResponseTest"/>
  <testcase name="receivedAlreadyKnownLocalUDN" time="0.265" classname="org.fourthline.cling.test.ssdp.SearchResponseTest"/>
  <testcase name="receivedInvalidSearchResponses" time="0.429" classname="org.fourthline.cling.test.ssdp.SearchResponseTest"/>
  <testcase name="receivedValidResponse" time="0.415" classname="org.fourthline.cling.test.ssdp.SearchResponseTest"/>
</testsuite> <!-- SSDP -->
