<?xml version="1.0" encoding="UTF-8"?>
<testng-results skipped="0" failed="1" total="340" passed="339">
  <reporter-output>
  </reporter-output>
  <suite name="Cling Core - All Tests" duration-ms="74026" started-at="2017-11-29T17:20:18Z" finished-at="2017-11-29T17:21:32Z">
    <groups>
    </groups>
    <test name="Service" duration-ms="6" started-at="2017-11-29T17:20:18Z" finished-at="2017-11-29T17:20:18Z">
    </test> <!-- Service -->
    <test name="Model" duration-ms="566" started-at="2017-11-29T17:20:18Z" finished-at="2017-11-29T17:20:19Z">
      <class name="org.fourthline.cling.test.model.IconTest">
        <test-method status="PASS" signature="invalidIcons()[pri:0, instance:org.fourthline.cling.test.model.IconTest@ea639]" name="invalidIcons" duration-ms="2" started-at="2017-11-30T00:20:19Z" finished-at="2017-11-30T00:20:19Z">
          <reporter-output>
          </reporter-output>
        </test-method> <!-- invalidIcons -->
        <test-method status="PASS" signature="validIcons()[pri:0, instance:org.fourthline.cling.test.model.IconTest@ea639]" name="validIcons" duration-ms="9" started-at="2017-11-30T00:20:19Z" finished-at="2017-11-30T00:20:19Z">
          <reporter-output>
          </reporter-output>
        </test-method> <!-- validIcons -->
      </class> <!-- org.fourthline.cling.test.model.IconTest -->
      <class name="org.fourthline.cling.test.model.HeaderParsingTest">
        <test-method status="PASS" signature="parseCallbackHeaderString()[pri:0, instance:org.fourthline.cling.test.model.HeaderParsingTest@17f6480]" name="parseCallbackHeaderString" duration-ms="1" started-at="2017-11-30T00:20:19Z" finished-at="2017-11-30T00:20:19Z">
          <reporter-output>
          </reporter-output>
        </test-method> <!-- parseCallbackHeaderString -->
        <test-method status="PASS" signature="parseContentRange()[pri:0, instance:org.fourthline.cling.test.model.HeaderParsingTest@17f6480]" name="parseContentRange" duration-ms="1" started-at="2017-11-30T00:20:19Z" finished-at="2017-11-30T00:20:19Z">
          <reporter-output>
          </reporter-output>
        </test-method> <!-- parseContentRange -->
        <test-method status="PASS" signature="parseContentTypeHeader()[pri:0, instance:org.fourthline.cling.test.model.HeaderParsingTest@17f6480]" name="parseContentTypeHeader" duration-ms="1" started-at="2017-11-30T00:20:19Z" finished-at="2017-11-30T00:20:19Z">
          <reporter-output>
          </reporter-output>
        </test-method> <!-- parseContentTypeHeader -->
        <test-method status="PASS" signature="parseDeviceType()[pri:0, instance:org.fourthline.cling.test.model.HeaderParsingTest@17f6480]" name="parseDeviceType" duration-ms="1" started-at="2017-11-30T00:20:19Z" finished-at="2017-11-30T00:20:19Z">
          <reporter-output>
          </reporter-output>
        </test-method> <!-- parseDeviceType -->
        <test-method status="PASS" signature="parseDeviceTypeHeaderURI()[pri:0, instance:org.fourthline.cling.test.model.HeaderParsingTest@17f6480]" name="parseDeviceTypeHeaderURI" duration-ms="1" started-at="2017-11-30T00:20:19Z" finished-at="2017-11-30T00:20:19Z">
          <reporter-output>
          </reporter-output>
        </test-method> <!-- parseDeviceTypeHeaderURI -->
        <test-method status="PASS" signature="parseDeviceUSNHeader()[pri:0, instance:org.fourthline.cling.test.model.HeaderParsingTest@17f6480]" name="parseDeviceUSNHeader" duration-ms="1" started-at="2017-11-30T00:20:19Z" finished-at="2017-11-30T00:20:19Z">
          <reporter-output>
          </reporter-output>
        </test-method> <!-- parseDeviceUSNHeader -->
        <test-method status="PASS" signature="parseEventSequenceHeaderString()[pri:0, instance:org.fourthline.cling.test.model.HeaderParsingTest@17f6480]" name="parseEventSequenceHeaderString" duration-ms="1" started-at="2017-11-30T00:20:19Z" finished-at="2017-11-30T00:20:19Z">
          <reporter-output>
          </reporter-output>
        </test-method> <!-- parseEventSequenceHeaderString -->
        <test-method status="PASS" signature="parseDeviceUSNHeaderStatic()[pri:0, instance:org.fourthline.cling.test.model.HeaderParsingTest@17f6480]" name="parseDeviceUSNHeaderStatic" duration-ms="0" started-at="2017-11-30T00:20:19Z" finished-at="2017-11-30T00:20:19Z">
          <reporter-output>
          </reporter-output>
        </test-method> <!-- parseDeviceUSNHeaderStatic -->
        <test-method status="PASS" signature="parseHostHeader()[pri:0, instance:org.fourthline.cling.test.model.HeaderParsingTest@17f6480]" name="parseHostHeader" duration-ms="0" started-at="2017-11-30T00:20:19Z" finished-at="2017-11-30T00:20:19Z">
          <reporter-output>
          </reporter-output>
        </test-method> <!-- parseHostHeader -->
        <test-method status="PASS" signature="parseHostHeaderConstructor()[pri:0, instance:org.fourthline.cling.test.model.HeaderParsingTest@17f6480]" name="parseHostHeaderConstructor" duration-ms="0" started-at="2017-11-30T00:20:19Z" finished-at="2017-11-30T00:20:19Z">
          <reporter-output>
          </reporter-output>
        </test-method> <!-- parseHostHeaderConstructor -->
        <test-method status="PASS" signature="parseInterfaceMacAddress()[pri:0, instance:org.fourthline.cling.test.model.HeaderParsingTest@17f6480]" name="parseInterfaceMacAddress" duration-ms="0" started-at="2017-11-30T00:20:19Z" finished-at="2017-11-30T00:20:19Z">
          <reporter-output>
          </reporter-output>
        </test-method> <!-- parseInterfaceMacAddress -->
        <test-method status="PASS" signature="parseInvalidCallbackHeaderString()[pri:0, instance:org.fourthline.cling.test.model.HeaderParsingTest@17f6480]" name="parseInvalidCallbackHeaderString" duration-ms="7" started-at="2017-11-30T00:20:19Z" finished-at="2017-11-30T00:20:19Z">
          <reporter-output>
          </reporter-output>
        </test-method> <!-- parseInvalidCallbackHeaderString -->
        <test-method status="PASS" signature="parseInvalidDeviceTypeHeader()[pri:0, instance:org.fourthline.cling.test.model.HeaderParsingTest@17f6480]" name="parseInvalidDeviceTypeHeader" duration-ms="1" started-at="2017-11-30T00:20:19Z" finished-at="2017-11-30T00:20:19Z">
          <reporter-output>
          </reporter-output>
        </test-method> <!-- parseInvalidDeviceTypeHeader -->
        <test-method status="PASS" signature="parseInvalidDeviceUSNHeader()[pri:0, instance:org.fourthline.cling.test.model.HeaderParsingTest@17f6480]" name="parseInvalidDeviceUSNHeader" duration-ms="0" started-at="2017-11-30T00:20:19Z" finished-at="2017-11-30T00:20:19Z">
          <exception class="org.fourthline.cling.model.message.header.InvalidHeaderException">
            <message>
              <![CDATA[Invalid device USN header value, Can't parse UDN::DeviceType from: uuid:MY-DEVICE-123--urn:schemas-upnp-org:device:MY-DEVICE-TYPE:1]]>
            </message>
            <full-stacktrace>
              <![CDATA[org.fourthline.cling.model.message.header.InvalidHeaderException: Invalid device USN header value, Can't parse UDN::DeviceType from: uuid:MY-DEVICE-123--urn:schemas-upnp-org:device:MY-DEVICE-TYPE:1
	at org.fourthline.cling.model.message.header.DeviceUSNHeader.setString(DeviceUSNHeader.java:42)
	at org.fourthline.cling.test.model.HeaderParsingTest.parseInvalidDeviceUSNHeader(HeaderParsingTest.java:99)
	at sun.reflect.NativeMethodAccessorImpl.invoke0(Native Method)
	at sun.reflect.NativeMethodAccessorImpl.invoke(NativeMethodAccessorImpl.java:62)
	at sun.reflect.DelegatingMethodAccessorImpl.invoke(DelegatingMethodAccessorImpl.java:43)
	at java.lang.reflect.Method.invoke(Method.java:498)
	at org.testng.internal.MethodInvocationHelper.invokeMethod(MethodInvocationHelper.java:85)
	at org.testng.internal.Invoker.invokeMethod(Invoker.java:696)
	at org.testng.internal.Invoker.invokeTestMethod(Invoker.java:882)
	at org.testng.internal.Invoker.invokeTestMethods(Invoker.java:1189)
	at org.testng.internal.TestMethodWorker.invokeTestMethods(TestMethodWorker.java:124)
	at org.testng.internal.TestMethodWorker.run(TestMethodWorker.java:108)
	at org.testng.TestRunner.privateRun(TestRunner.java:767)
	at org.testng.TestRunner.run(TestRunner.java:617)
	at org.testng.SuiteRunner.runTest(SuiteRunner.java:348)
	at org.testng.SuiteRunner.runSequentially(SuiteRunner.java:343)
	at org.testng.SuiteRunner.privateRun(SuiteRunner.java:305)
	at org.testng.SuiteRunner.run(SuiteRunner.java:254)
	at org.testng.SuiteRunnerWorker.runSuite(SuiteRunnerWorker.java:52)
	at org.testng.SuiteRunnerWorker.run(SuiteRunnerWorker.java:86)
	at org.testng.TestNG.runSuitesSequentially(TestNG.java:1224)
	at org.testng.TestNG.runSuitesLocally(TestNG.java:1149)
	at org.testng.TestNG.run(TestNG.java:1057)
	at org.apache.maven.surefire.testng.TestNGExecutor.run(TestNGExecutor.java:295)
	at org.apache.maven.surefire.testng.TestNGXmlTestSuite.execute(TestNGXmlTestSuite.java:84)
	at org.apache.maven.surefire.testng.TestNGProvider.invoke(TestNGProvider.java:90)
	at org.apache.maven.surefire.booter.ForkedBooter.invokeProviderInSameClassLoader(ForkedBooter.java:203)
	at org.apache.maven.surefire.booter.ForkedBooter.runSuitesInProcess(ForkedBooter.java:155)
	at org.apache.maven.surefire.booter.ForkedBooter.main(ForkedBooter.java:103)
]]>
            </full-stacktrace>
          </exception> <!-- org.fourthline.cling.model.message.header.InvalidHeaderException -->
          <reporter-output>
          </reporter-output>
        </test-method> <!-- parseInvalidDeviceUSNHeader -->
        <test-method status="PASS" signature="parseInvalidEXTHeader()[pri:0, instance:org.fourthline.cling.test.model.HeaderParsingTest@17f6480]" name="parseInvalidEXTHeader" duration-ms="0" started-at="2017-11-30T00:20:19Z" finished-at="2017-11-30T00:20:19Z">
          <exception class="org.fourthline.cling.model.message.header.InvalidHeaderException">
            <message>
              <![CDATA[Invalid EXT header, it has no value: MUST BE EMPTY STRING]]>
            </message>
            <full-stacktrace>
              <![CDATA[org.fourthline.cling.model.message.header.InvalidHeaderException: Invalid EXT header, it has no value: MUST BE EMPTY STRING
	at org.fourthline.cling.model.message.header.EXTHeader.setString(EXTHeader.java:32)
	at org.fourthline.cling.test.model.HeaderParsingTest.parseInvalidEXTHeader(HeaderParsingTest.java:105)
	at sun.reflect.NativeMethodAccessorImpl.invoke0(Native Method)
	at sun.reflect.NativeMethodAccessorImpl.invoke(NativeMethodAccessorImpl.java:62)
	at sun.reflect.DelegatingMethodAccessorImpl.invoke(DelegatingMethodAccessorImpl.java:43)
	at java.lang.reflect.Method.invoke(Method.java:498)
	at org.testng.internal.MethodInvocationHelper.invokeMethod(MethodInvocationHelper.java:85)
	at org.testng.internal.Invoker.invokeMethod(Invoker.java:696)
	at org.testng.internal.Invoker.invokeTestMethod(Invoker.java:882)
	at org.testng.internal.Invoker.invokeTestMethods(Invoker.java:1189)
	at org.testng.internal.TestMethodWorker.invokeTestMethods(TestMethodWorker.java:124)
	at org.testng.internal.TestMethodWorker.run(TestMethodWorker.java:108)
	at org.testng.TestRunner.privateRun(TestRunner.java:767)
	at org.testng.TestRunner.run(TestRunner.java:617)
	at org.testng.SuiteRunner.runTest(SuiteRunner.java:348)
	at org.testng.SuiteRunner.runSequentially(SuiteRunner.java:343)
	at org.testng.SuiteRunner.privateRun(SuiteRunner.java:305)
	at org.testng.SuiteRunner.run(SuiteRunner.java:254)
	at org.testng.SuiteRunnerWorker.runSuite(SuiteRunnerWorker.java:52)
	at org.testng.SuiteRunnerWorker.run(SuiteRunnerWorker.java:86)
	at org.testng.TestNG.runSuitesSequentially(TestNG.java:1224)
	at org.testng.TestNG.runSuitesLocally(TestNG.java:1149)
	at org.testng.TestNG.run(TestNG.java:1057)
	at org.apache.maven.surefire.testng.TestNGExecutor.run(TestNGExecutor.java:295)
	at org.apache.maven.surefire.testng.TestNGXmlTestSuite.execute(TestNGXmlTestSuite.java:84)
	at org.apache.maven.surefire.testng.TestNGProvider.invoke(TestNGProvider.java:90)
	at org.apache.maven.surefire.booter.ForkedBooter.invokeProviderInSameClassLoader(ForkedBooter.java:203)
	at org.apache.maven.surefire.booter.ForkedBooter.runSuitesInProcess(ForkedBooter.java:155)
	at org.apache.maven.surefire.booter.ForkedBooter.main(ForkedBooter.java:103)
]]>
            </full-stacktrace>
          </exception> <!-- org.fourthline.cling.model.message.header.InvalidHeaderException -->
          <reporter-output>
          </reporter-output>
        </test-method> <!-- parseInvalidEXTHeader -->
        <test-method status="PASS" signature="parseInvalidHostHeader()[pri:0, instance:org.fourthline.cling.test.model.HeaderParsingTest@17f6480]" name="parseInvalidHostHeader" duration-ms="0" started-at="2017-11-30T00:20:19Z" finished-at="2017-11-30T00:20:19Z">
          <exception class="org.fourthline.cling.model.message.header.InvalidHeaderException">
            <message>
              <![CDATA[Invalid HOST header value, can't parse port: foo.bar:abc - For input string: "abc"]]>
            </message>
            <full-stacktrace>
              <![CDATA[org.fourthline.cling.model.message.header.InvalidHeaderException: Invalid HOST header value, can't parse port: foo.bar:abc - For input string: "abc"
	at org.fourthline.cling.model.message.header.HostHeader.setString(HostHeader.java:50)
	at org.fourthline.cling.test.model.HeaderParsingTest.parseInvalidHostHeader(HeaderParsingTest.java:139)
	at sun.reflect.NativeMethodAccessorImpl.invoke0(Native Method)
	at sun.reflect.NativeMethodAccessorImpl.invoke(NativeMethodAccessorImpl.java:62)
	at sun.reflect.DelegatingMethodAccessorImpl.invoke(DelegatingMethodAccessorImpl.java:43)
	at java.lang.reflect.Method.invoke(Method.java:498)
	at org.testng.internal.MethodInvocationHelper.invokeMethod(MethodInvocationHelper.java:85)
	at org.testng.internal.Invoker.invokeMethod(Invoker.java:696)
	at org.testng.internal.Invoker.invokeTestMethod(Invoker.java:882)
	at org.testng.internal.Invoker.invokeTestMethods(Invoker.java:1189)
	at org.testng.internal.TestMethodWorker.invokeTestMethods(TestMethodWorker.java:124)
	at org.testng.internal.TestMethodWorker.run(TestMethodWorker.java:108)
	at org.testng.TestRunner.privateRun(TestRunner.java:767)
	at org.testng.TestRunner.run(TestRunner.java:617)
	at org.testng.SuiteRunner.runTest(SuiteRunner.java:348)
	at org.testng.SuiteRunner.runSequentially(SuiteRunner.java:343)
	at org.testng.SuiteRunner.privateRun(SuiteRunner.java:305)
	at org.testng.SuiteRunner.run(SuiteRunner.java:254)
	at org.testng.SuiteRunnerWorker.runSuite(SuiteRunnerWorker.java:52)
	at org.testng.SuiteRunnerWorker.run(SuiteRunnerWorker.java:86)
	at org.testng.TestNG.runSuitesSequentially(TestNG.java:1224)
	at org.testng.TestNG.runSuitesLocally(TestNG.java:1149)
	at org.testng.TestNG.run(TestNG.java:1057)
	at org.apache.maven.surefire.testng.TestNGExecutor.run(TestNGExecutor.java:295)
	at org.apache.maven.surefire.testng.TestNGXmlTestSuite.execute(TestNGXmlTestSuite.java:84)
	at org.apache.maven.surefire.testng.TestNGProvider.invoke(TestNGProvider.java:90)
	at org.apache.maven.surefire.booter.ForkedBooter.invokeProviderInSameClassLoader(ForkedBooter.java:203)
	at org.apache.maven.surefire.booter.ForkedBooter.runSuitesInProcess(ForkedBooter.java:155)
	at org.apache.maven.surefire.booter.ForkedBooter.main(ForkedBooter.java:103)
]]>
            </full-stacktrace>
          </exception> <!-- org.fourthline.cling.model.message.header.InvalidHeaderException -->
          <reporter-output>
          </reporter-output>
        </test-method> <!-- parseInvalidHostHeader -->
        <test-method status="PASS" signature="parseInvalidLocationHeader()[pri:0, instance:org.fourthline.cling.test.model.HeaderParsingTest@17f6480]" name="parseInvalidLocationHeader" duration-ms="1" started-at="2017-11-30T00:20:19Z" finished-at="2017-11-30T00:20:19Z">
          <exception class="org.fourthline.cling.model.message.header.InvalidHeaderException">
            <message>
              <![CDATA[Invalid URI: unknown protocol: this]]>
            </message>
            <full-stacktrace>
              <![CDATA[org.fourthline.cling.model.message.header.InvalidHeaderException: Invalid URI: unknown protocol: this
	at org.fourthline.cling.model.message.header.LocationHeader.setString(LocationHeader.java:46)
	at org.fourthline.cling.test.model.HeaderParsingTest.parseInvalidLocationHeader(HeaderParsingTest.java:145)
	at sun.reflect.NativeMethodAccessorImpl.invoke0(Native Method)
	at sun.reflect.NativeMethodAccessorImpl.invoke(NativeMethodAccessorImpl.java:62)
	at sun.reflect.DelegatingMethodAccessorImpl.invoke(DelegatingMethodAccessorImpl.java:43)
	at java.lang.reflect.Method.invoke(Method.java:498)
	at org.testng.internal.MethodInvocationHelper.invokeMethod(MethodInvocationHelper.java:85)
	at org.testng.internal.Invoker.invokeMethod(Invoker.java:696)
	at org.testng.internal.Invoker.invokeTestMethod(Invoker.java:882)
	at org.testng.internal.Invoker.invokeTestMethods(Invoker.java:1189)
	at org.testng.internal.TestMethodWorker.invokeTestMethods(TestMethodWorker.java:124)
	at org.testng.internal.TestMethodWorker.run(TestMethodWorker.java:108)
	at org.testng.TestRunner.privateRun(TestRunner.java:767)
	at org.testng.TestRunner.run(TestRunner.java:617)
	at org.testng.SuiteRunner.runTest(SuiteRunner.java:348)
	at org.testng.SuiteRunner.runSequentially(SuiteRunner.java:343)
	at org.testng.SuiteRunner.privateRun(SuiteRunner.java:305)
	at org.testng.SuiteRunner.run(SuiteRunner.java:254)
	at org.testng.SuiteRunnerWorker.runSuite(SuiteRunnerWorker.java:52)
	at org.testng.SuiteRunnerWorker.run(SuiteRunnerWorker.java:86)
	at org.testng.TestNG.runSuitesSequentially(TestNG.java:1224)
	at org.testng.TestNG.runSuitesLocally(TestNG.java:1149)
	at org.testng.TestNG.run(TestNG.java:1057)
	at org.apache.maven.surefire.testng.TestNGExecutor.run(TestNGExecutor.java:295)
	at org.apache.maven.surefire.testng.TestNGXmlTestSuite.execute(TestNGXmlTestSuite.java:84)
	at org.apache.maven.surefire.testng.TestNGProvider.invoke(TestNGProvider.java:90)
	at org.apache.maven.surefire.booter.ForkedBooter.invokeProviderInSameClassLoader(ForkedBooter.java:203)
	at org.apache.maven.surefire.booter.ForkedBooter.runSuitesInProcess(ForkedBooter.java:155)
	at org.apache.maven.surefire.booter.ForkedBooter.main(ForkedBooter.java:103)
]]>
            </full-stacktrace>
          </exception> <!-- org.fourthline.cling.model.message.header.InvalidHeaderException -->
          <reporter-output>
          </reporter-output>
        </test-method> <!-- parseInvalidLocationHeader -->
        <test-method status="PASS" signature="parseInvalidMANHeader()[pri:0, instance:org.fourthline.cling.test.model.HeaderParsingTest@17f6480]" name="parseInvalidMANHeader" duration-ms="1" started-at="2017-11-30T00:20:19Z" finished-at="2017-11-30T00:20:19Z">
          <exception class="org.fourthline.cling.model.message.header.InvalidHeaderException">
            <message>
              <![CDATA[Invalid namespace in MAN header value: "foo.bar"; ns = baz]]>
            </message>
            <full-stacktrace>
              <![CDATA[org.fourthline.cling.model.message.header.InvalidHeaderException: Invalid namespace in MAN header value: "foo.bar"; ns = baz
	at org.fourthline.cling.model.message.header.MANHeader.setString(MANHeader.java:54)
	at org.fourthline.cling.test.model.HeaderParsingTest.parseInvalidMANHeader(HeaderParsingTest.java:151)
	at sun.reflect.NativeMethodAccessorImpl.invoke0(Native Method)
	at sun.reflect.NativeMethodAccessorImpl.invoke(NativeMethodAccessorImpl.java:62)
	at sun.reflect.DelegatingMethodAccessorImpl.invoke(DelegatingMethodAccessorImpl.java:43)
	at java.lang.reflect.Method.invoke(Method.java:498)
	at org.testng.internal.MethodInvocationHelper.invokeMethod(MethodInvocationHelper.java:85)
	at org.testng.internal.Invoker.invokeMethod(Invoker.java:696)
	at org.testng.internal.Invoker.invokeTestMethod(Invoker.java:882)
	at org.testng.internal.Invoker.invokeTestMethods(Invoker.java:1189)
	at org.testng.internal.TestMethodWorker.invokeTestMethods(TestMethodWorker.java:124)
	at org.testng.internal.TestMethodWorker.run(TestMethodWorker.java:108)
	at org.testng.TestRunner.privateRun(TestRunner.java:767)
	at org.testng.TestRunner.run(TestRunner.java:617)
	at org.testng.SuiteRunner.runTest(SuiteRunner.java:348)
	at org.testng.SuiteRunner.runSequentially(SuiteRunner.java:343)
	at org.testng.SuiteRunner.privateRun(SuiteRunner.java:305)
	at org.testng.SuiteRunner.run(SuiteRunner.java:254)
	at org.testng.SuiteRunnerWorker.runSuite(SuiteRunnerWorker.java:52)
	at org.testng.SuiteRunnerWorker.run(SuiteRunnerWorker.java:86)
	at org.testng.TestNG.runSuitesSequentially(TestNG.java:1224)
	at org.testng.TestNG.runSuitesLocally(TestNG.java:1149)
	at org.testng.TestNG.run(TestNG.java:1057)
	at org.apache.maven.surefire.testng.TestNGExecutor.run(TestNGExecutor.java:295)
	at org.apache.maven.surefire.testng.TestNGXmlTestSuite.execute(TestNGXmlTestSuite.java:84)
	at org.apache.maven.surefire.testng.TestNGProvider.invoke(TestNGProvider.java:90)
	at org.apache.maven.surefire.booter.ForkedBooter.invokeProviderInSameClassLoader(ForkedBooter.java:203)
	at org.apache.maven.surefire.booter.ForkedBooter.runSuitesInProcess(ForkedBooter.java:155)
	at org.apache.maven.surefire.booter.ForkedBooter.main(ForkedBooter.java:103)
]]>
            </full-stacktrace>
          </exception> <!-- org.fourthline.cling.model.message.header.InvalidHeaderException -->
          <reporter-output>
          </reporter-output>
        </test-method> <!-- parseInvalidMANHeader -->
        <test-method status="PASS" signature="parseInvalidMXHeader()[pri:0, instance:org.fourthline.cling.test.model.HeaderParsingTest@17f6480]" name="parseInvalidMXHeader" duration-ms="0" started-at="2017-11-30T00:20:19Z" finished-at="2017-11-30T00:20:19Z">
          <exception class="org.fourthline.cling.model.message.header.InvalidHeaderException">
            <message>
              <![CDATA[Can't parse MX seconds integer from: abc]]>
            </message>
            <full-stacktrace>
              <![CDATA[org.fourthline.cling.model.message.header.InvalidHeaderException: Can't parse MX seconds integer from: abc
	at org.fourthline.cling.model.message.header.MXHeader.setString(MXHeader.java:42)
	at org.fourthline.cling.test.model.HeaderParsingTest.parseInvalidMXHeader(HeaderParsingTest.java:200)
	at sun.reflect.NativeMethodAccessorImpl.invoke0(Native Method)
	at sun.reflect.NativeMethodAccessorImpl.invoke(NativeMethodAccessorImpl.java:62)
	at sun.reflect.DelegatingMethodAccessorImpl.invoke(DelegatingMethodAccessorImpl.java:43)
	at java.lang.reflect.Method.invoke(Method.java:498)
	at org.testng.internal.MethodInvocationHelper.invokeMethod(MethodInvocationHelper.java:85)
	at org.testng.internal.Invoker.invokeMethod(Invoker.java:696)
	at org.testng.internal.Invoker.invokeTestMethod(Invoker.java:882)
	at org.testng.internal.Invoker.invokeTestMethods(Invoker.java:1189)
	at org.testng.internal.TestMethodWorker.invokeTestMethods(TestMethodWorker.java:124)
	at org.testng.internal.TestMethodWorker.run(TestMethodWorker.java:108)
	at org.testng.TestRunner.privateRun(TestRunner.java:767)
	at org.testng.TestRunner.run(TestRunner.java:617)
	at org.testng.SuiteRunner.runTest(SuiteRunner.java:348)
	at org.testng.SuiteRunner.runSequentially(SuiteRunner.java:343)
	at org.testng.SuiteRunner.privateRun(SuiteRunner.java:305)
	at org.testng.SuiteRunner.run(SuiteRunner.java:254)
	at org.testng.SuiteRunnerWorker.runSuite(SuiteRunnerWorker.java:52)
	at org.testng.SuiteRunnerWorker.run(SuiteRunnerWorker.java:86)
	at org.testng.TestNG.runSuitesSequentially(TestNG.java:1224)
	at org.testng.TestNG.runSuitesLocally(TestNG.java:1149)
	at org.testng.TestNG.run(TestNG.java:1057)
	at org.apache.maven.surefire.testng.TestNGExecutor.run(TestNGExecutor.java:295)
	at org.apache.maven.surefire.testng.TestNGXmlTestSuite.execute(TestNGXmlTestSuite.java:84)
	at org.apache.maven.surefire.testng.TestNGProvider.invoke(TestNGProvider.java:90)
	at org.apache.maven.surefire.booter.ForkedBooter.invokeProviderInSameClassLoader(ForkedBooter.java:203)
	at org.apache.maven.surefire.booter.ForkedBooter.runSuitesInProcess(ForkedBooter.java:155)
	at org.apache.maven.surefire.booter.ForkedBooter.main(ForkedBooter.java:103)
]]>
            </full-stacktrace>
          </exception> <!-- org.fourthline.cling.model.message.header.InvalidHeaderException -->
          <reporter-output>
          </reporter-output>
        </test-method> <!-- parseInvalidMXHeader -->
        <test-method status="PASS" signature="parseInvalidMaxAgeHeader()[pri:0, instance:org.fourthline.cling.test.model.HeaderParsingTest@17f6480]" name="parseInvalidMaxAgeHeader" duration-ms="1" started-at="2017-11-30T00:20:19Z" finished-at="2017-11-30T00:20:19Z">
          <exception class="org.fourthline.cling.model.message.header.InvalidHeaderException">
            <message>
              <![CDATA[Invalid cache-control value, can't parse max-age seconds: max-foo=123]]>
            </message>
            <full-stacktrace>
              <![CDATA[org.fourthline.cling.model.message.header.InvalidHeaderException: Invalid cache-control value, can't parse max-age seconds: max-foo=123
	at org.fourthline.cling.model.message.header.MaxAgeHeader.setString(MaxAgeHeader.java:44)
	at org.fourthline.cling.test.model.HeaderParsingTest.parseInvalidMaxAgeHeader(HeaderParsingTest.java:182)
	at sun.reflect.NativeMethodAccessorImpl.invoke0(Native Method)
	at sun.reflect.NativeMethodAccessorImpl.invoke(NativeMethodAccessorImpl.java:62)
	at sun.reflect.DelegatingMethodAccessorImpl.invoke(DelegatingMethodAccessorImpl.java:43)
	at java.lang.reflect.Method.invoke(Method.java:498)
	at org.testng.internal.MethodInvocationHelper.invokeMethod(MethodInvocationHelper.java:85)
	at org.testng.internal.Invoker.invokeMethod(Invoker.java:696)
	at org.testng.internal.Invoker.invokeTestMethod(Invoker.java:882)
	at org.testng.internal.Invoker.invokeTestMethods(Invoker.java:1189)
	at org.testng.internal.TestMethodWorker.invokeTestMethods(TestMethodWorker.java:124)
	at org.testng.internal.TestMethodWorker.run(TestMethodWorker.java:108)
	at org.testng.TestRunner.privateRun(TestRunner.java:767)
	at org.testng.TestRunner.run(TestRunner.java:617)
	at org.testng.SuiteRunner.runTest(SuiteRunner.java:348)
	at org.testng.SuiteRunner.runSequentially(SuiteRunner.java:343)
	at org.testng.SuiteRunner.privateRun(SuiteRunner.java:305)
	at org.testng.SuiteRunner.run(SuiteRunner.java:254)
	at org.testng.SuiteRunnerWorker.runSuite(SuiteRunnerWorker.java:52)
	at org.testng.SuiteRunnerWorker.run(SuiteRunnerWorker.java:86)
	at org.testng.TestNG.runSuitesSequentially(TestNG.java:1224)
	at org.testng.TestNG.runSuitesLocally(TestNG.java:1149)
	at org.testng.TestNG.run(TestNG.java:1057)
	at org.apache.maven.surefire.testng.TestNGExecutor.run(TestNGExecutor.java:295)
	at org.apache.maven.surefire.testng.TestNGXmlTestSuite.execute(TestNGXmlTestSuite.java:84)
	at org.apache.maven.surefire.testng.TestNGProvider.invoke(TestNGProvider.java:90)
	at org.apache.maven.surefire.booter.ForkedBooter.invokeProviderInSameClassLoader(ForkedBooter.java:203)
	at org.apache.maven.surefire.booter.ForkedBooter.runSuitesInProcess(ForkedBooter.java:155)
	at org.apache.maven.surefire.booter.ForkedBooter.main(ForkedBooter.java:103)
]]>
            </full-stacktrace>
          </exception> <!-- org.fourthline.cling.model.message.header.InvalidHeaderException -->
          <reporter-output>
          </reporter-output>
        </test-method> <!-- parseInvalidMaxAgeHeader -->
        <test-method status="PASS" signature="parseInvalidNTSHeader()[pri:0, instance:org.fourthline.cling.test.model.HeaderParsingTest@17f6480]" name="parseInvalidNTSHeader" duration-ms="0" started-at="2017-11-30T00:20:19Z" finished-at="2017-11-30T00:20:19Z">
          <exception class="org.fourthline.cling.model.message.header.InvalidHeaderException">
            <message>
              <![CDATA[Invalid NTS header value: foo]]>
            </message>
            <full-stacktrace>
              <![CDATA[org.fourthline.cling.model.message.header.InvalidHeaderException: Invalid NTS header value: foo
	at org.fourthline.cling.model.message.header.NTSHeader.setString(NTSHeader.java:40)
	at org.fourthline.cling.test.model.HeaderParsingTest.parseInvalidNTSHeader(HeaderParsingTest.java:206)
	at sun.reflect.NativeMethodAccessorImpl.invoke0(Native Method)
	at sun.reflect.NativeMethodAccessorImpl.invoke(NativeMethodAccessorImpl.java:62)
	at sun.reflect.DelegatingMethodAccessorImpl.invoke(DelegatingMethodAccessorImpl.java:43)
	at java.lang.reflect.Method.invoke(Method.java:498)
	at org.testng.internal.MethodInvocationHelper.invokeMethod(MethodInvocationHelper.java:85)
	at org.testng.internal.Invoker.invokeMethod(Invoker.java:696)
	at org.testng.internal.Invoker.invokeTestMethod(Invoker.java:882)
	at org.testng.internal.Invoker.invokeTestMethods(Invoker.java:1189)
	at org.testng.internal.TestMethodWorker.invokeTestMethods(TestMethodWorker.java:124)
	at org.testng.internal.TestMethodWorker.run(TestMethodWorker.java:108)
	at org.testng.TestRunner.privateRun(TestRunner.java:767)
	at org.testng.TestRunner.run(TestRunner.java:617)
	at org.testng.SuiteRunner.runTest(SuiteRunner.java:348)
	at org.testng.SuiteRunner.runSequentially(SuiteRunner.java:343)
	at org.testng.SuiteRunner.privateRun(SuiteRunner.java:305)
	at org.testng.SuiteRunner.run(SuiteRunner.java:254)
	at org.testng.SuiteRunnerWorker.runSuite(SuiteRunnerWorker.java:52)
	at org.testng.SuiteRunnerWorker.run(SuiteRunnerWorker.java:86)
	at org.testng.TestNG.runSuitesSequentially(TestNG.java:1224)
	at org.testng.TestNG.runSuitesLocally(TestNG.java:1149)
	at org.testng.TestNG.run(TestNG.java:1057)
	at org.apache.maven.surefire.testng.TestNGExecutor.run(TestNGExecutor.java:295)
	at org.apache.maven.surefire.testng.TestNGXmlTestSuite.execute(TestNGXmlTestSuite.java:84)
	at org.apache.maven.surefire.testng.TestNGProvider.invoke(TestNGProvider.java:90)
	at org.apache.maven.surefire.booter.ForkedBooter.invokeProviderInSameClassLoader(ForkedBooter.java:203)
	at org.apache.maven.surefire.booter.ForkedBooter.runSuitesInProcess(ForkedBooter.java:155)
	at org.apache.maven.surefire.booter.ForkedBooter.main(ForkedBooter.java:103)
]]>
            </full-stacktrace>
          </exception> <!-- org.fourthline.cling.model.message.header.InvalidHeaderException -->
          <reporter-output>
          </reporter-output>
        </test-method> <!-- parseInvalidNTSHeader -->
        <test-method status="PASS" signature="parseInvalidRootDeviceHeader()[pri:0, instance:org.fourthline.cling.test.model.HeaderParsingTest@17f6480]" name="parseInvalidRootDeviceHeader" duration-ms="1" started-at="2017-11-30T00:20:19Z" finished-at="2017-11-30T00:20:19Z">
          <exception class="org.fourthline.cling.model.message.header.InvalidHeaderException">
            <message>
              <![CDATA[Invalid root device NT header value: upnp:foodevice]]>
            </message>
            <full-stacktrace>
              <![CDATA[org.fourthline.cling.model.message.header.InvalidHeaderException: Invalid root device NT header value: upnp:foodevice
	at org.fourthline.cling.model.message.header.RootDeviceHeader.setString(RootDeviceHeader.java:31)
	at org.fourthline.cling.test.model.HeaderParsingTest.parseInvalidRootDeviceHeader(HeaderParsingTest.java:212)
	at sun.reflect.NativeMethodAccessorImpl.invoke0(Native Method)
	at sun.reflect.NativeMethodAccessorImpl.invoke(NativeMethodAccessorImpl.java:62)
	at sun.reflect.DelegatingMethodAccessorImpl.invoke(DelegatingMethodAccessorImpl.java:43)
	at java.lang.reflect.Method.invoke(Method.java:498)
	at org.testng.internal.MethodInvocationHelper.invokeMethod(MethodInvocationHelper.java:85)
	at org.testng.internal.Invoker.invokeMethod(Invoker.java:696)
	at org.testng.internal.Invoker.invokeTestMethod(Invoker.java:882)
	at org.testng.internal.Invoker.invokeTestMethods(Invoker.java:1189)
	at org.testng.internal.TestMethodWorker.invokeTestMethods(TestMethodWorker.java:124)
	at org.testng.internal.TestMethodWorker.run(TestMethodWorker.java:108)
	at org.testng.TestRunner.privateRun(TestRunner.java:767)
	at org.testng.TestRunner.run(TestRunner.java:617)
	at org.testng.SuiteRunner.runTest(SuiteRunner.java:348)
	at org.testng.SuiteRunner.runSequentially(SuiteRunner.java:343)
	at org.testng.SuiteRunner.privateRun(SuiteRunner.java:305)
	at org.testng.SuiteRunner.run(SuiteRunner.java:254)
	at org.testng.SuiteRunnerWorker.runSuite(SuiteRunnerWorker.java:52)
	at org.testng.SuiteRunnerWorker.run(SuiteRunnerWorker.java:86)
	at org.testng.TestNG.runSuitesSequentially(TestNG.java:1224)
	at org.testng.TestNG.runSuitesLocally(TestNG.java:1149)
	at org.testng.TestNG.run(TestNG.java:1057)
	at org.apache.maven.surefire.testng.TestNGExecutor.run(TestNGExecutor.java:295)
	at org.apache.maven.surefire.testng.TestNGXmlTestSuite.execute(TestNGXmlTestSuite.java:84)
	at org.apache.maven.surefire.testng.TestNGProvider.invoke(TestNGProvider.java:90)
	at org.apache.maven.surefire.booter.ForkedBooter.invokeProviderInSameClassLoader(ForkedBooter.java:203)
	at org.apache.maven.surefire.booter.ForkedBooter.runSuitesInProcess(ForkedBooter.java:155)
	at org.apache.maven.surefire.booter.ForkedBooter.main(ForkedBooter.java:103)
]]>
            </full-stacktrace>
          </exception> <!-- org.fourthline.cling.model.message.header.InvalidHeaderException -->
          <reporter-output>
          </reporter-output>
        </test-method> <!-- parseInvalidRootDeviceHeader -->
        <test-method status="PASS" signature="parseInvalidSTAllHeader()[pri:0, instance:org.fourthline.cling.test.model.HeaderParsingTest@17f6480]" name="parseInvalidSTAllHeader" duration-ms="0" started-at="2017-11-30T00:20:19Z" finished-at="2017-11-30T00:20:19Z">
          <exception class="org.fourthline.cling.model.message.header.InvalidHeaderException">
            <message>
              <![CDATA[Invalid ST header value (not ALL): ssdp:foo]]>
            </message>
            <full-stacktrace>
              <![CDATA[org.fourthline.cling.model.message.header.InvalidHeaderException: Invalid ST header value (not ALL): ssdp:foo
	at org.fourthline.cling.model.message.header.STAllHeader.setString(STAllHeader.java:31)
	at org.fourthline.cling.test.model.HeaderParsingTest.parseInvalidSTAllHeader(HeaderParsingTest.java:334)
	at sun.reflect.NativeMethodAccessorImpl.invoke0(Native Method)
	at sun.reflect.NativeMethodAccessorImpl.invoke(NativeMethodAccessorImpl.java:62)
	at sun.reflect.DelegatingMethodAccessorImpl.invoke(DelegatingMethodAccessorImpl.java:43)
	at java.lang.reflect.Method.invoke(Method.java:498)
	at org.testng.internal.MethodInvocationHelper.invokeMethod(MethodInvocationHelper.java:85)
	at org.testng.internal.Invoker.invokeMethod(Invoker.java:696)
	at org.testng.internal.Invoker.invokeTestMethod(Invoker.java:882)
	at org.testng.internal.Invoker.invokeTestMethods(Invoker.java:1189)
	at org.testng.internal.TestMethodWorker.invokeTestMethods(TestMethodWorker.java:124)
	at org.testng.internal.TestMethodWorker.run(TestMethodWorker.java:108)
	at org.testng.TestRunner.privateRun(TestRunner.java:767)
	at org.testng.TestRunner.run(TestRunner.java:617)
	at org.testng.SuiteRunner.runTest(SuiteRunner.java:348)
	at org.testng.SuiteRunner.runSequentially(SuiteRunner.java:343)
	at org.testng.SuiteRunner.privateRun(SuiteRunner.java:305)
	at org.testng.SuiteRunner.run(SuiteRunner.java:254)
	at org.testng.SuiteRunnerWorker.runSuite(SuiteRunnerWorker.java:52)
	at org.testng.SuiteRunnerWorker.run(SuiteRunnerWorker.java:86)
	at org.testng.TestNG.runSuitesSequentially(TestNG.java:1224)
	at org.testng.TestNG.runSuitesLocally(TestNG.java:1149)
	at org.testng.TestNG.run(TestNG.java:1057)
	at org.apache.maven.surefire.testng.TestNGExecutor.run(TestNGExecutor.java:295)
	at org.apache.maven.surefire.testng.TestNGXmlTestSuite.execute(TestNGXmlTestSuite.java:84)
	at org.apache.maven.surefire.testng.TestNGProvider.invoke(TestNGProvider.java:90)
	at org.apache.maven.surefire.booter.ForkedBooter.invokeProviderInSameClassLoader(ForkedBooter.java:203)
	at org.apache.maven.surefire.booter.ForkedBooter.runSuitesInProcess(ForkedBooter.java:155)
	at org.apache.maven.surefire.booter.ForkedBooter.main(ForkedBooter.java:103)
]]>
            </full-stacktrace>
          </exception> <!-- org.fourthline.cling.model.message.header.InvalidHeaderException -->
          <reporter-output>
          </reporter-output>
        </test-method> <!-- parseInvalidSTAllHeader -->
        <test-method status="PASS" signature="parseInvalidServerHeader()[pri:0, instance:org.fourthline.cling.test.model.HeaderParsingTest@17f6480]" name="parseInvalidServerHeader" duration-ms="1" started-at="2017-11-30T00:20:19Z" finished-at="2017-11-30T00:20:19Z">
          <exception class="org.fourthline.cling.model.message.header.InvalidHeaderException">
            <message>
              <![CDATA[Missing 'UPnP/1.' in server information: foo/1 baz/123 bar/2]]>
            </message>
            <full-stacktrace>
              <![CDATA[org.fourthline.cling.model.message.header.InvalidHeaderException: Missing 'UPnP/1.' in server information: foo/1 baz/123 bar/2
	at org.fourthline.cling.model.message.header.ServerHeader.setString(ServerHeader.java:50)
	at org.fourthline.cling.test.model.HeaderParsingTest.parseInvalidServerHeader(HeaderParsingTest.java:271)
	at sun.reflect.NativeMethodAccessorImpl.invoke0(Native Method)
	at sun.reflect.NativeMethodAccessorImpl.invoke(NativeMethodAccessorImpl.java:62)
	at sun.reflect.DelegatingMethodAccessorImpl.invoke(DelegatingMethodAccessorImpl.java:43)
	at java.lang.reflect.Method.invoke(Method.java:498)
	at org.testng.internal.MethodInvocationHelper.invokeMethod(MethodInvocationHelper.java:85)
	at org.testng.internal.Invoker.invokeMethod(Invoker.java:696)
	at org.testng.internal.Invoker.invokeTestMethod(Invoker.java:882)
	at org.testng.internal.Invoker.invokeTestMethods(Invoker.java:1189)
	at org.testng.internal.TestMethodWorker.invokeTestMethods(TestMethodWorker.java:124)
	at org.testng.internal.TestMethodWorker.run(TestMethodWorker.java:108)
	at org.testng.TestRunner.privateRun(TestRunner.java:767)
	at org.testng.TestRunner.run(TestRunner.java:617)
	at org.testng.SuiteRunner.runTest(SuiteRunner.java:348)
	at org.testng.SuiteRunner.runSequentially(SuiteRunner.java:343)
	at org.testng.SuiteRunner.privateRun(SuiteRunner.java:305)
	at org.testng.SuiteRunner.run(SuiteRunner.java:254)
	at org.testng.SuiteRunnerWorker.runSuite(SuiteRunnerWorker.java:52)
	at org.testng.SuiteRunnerWorker.run(SuiteRunnerWorker.java:86)
	at org.testng.TestNG.runSuitesSequentially(TestNG.java:1224)
	at org.testng.TestNG.runSuitesLocally(TestNG.java:1149)
	at org.testng.TestNG.run(TestNG.java:1057)
	at org.apache.maven.surefire.testng.TestNGExecutor.run(TestNGExecutor.java:295)
	at org.apache.maven.surefire.testng.TestNGXmlTestSuite.execute(TestNGXmlTestSuite.java:84)
	at org.apache.maven.surefire.testng.TestNGProvider.invoke(TestNGProvider.java:90)
	at org.apache.maven.surefire.booter.ForkedBooter.invokeProviderInSameClassLoader(ForkedBooter.java:203)
	at org.apache.maven.surefire.booter.ForkedBooter.runSuitesInProcess(ForkedBooter.java:155)
	at org.apache.maven.surefire.booter.ForkedBooter.main(ForkedBooter.java:103)
]]>
            </full-stacktrace>
          </exception> <!-- org.fourthline.cling.model.message.header.InvalidHeaderException -->
          <reporter-output>
          </reporter-output>
        </test-method> <!-- parseInvalidServerHeader -->
        <test-method status="PASS" signature="parseInvalidServiceTypeHeader()[pri:0, instance:org.fourthline.cling.test.model.HeaderParsingTest@17f6480]" name="parseInvalidServiceTypeHeader" duration-ms="1" started-at="2017-11-30T00:20:19Z" finished-at="2017-11-30T00:20:19Z">
          <reporter-output>
          </reporter-output>
        </test-method> <!-- parseInvalidServiceTypeHeader -->
        <test-method status="PASS" signature="parseInvalidServiceUSNHeader()[pri:0, instance:org.fourthline.cling.test.model.HeaderParsingTest@17f6480]" name="parseInvalidServiceUSNHeader" duration-ms="1" started-at="2017-11-30T00:20:19Z" finished-at="2017-11-30T00:20:19Z">
          <exception class="org.fourthline.cling.model.message.header.InvalidHeaderException">
            <message>
              <![CDATA[Invalid service USN header value, Can't parse UDN::ServiceType from: uuid:MY-SERVICE-123--urn:schemas-upnp-org:service:MY-SERVICE-TYPE:1]]>
            </message>
            <full-stacktrace>
              <![CDATA[org.fourthline.cling.model.message.header.InvalidHeaderException: Invalid service USN header value, Can't parse UDN::ServiceType from: uuid:MY-SERVICE-123--urn:schemas-upnp-org:service:MY-SERVICE-TYPE:1
	at org.fourthline.cling.model.message.header.ServiceUSNHeader.setString(ServiceUSNHeader.java:42)
	at org.fourthline.cling.test.model.HeaderParsingTest.parseInvalidServiceUSNHeader(HeaderParsingTest.java:328)
	at sun.reflect.NativeMethodAccessorImpl.invoke0(Native Method)
	at sun.reflect.NativeMethodAccessorImpl.invoke(NativeMethodAccessorImpl.java:62)
	at sun.reflect.DelegatingMethodAccessorImpl.invoke(DelegatingMethodAccessorImpl.java:43)
	at java.lang.reflect.Method.invoke(Method.java:498)
	at org.testng.internal.MethodInvocationHelper.invokeMethod(MethodInvocationHelper.java:85)
	at org.testng.internal.Invoker.invokeMethod(Invoker.java:696)
	at org.testng.internal.Invoker.invokeTestMethod(Invoker.java:882)
	at org.testng.internal.Invoker.invokeTestMethods(Invoker.java:1189)
	at org.testng.internal.TestMethodWorker.invokeTestMethods(TestMethodWorker.java:124)
	at org.testng.internal.TestMethodWorker.run(TestMethodWorker.java:108)
	at org.testng.TestRunner.privateRun(TestRunner.java:767)
	at org.testng.TestRunner.run(TestRunner.java:617)
	at org.testng.SuiteRunner.runTest(SuiteRunner.java:348)
	at org.testng.SuiteRunner.runSequentially(SuiteRunner.java:343)
	at org.testng.SuiteRunner.privateRun(SuiteRunner.java:305)
	at org.testng.SuiteRunner.run(SuiteRunner.java:254)
	at org.testng.SuiteRunnerWorker.runSuite(SuiteRunnerWorker.java:52)
	at org.testng.SuiteRunnerWorker.run(SuiteRunnerWorker.java:86)
	at org.testng.TestNG.runSuitesSequentially(TestNG.java:1224)
	at org.testng.TestNG.runSuitesLocally(TestNG.java:1149)
	at org.testng.TestNG.run(TestNG.java:1057)
	at org.apache.maven.surefire.testng.TestNGExecutor.run(TestNGExecutor.java:295)
	at org.apache.maven.surefire.testng.TestNGXmlTestSuite.execute(TestNGXmlTestSuite.java:84)
	at org.apache.maven.surefire.testng.TestNGProvider.invoke(TestNGProvider.java:90)
	at org.apache.maven.surefire.booter.ForkedBooter.invokeProviderInSameClassLoader(ForkedBooter.java:203)
	at org.apache.maven.surefire.booter.ForkedBooter.runSuitesInProcess(ForkedBooter.java:155)
	at org.apache.maven.surefire.booter.ForkedBooter.main(ForkedBooter.java:103)
]]>
            </full-stacktrace>
          </exception> <!-- org.fourthline.cling.model.message.header.InvalidHeaderException -->
          <reporter-output>
          </reporter-output>
        </test-method> <!-- parseInvalidServiceUSNHeader -->
        <test-method status="PASS" signature="parseInvalidSubscriptionIdHeaderString()[pri:0, instance:org.fourthline.cling.test.model.HeaderParsingTest@17f6480]" name="parseInvalidSubscriptionIdHeaderString" duration-ms="1" started-at="2017-11-30T00:20:19Z" finished-at="2017-11-30T00:20:19Z">
          <exception class="org.fourthline.cling.model.message.header.InvalidHeaderException">
            <message>
              <![CDATA[Invalid subscription ID header value, must start with 'uuid:': abc:123-123-123-123]]>
            </message>
            <full-stacktrace>
              <![CDATA[org.fourthline.cling.model.message.header.InvalidHeaderException: Invalid subscription ID header value, must start with 'uuid:': abc:123-123-123-123
	at org.fourthline.cling.model.message.header.SubscriptionIdHeader.setString(SubscriptionIdHeader.java:34)
	at org.fourthline.cling.test.model.HeaderParsingTest.parseInvalidSubscriptionIdHeaderString(HeaderParsingTest.java:490)
	at sun.reflect.NativeMethodAccessorImpl.invoke0(Native Method)
	at sun.reflect.NativeMethodAccessorImpl.invoke(NativeMethodAccessorImpl.java:62)
	at sun.reflect.DelegatingMethodAccessorImpl.invoke(DelegatingMethodAccessorImpl.java:43)
	at java.lang.reflect.Method.invoke(Method.java:498)
	at org.testng.internal.MethodInvocationHelper.invokeMethod(MethodInvocationHelper.java:85)
	at org.testng.internal.Invoker.invokeMethod(Invoker.java:696)
	at org.testng.internal.Invoker.invokeTestMethod(Invoker.java:882)
	at org.testng.internal.Invoker.invokeTestMethods(Invoker.java:1189)
	at org.testng.internal.TestMethodWorker.invokeTestMethods(TestMethodWorker.java:124)
	at org.testng.internal.TestMethodWorker.run(TestMethodWorker.java:108)
	at org.testng.TestRunner.privateRun(TestRunner.java:767)
	at org.testng.TestRunner.run(TestRunner.java:617)
	at org.testng.SuiteRunner.runTest(SuiteRunner.java:348)
	at org.testng.SuiteRunner.runSequentially(SuiteRunner.java:343)
	at org.testng.SuiteRunner.privateRun(SuiteRunner.java:305)
	at org.testng.SuiteRunner.run(SuiteRunner.java:254)
	at org.testng.SuiteRunnerWorker.runSuite(SuiteRunnerWorker.java:52)
	at org.testng.SuiteRunnerWorker.run(SuiteRunnerWorker.java:86)
	at org.testng.TestNG.runSuitesSequentially(TestNG.java:1224)
	at org.testng.TestNG.runSuitesLocally(TestNG.java:1149)
	at org.testng.TestNG.run(TestNG.java:1057)
	at org.apache.maven.surefire.testng.TestNGExecutor.run(TestNGExecutor.java:295)
	at org.apache.maven.surefire.testng.TestNGXmlTestSuite.execute(TestNGXmlTestSuite.java:84)
	at org.apache.maven.surefire.testng.TestNGProvider.invoke(TestNGProvider.java:90)
	at org.apache.maven.surefire.booter.ForkedBooter.invokeProviderInSameClassLoader(ForkedBooter.java:203)
	at org.apache.maven.surefire.booter.ForkedBooter.runSuitesInProcess(ForkedBooter.java:155)
	at org.apache.maven.surefire.booter.ForkedBooter.main(ForkedBooter.java:103)
]]>
            </full-stacktrace>
          </exception> <!-- org.fourthline.cling.model.message.header.InvalidHeaderException -->
          <reporter-output>
          </reporter-output>
        </test-method> <!-- parseInvalidSubscriptionIdHeaderString -->
        <test-method status="PASS" signature="parseInvalidUDADeviceTypeHeader()[pri:0, instance:org.fourthline.cling.test.model.HeaderParsingTest@17f6480]" name="parseInvalidUDADeviceTypeHeader" duration-ms="0" started-at="2017-11-30T00:20:19Z" finished-at="2017-11-30T00:20:19Z">
          <exception class="org.fourthline.cling.model.message.header.InvalidHeaderException">
            <message>
              <![CDATA[Invalid UDA device type header value, Can't parse UDA device type string (namespace/type/version): urn:foo-bar:device:!@#:123]]>
            </message>
            <full-stacktrace>
              <![CDATA[org.fourthline.cling.model.message.header.InvalidHeaderException: Invalid UDA device type header value, Can't parse UDA device type string (namespace/type/version): urn:foo-bar:device:!@#:123
	at org.fourthline.cling.model.message.header.UDADeviceTypeHeader.setString(UDADeviceTypeHeader.java:44)
	at org.fourthline.cling.test.model.HeaderParsingTest.parseInvalidUDADeviceTypeHeader(HeaderParsingTest.java:340)
	at sun.reflect.NativeMethodAccessorImpl.invoke0(Native Method)
	at sun.reflect.NativeMethodAccessorImpl.invoke(NativeMethodAccessorImpl.java:62)
	at sun.reflect.DelegatingMethodAccessorImpl.invoke(DelegatingMethodAccessorImpl.java:43)
	at java.lang.reflect.Method.invoke(Method.java:498)
	at org.testng.internal.MethodInvocationHelper.invokeMethod(MethodInvocationHelper.java:85)
	at org.testng.internal.Invoker.invokeMethod(Invoker.java:696)
	at org.testng.internal.Invoker.invokeTestMethod(Invoker.java:882)
	at org.testng.internal.Invoker.invokeTestMethods(Invoker.java:1189)
	at org.testng.internal.TestMethodWorker.invokeTestMethods(TestMethodWorker.java:124)
	at org.testng.internal.TestMethodWorker.run(TestMethodWorker.java:108)
	at org.testng.TestRunner.privateRun(TestRunner.java:767)
	at org.testng.TestRunner.run(TestRunner.java:617)
	at org.testng.SuiteRunner.runTest(SuiteRunner.java:348)
	at org.testng.SuiteRunner.runSequentially(SuiteRunner.java:343)
	at org.testng.SuiteRunner.privateRun(SuiteRunner.java:305)
	at org.testng.SuiteRunner.run(SuiteRunner.java:254)
	at org.testng.SuiteRunnerWorker.runSuite(SuiteRunnerWorker.java:52)
	at org.testng.SuiteRunnerWorker.run(SuiteRunnerWorker.java:86)
	at org.testng.TestNG.runSuitesSequentially(TestNG.java:1224)
	at org.testng.TestNG.runSuitesLocally(TestNG.java:1149)
	at org.testng.TestNG.run(TestNG.java:1057)
	at org.apache.maven.surefire.testng.TestNGExecutor.run(TestNGExecutor.java:295)
	at org.apache.maven.surefire.testng.TestNGXmlTestSuite.execute(TestNGXmlTestSuite.java:84)
	at org.apache.maven.surefire.testng.TestNGProvider.invoke(TestNGProvider.java:90)
	at org.apache.maven.surefire.booter.ForkedBooter.invokeProviderInSameClassLoader(ForkedBooter.java:203)
	at org.apache.maven.surefire.booter.ForkedBooter.runSuitesInProcess(ForkedBooter.java:155)
	at org.apache.maven.surefire.booter.ForkedBooter.main(ForkedBooter.java:103)
]]>
            </full-stacktrace>
          </exception> <!-- org.fourthline.cling.model.message.header.InvalidHeaderException -->
          <reporter-output>
          </reporter-output>
        </test-method> <!-- parseInvalidUDADeviceTypeHeader -->
        <test-method status="PASS" signature="parseInvalidUDAServiceTypeHeader()[pri:0, instance:org.fourthline.cling.test.model.HeaderParsingTest@17f6480]" name="parseInvalidUDAServiceTypeHeader" duration-ms="1" started-at="2017-11-30T00:20:19Z" finished-at="2017-11-30T00:20:19Z">
          <exception class="org.fourthline.cling.model.message.header.InvalidHeaderException">
            <message>
              <![CDATA[Invalid UDA service type header value, Can't parse UDA service type string (namespace/type/version): urn:foo-bar:service:!@#:123]]>
            </message>
            <full-stacktrace>
              <![CDATA[org.fourthline.cling.model.message.header.InvalidHeaderException: Invalid UDA service type header value, Can't parse UDA service type string (namespace/type/version): urn:foo-bar:service:!@#:123
	at org.fourthline.cling.model.message.header.UDAServiceTypeHeader.setString(UDAServiceTypeHeader.java:43)
	at org.fourthline.cling.test.model.HeaderParsingTest.parseInvalidUDAServiceTypeHeader(HeaderParsingTest.java:355)
	at sun.reflect.NativeMethodAccessorImpl.invoke0(Native Method)
	at sun.reflect.NativeMethodAccessorImpl.invoke(NativeMethodAccessorImpl.java:62)
	at sun.reflect.DelegatingMethodAccessorImpl.invoke(DelegatingMethodAccessorImpl.java:43)
	at java.lang.reflect.Method.invoke(Method.java:498)
	at org.testng.internal.MethodInvocationHelper.invokeMethod(MethodInvocationHelper.java:85)
	at org.testng.internal.Invoker.invokeMethod(Invoker.java:696)
	at org.testng.internal.Invoker.invokeTestMethod(Invoker.java:882)
	at org.testng.internal.Invoker.invokeTestMethods(Invoker.java:1189)
	at org.testng.internal.TestMethodWorker.invokeTestMethods(TestMethodWorker.java:124)
	at org.testng.internal.TestMethodWorker.run(TestMethodWorker.java:108)
	at org.testng.TestRunner.privateRun(TestRunner.java:767)
	at org.testng.TestRunner.run(TestRunner.java:617)
	at org.testng.SuiteRunner.runTest(SuiteRunner.java:348)
	at org.testng.SuiteRunner.runSequentially(SuiteRunner.java:343)
	at org.testng.SuiteRunner.privateRun(SuiteRunner.java:305)
	at org.testng.SuiteRunner.run(SuiteRunner.java:254)
	at org.testng.SuiteRunnerWorker.runSuite(SuiteRunnerWorker.java:52)
	at org.testng.SuiteRunnerWorker.run(SuiteRunnerWorker.java:86)
	at org.testng.TestNG.runSuitesSequentially(TestNG.java:1224)
	at org.testng.TestNG.runSuitesLocally(TestNG.java:1149)
	at org.testng.TestNG.run(TestNG.java:1057)
	at org.apache.maven.surefire.testng.TestNGExecutor.run(TestNGExecutor.java:295)
	at org.apache.maven.surefire.testng.TestNGXmlTestSuite.execute(TestNGXmlTestSuite.java:84)
	at org.apache.maven.surefire.testng.TestNGProvider.invoke(TestNGProvider.java:90)
	at org.apache.maven.surefire.booter.ForkedBooter.invokeProviderInSameClassLoader(ForkedBooter.java:203)
	at org.apache.maven.surefire.booter.ForkedBooter.runSuitesInProcess(ForkedBooter.java:155)
	at org.apache.maven.surefire.booter.ForkedBooter.main(ForkedBooter.java:103)
]]>
            </full-stacktrace>
          </exception> <!-- org.fourthline.cling.model.message.header.InvalidHeaderException -->
          <reporter-output>
          </reporter-output>
        </test-method> <!-- parseInvalidUDAServiceTypeHeader -->
        <test-method status="PASS" signature="parseInvalidUDNHeaderURN()[pri:0, instance:org.fourthline.cling.test.model.HeaderParsingTest@17f6480]" name="parseInvalidUDNHeaderURN" duration-ms="0" started-at="2017-11-30T00:20:19Z" finished-at="2017-11-30T00:20:19Z">
          <exception class="org.fourthline.cling.model.message.header.InvalidHeaderException">
            <message>
              <![CDATA[Invalid UDA header value, must not contain '::urn': uuid:MY-UUID-1234::urn:foo-bar:baz]]>
            </message>
            <full-stacktrace>
              <![CDATA[org.fourthline.cling.model.message.header.InvalidHeaderException: Invalid UDA header value, must not contain '::urn': uuid:MY-UUID-1234::urn:foo-bar:baz
	at org.fourthline.cling.model.message.header.UDNHeader.setString(UDNHeader.java:38)
	at org.fourthline.cling.test.model.HeaderParsingTest.parseInvalidUDNHeaderURN(HeaderParsingTest.java:384)
	at sun.reflect.NativeMethodAccessorImpl.invoke0(Native Method)
	at sun.reflect.NativeMethodAccessorImpl.invoke(NativeMethodAccessorImpl.java:62)
	at sun.reflect.DelegatingMethodAccessorImpl.invoke(DelegatingMethodAccessorImpl.java:43)
	at java.lang.reflect.Method.invoke(Method.java:498)
	at org.testng.internal.MethodInvocationHelper.invokeMethod(MethodInvocationHelper.java:85)
	at org.testng.internal.Invoker.invokeMethod(Invoker.java:696)
	at org.testng.internal.Invoker.invokeTestMethod(Invoker.java:882)
	at org.testng.internal.Invoker.invokeTestMethods(Invoker.java:1189)
	at org.testng.internal.TestMethodWorker.invokeTestMethods(TestMethodWorker.java:124)
	at org.testng.internal.TestMethodWorker.run(TestMethodWorker.java:108)
	at org.testng.TestRunner.privateRun(TestRunner.java:767)
	at org.testng.TestRunner.run(TestRunner.java:617)
	at org.testng.SuiteRunner.runTest(SuiteRunner.java:348)
	at org.testng.SuiteRunner.runSequentially(SuiteRunner.java:343)
	at org.testng.SuiteRunner.privateRun(SuiteRunner.java:305)
	at org.testng.SuiteRunner.run(SuiteRunner.java:254)
	at org.testng.SuiteRunnerWorker.runSuite(SuiteRunnerWorker.java:52)
	at org.testng.SuiteRunnerWorker.run(SuiteRunnerWorker.java:86)
	at org.testng.TestNG.runSuitesSequentially(TestNG.java:1224)
	at org.testng.TestNG.runSuitesLocally(TestNG.java:1149)
	at org.testng.TestNG.run(TestNG.java:1057)
	at org.apache.maven.surefire.testng.TestNGExecutor.run(TestNGExecutor.java:295)
	at org.apache.maven.surefire.testng.TestNGXmlTestSuite.execute(TestNGXmlTestSuite.java:84)
	at org.apache.maven.surefire.testng.TestNGProvider.invoke(TestNGProvider.java:90)
	at org.apache.maven.surefire.booter.ForkedBooter.invokeProviderInSameClassLoader(ForkedBooter.java:203)
	at org.apache.maven.surefire.booter.ForkedBooter.runSuitesInProcess(ForkedBooter.java:155)
	at org.apache.maven.surefire.booter.ForkedBooter.main(ForkedBooter.java:103)
]]>
            </full-stacktrace>
          </exception> <!-- org.fourthline.cling.model.message.header.InvalidHeaderException -->
          <reporter-output>
          </reporter-output>
        </test-method> <!-- parseInvalidUDNHeaderURN -->
        <test-method status="PASS" signature="parseInvalidUDNHeaderPrefix()[pri:0, instance:org.fourthline.cling.test.model.HeaderParsingTest@17f6480]" name="parseInvalidUDNHeaderPrefix" duration-ms="0" started-at="2017-11-30T00:20:19Z" finished-at="2017-11-30T00:20:19Z">
          <exception class="org.fourthline.cling.model.message.header.InvalidHeaderException">
            <message>
              <![CDATA[Invalid UDA header value, must start with 'uuid:': MY-UUID-1234]]>
            </message>
            <full-stacktrace>
              <![CDATA[org.fourthline.cling.model.message.header.InvalidHeaderException: Invalid UDA header value, must start with 'uuid:': MY-UUID-1234
	at org.fourthline.cling.model.message.header.UDNHeader.setString(UDNHeader.java:34)
	at org.fourthline.cling.test.model.HeaderParsingTest.parseInvalidUDNHeaderPrefix(HeaderParsingTest.java:378)
	at sun.reflect.NativeMethodAccessorImpl.invoke0(Native Method)
	at sun.reflect.NativeMethodAccessorImpl.invoke(NativeMethodAccessorImpl.java:62)
	at sun.reflect.DelegatingMethodAccessorImpl.invoke(DelegatingMethodAccessorImpl.java:43)
	at java.lang.reflect.Method.invoke(Method.java:498)
	at org.testng.internal.MethodInvocationHelper.invokeMethod(MethodInvocationHelper.java:85)
	at org.testng.internal.Invoker.invokeMethod(Invoker.java:696)
	at org.testng.internal.Invoker.invokeTestMethod(Invoker.java:882)
	at org.testng.internal.Invoker.invokeTestMethods(Invoker.java:1189)
	at org.testng.internal.TestMethodWorker.invokeTestMethods(TestMethodWorker.java:124)
	at org.testng.internal.TestMethodWorker.run(TestMethodWorker.java:108)
	at org.testng.TestRunner.privateRun(TestRunner.java:767)
	at org.testng.TestRunner.run(TestRunner.java:617)
	at org.testng.SuiteRunner.runTest(SuiteRunner.java:348)
	at org.testng.SuiteRunner.runSequentially(SuiteRunner.java:343)
	at org.testng.SuiteRunner.privateRun(SuiteRunner.java:305)
	at org.testng.SuiteRunner.run(SuiteRunner.java:254)
	at org.testng.SuiteRunnerWorker.runSuite(SuiteRunnerWorker.java:52)
	at org.testng.SuiteRunnerWorker.run(SuiteRunnerWorker.java:86)
	at org.testng.TestNG.runSuitesSequentially(TestNG.java:1224)
	at org.testng.TestNG.runSuitesLocally(TestNG.java:1149)
	at org.testng.TestNG.run(TestNG.java:1057)
	at org.apache.maven.surefire.testng.TestNGExecutor.run(TestNGExecutor.java:295)
	at org.apache.maven.surefire.testng.TestNGXmlTestSuite.execute(TestNGXmlTestSuite.java:84)
	at org.apache.maven.surefire.testng.TestNGProvider.invoke(TestNGProvider.java:90)
	at org.apache.maven.surefire.booter.ForkedBooter.invokeProviderInSameClassLoader(ForkedBooter.java:203)
	at org.apache.maven.surefire.booter.ForkedBooter.runSuitesInProcess(ForkedBooter.java:155)
	at org.apache.maven.surefire.booter.ForkedBooter.main(ForkedBooter.java:103)
]]>
            </full-stacktrace>
          </exception> <!-- org.fourthline.cling.model.message.header.InvalidHeaderException -->
          <reporter-output>
          </reporter-output>
        </test-method> <!-- parseInvalidUDNHeaderPrefix -->
        <test-method status="PASS" signature="parseInvalidUSNRootDeviceHeader()[pri:0, instance:org.fourthline.cling.test.model.HeaderParsingTest@17f6480]" name="parseInvalidUSNRootDeviceHeader" duration-ms="1" started-at="2017-11-30T00:20:19Z" finished-at="2017-11-30T00:20:19Z">
          <exception class="org.fourthline.cling.model.message.header.InvalidHeaderException">
            <message>
              <![CDATA[Invalid root device USN header value, must start with 'uuid:' and end with '::upnp:rootdevice' but is 'uuid:MY-UUID-1234::upnp:rootfoo']]>
            </message>
            <full-stacktrace>
              <![CDATA[org.fourthline.cling.model.message.header.InvalidHeaderException: Invalid root device USN header value, must start with 'uuid:' and end with '::upnp:rootdevice' but is 'uuid:MY-UUID-1234::upnp:rootfoo'
	at org.fourthline.cling.model.message.header.USNRootDeviceHeader.setString(USNRootDeviceHeader.java:36)
	at org.fourthline.cling.test.model.HeaderParsingTest.parseInvalidUSNRootDeviceHeader(HeaderParsingTest.java:390)
	at sun.reflect.NativeMethodAccessorImpl.invoke0(Native Method)
	at sun.reflect.NativeMethodAccessorImpl.invoke(NativeMethodAccessorImpl.java:62)
	at sun.reflect.DelegatingMethodAccessorImpl.invoke(DelegatingMethodAccessorImpl.java:43)
	at java.lang.reflect.Method.invoke(Method.java:498)
	at org.testng.internal.MethodInvocationHelper.invokeMethod(MethodInvocationHelper.java:85)
	at org.testng.internal.Invoker.invokeMethod(Invoker.java:696)
	at org.testng.internal.Invoker.invokeTestMethod(Invoker.java:882)
	at org.testng.internal.Invoker.invokeTestMethods(Invoker.java:1189)
	at org.testng.internal.TestMethodWorker.invokeTestMethods(TestMethodWorker.java:124)
	at org.testng.internal.TestMethodWorker.run(TestMethodWorker.java:108)
	at org.testng.TestRunner.privateRun(TestRunner.java:767)
	at org.testng.TestRunner.run(TestRunner.java:617)
	at org.testng.SuiteRunner.runTest(SuiteRunner.java:348)
	at org.testng.SuiteRunner.runSequentially(SuiteRunner.java:343)
	at org.testng.SuiteRunner.privateRun(SuiteRunner.java:305)
	at org.testng.SuiteRunner.run(SuiteRunner.java:254)
	at org.testng.SuiteRunnerWorker.runSuite(SuiteRunnerWorker.java:52)
	at org.testng.SuiteRunnerWorker.run(SuiteRunnerWorker.java:86)
	at org.testng.TestNG.runSuitesSequentially(TestNG.java:1224)
	at org.testng.TestNG.runSuitesLocally(TestNG.java:1149)
	at org.testng.TestNG.run(TestNG.java:1057)
	at org.apache.maven.surefire.testng.TestNGExecutor.run(TestNGExecutor.java:295)
	at org.apache.maven.surefire.testng.TestNGXmlTestSuite.execute(TestNGXmlTestSuite.java:84)
	at org.apache.maven.surefire.testng.TestNGProvider.invoke(TestNGProvider.java:90)
	at org.apache.maven.surefire.booter.ForkedBooter.invokeProviderInSameClassLoader(ForkedBooter.java:203)
	at org.apache.maven.surefire.booter.ForkedBooter.runSuitesInProcess(ForkedBooter.java:155)
	at org.apache.maven.surefire.booter.ForkedBooter.main(ForkedBooter.java:103)
]]>
            </full-stacktrace>
          </exception> <!-- org.fourthline.cling.model.message.header.InvalidHeaderException -->
          <reporter-output>
          </reporter-output>
        </test-method> <!-- parseInvalidUSNRootDeviceHeader -->
        <test-method status="PASS" signature="parseMANHeaderNS()[pri:0, instance:org.fourthline.cling.test.model.HeaderParsingTest@17f6480]" name="parseMANHeaderNS" duration-ms="0" started-at="2017-11-30T00:20:19Z" finished-at="2017-11-30T00:20:19Z">
          <reporter-output>
          </reporter-output>
        </test-method> <!-- parseMANHeaderNS -->
        <test-method status="PASS" signature="parseMANHeaderNoNS()[pri:0, instance:org.fourthline.cling.test.model.HeaderParsingTest@17f6480]" name="parseMANHeaderNoNS" duration-ms="0" started-at="2017-11-30T00:20:19Z" finished-at="2017-11-30T00:20:19Z">
          <reporter-output>
          </reporter-output>
        </test-method> <!-- parseMANHeaderNoNS -->
        <test-method status="PASS" signature="parseMXHeader()[pri:0, instance:org.fourthline.cling.test.model.HeaderParsingTest@17f6480]" name="parseMXHeader" duration-ms="0" started-at="2017-11-30T00:20:19Z" finished-at="2017-11-30T00:20:19Z">
          <reporter-output>
          </reporter-output>
        </test-method> <!-- parseMXHeader -->
        <test-method status="PASS" signature="parseMaxAgeHeader()[pri:0, instance:org.fourthline.cling.test.model.HeaderParsingTest@17f6480]" name="parseMaxAgeHeader" duration-ms="0" started-at="2017-11-30T00:20:19Z" finished-at="2017-11-30T00:20:19Z">
          <reporter-output>
          </reporter-output>
        </test-method> <!-- parseMaxAgeHeader -->
        <test-method status="PASS" signature="parsePragma()[pri:0, instance:org.fourthline.cling.test.model.HeaderParsingTest@17f6480]" name="parsePragma" duration-ms="1" started-at="2017-11-30T00:20:19Z" finished-at="2017-11-30T00:20:19Z">
          <reporter-output>
          </reporter-output>
        </test-method> <!-- parsePragma -->
        <test-method status="PASS" signature="parseServerHeader()[pri:0, instance:org.fourthline.cling.test.model.HeaderParsingTest@17f6480]" name="parseServerHeader" duration-ms="1" started-at="2017-11-30T00:20:19Z" finished-at="2017-11-30T00:20:19Z">
          <reporter-output>
          </reporter-output>
        </test-method> <!-- parseServerHeader -->
        <test-method status="PASS" signature="parseRange()[pri:0, instance:org.fourthline.cling.test.model.HeaderParsingTest@17f6480]" name="parseRange" duration-ms="0" started-at="2017-11-30T00:20:19Z" finished-at="2017-11-30T00:20:19Z">
          <reporter-output>
          </reporter-output>
        </test-method> <!-- parseRange -->
        <test-method status="PASS" signature="parseServiceTypeHeaderURI()[pri:0, instance:org.fourthline.cling.test.model.HeaderParsingTest@17f6480]" name="parseServiceTypeHeaderURI" duration-ms="1" started-at="2017-11-30T00:20:19Z" finished-at="2017-11-30T00:20:19Z">
          <reporter-output>
          </reporter-output>
        </test-method> <!-- parseServiceTypeHeaderURI -->
        <test-method status="PASS" signature="parseServiceType()[pri:0, instance:org.fourthline.cling.test.model.HeaderParsingTest@17f6480]" name="parseServiceType" duration-ms="0" started-at="2017-11-30T00:20:19Z" finished-at="2017-11-30T00:20:19Z">
          <reporter-output>
          </reporter-output>
        </test-method> <!-- parseServiceType -->
        <test-method status="PASS" signature="parseServiceUSNHeader()[pri:0, instance:org.fourthline.cling.test.model.HeaderParsingTest@17f6480]" name="parseServiceUSNHeader" duration-ms="0" started-at="2017-11-30T00:20:19Z" finished-at="2017-11-30T00:20:19Z">
          <reporter-output>
          </reporter-output>
        </test-method> <!-- parseServiceUSNHeader -->
        <test-method status="PASS" signature="parseSoapActionHeader()[pri:0, instance:org.fourthline.cling.test.model.HeaderParsingTest@17f6480]" name="parseSoapActionHeader" duration-ms="2" started-at="2017-11-30T00:20:19Z" finished-at="2017-11-30T00:20:19Z">
          <reporter-output>
          </reporter-output>
        </test-method> <!-- parseSoapActionHeader -->
        <test-method status="PASS" signature="parseServiceUSNHeaderStatic()[pri:0, instance:org.fourthline.cling.test.model.HeaderParsingTest@17f6480]" name="parseServiceUSNHeaderStatic" duration-ms="0" started-at="2017-11-30T00:20:19Z" finished-at="2017-11-30T00:20:19Z">
          <reporter-output>
          </reporter-output>
        </test-method> <!-- parseServiceUSNHeaderStatic -->
        <test-method status="PASS" signature="parseSoapActionHeaderQueryString()[pri:0, instance:org.fourthline.cling.test.model.HeaderParsingTest@17f6480]" name="parseSoapActionHeaderQueryString" duration-ms="0" started-at="2017-11-30T00:20:19Z" finished-at="2017-11-30T00:20:19Z">
          <reporter-output>
          </reporter-output>
        </test-method> <!-- parseSoapActionHeaderQueryString -->
        <test-method status="PASS" signature="parseSoapActionHeaderString()[pri:0, instance:org.fourthline.cling.test.model.HeaderParsingTest@17f6480]" name="parseSoapActionHeaderString" duration-ms="0" started-at="2017-11-30T00:20:19Z" finished-at="2017-11-30T00:20:19Z">
          <reporter-output>
          </reporter-output>
        </test-method> <!-- parseSoapActionHeaderString -->
        <test-method status="PASS" signature="parseUDADeviceType()[pri:0, instance:org.fourthline.cling.test.model.HeaderParsingTest@17f6480]" name="parseUDADeviceType" duration-ms="1" started-at="2017-11-30T00:20:19Z" finished-at="2017-11-30T00:20:19Z">
          <reporter-output>
          </reporter-output>
        </test-method> <!-- parseUDADeviceType -->
        <test-method status="PASS" signature="parseTimeoutHeaderString()[pri:0, instance:org.fourthline.cling.test.model.HeaderParsingTest@17f6480]" name="parseTimeoutHeaderString" duration-ms="0" started-at="2017-11-30T00:20:19Z" finished-at="2017-11-30T00:20:19Z">
          <reporter-output>
          </reporter-output>
        </test-method> <!-- parseTimeoutHeaderString -->
        <test-method status="PASS" signature="parseSubscriptionIdHeaderString()[pri:0, instance:org.fourthline.cling.test.model.HeaderParsingTest@17f6480]" name="parseSubscriptionIdHeaderString" duration-ms="0" started-at="2017-11-30T00:20:19Z" finished-at="2017-11-30T00:20:19Z">
          <reporter-output>
          </reporter-output>
        </test-method> <!-- parseSubscriptionIdHeaderString -->
        <test-method status="PASS" signature="parseUDAServiceType()[pri:0, instance:org.fourthline.cling.test.model.HeaderParsingTest@17f6480]" name="parseUDAServiceType" duration-ms="0" started-at="2017-11-30T00:20:19Z" finished-at="2017-11-30T00:20:19Z">
          <reporter-output>
          </reporter-output>
        </test-method> <!-- parseUDAServiceType -->
        <test-method status="PASS" signature="parseUDADeviceTypeHeaderURI()[pri:0, instance:org.fourthline.cling.test.model.HeaderParsingTest@17f6480]" name="parseUDADeviceTypeHeaderURI" duration-ms="0" started-at="2017-11-30T00:20:19Z" finished-at="2017-11-30T00:20:19Z">
          <reporter-output>
          </reporter-output>
        </test-method> <!-- parseUDADeviceTypeHeaderURI -->
        <test-method status="PASS" signature="parseUDNHeader()[pri:0, instance:org.fourthline.cling.test.model.HeaderParsingTest@17f6480]" name="parseUDNHeader" duration-ms="0" started-at="2017-11-30T00:20:19Z" finished-at="2017-11-30T00:20:19Z">
          <reporter-output>
          </reporter-output>
        </test-method> <!-- parseUDNHeader -->
        <test-method status="PASS" signature="parseUDAServiceTypeHeaderURI()[pri:0, instance:org.fourthline.cling.test.model.HeaderParsingTest@17f6480]" name="parseUDAServiceTypeHeaderURI" duration-ms="0" started-at="2017-11-30T00:20:19Z" finished-at="2017-11-30T00:20:19Z">
          <reporter-output>
          </reporter-output>
        </test-method> <!-- parseUDAServiceTypeHeaderURI -->
      </class> <!-- org.fourthline.cling.test.model.HeaderParsingTest -->
      <class name="org.fourthline.cling.test.model.IncompatibilityTest">
        <test-method status="PASS" signature="invalidStateVarDefaultValue()[pri:0, instance:org.fourthline.cling.test.model.IncompatibilityTest@16e8792]" name="invalidStateVarDefaultValue" duration-ms="1" started-at="2017-11-30T00:20:19Z" finished-at="2017-11-30T00:20:19Z">
          <reporter-output>
          </reporter-output>
        </test-method> <!-- invalidStateVarDefaultValue -->
        <test-method status="PASS" signature="invalidIntegerValue()[pri:0, instance:org.fourthline.cling.test.model.IncompatibilityTest@16e8792]" name="invalidIntegerValue" duration-ms="0" started-at="2017-11-30T00:20:19Z" finished-at="2017-11-30T00:20:19Z">
          <reporter-output>
          </reporter-output>
        </test-method> <!-- invalidIntegerValue -->
        <test-method status="PASS" signature="parseBrokenServiceType()[pri:0, instance:org.fourthline.cling.test.model.IncompatibilityTest@16e8792]" name="parseBrokenServiceType" duration-ms="0" started-at="2017-11-30T00:20:19Z" finished-at="2017-11-30T00:20:19Z">
          <reporter-output>
          </reporter-output>
        </test-method> <!-- parseBrokenServiceType -->
        <test-method status="PASS" signature="parseBrokenServiceId()[pri:0, instance:org.fourthline.cling.test.model.IncompatibilityTest@16e8792]" name="parseBrokenServiceId" duration-ms="0" started-at="2017-11-30T00:20:19Z" finished-at="2017-11-30T00:20:19Z">
          <reporter-output>
          </reporter-output>
        </test-method> <!-- parseBrokenServiceId -->
        <test-method status="PASS" signature="parseCeytonInfiniTVServiceType()[pri:0, instance:org.fourthline.cling.test.model.IncompatibilityTest@16e8792]" name="parseCeytonInfiniTVServiceType" duration-ms="1" started-at="2017-11-30T00:20:19Z" finished-at="2017-11-30T00:20:19Z">
          <reporter-output>
          </reporter-output>
        </test-method> <!-- parseCeytonInfiniTVServiceType -->
        <test-method status="PASS" signature="parseEscientDeviceType()[pri:0, instance:org.fourthline.cling.test.model.IncompatibilityTest@16e8792]" name="parseEscientDeviceType" duration-ms="1" started-at="2017-11-30T00:20:19Z" finished-at="2017-11-30T00:20:19Z">
          <reporter-output>
          </reporter-output>
        </test-method> <!-- parseEscientDeviceType -->
        <test-method status="PASS" signature="parseEyeTVDeviceType()[pri:0, instance:org.fourthline.cling.test.model.IncompatibilityTest@16e8792]" name="parseEyeTVDeviceType" duration-ms="1" started-at="2017-11-30T00:20:19Z" finished-at="2017-11-30T00:20:19Z">
          <reporter-output>
          </reporter-output>
        </test-method> <!-- parseEyeTVDeviceType -->
        <test-method status="PASS" signature="parseEyeTVServiceType()[pri:0, instance:org.fourthline.cling.test.model.IncompatibilityTest@16e8792]" name="parseEyeTVServiceType" duration-ms="1" started-at="2017-11-30T00:20:19Z" finished-at="2017-11-30T00:20:19Z">
          <reporter-output>
          </reporter-output>
        </test-method> <!-- parseEyeTVServiceType -->
        <test-method status="PASS" signature="parseEyeconServiceId()[pri:0, instance:org.fourthline.cling.test.model.IncompatibilityTest@16e8792]" name="parseEyeconServiceId" duration-ms="1" started-at="2017-11-30T00:20:19Z" finished-at="2017-11-30T00:20:19Z">
          <reporter-output>
          </reporter-output>
        </test-method> <!-- parseEyeconServiceId -->
        <test-method status="PASS" signature="parseKodakServiceId()[pri:0, instance:org.fourthline.cling.test.model.IncompatibilityTest@16e8792]" name="parseKodakServiceId" duration-ms="1" started-at="2017-11-30T00:20:19Z" finished-at="2017-11-30T00:20:19Z">
          <reporter-output>
          </reporter-output>
        </test-method> <!-- parseKodakServiceId -->
        <test-method status="PASS" signature="parseInvalidDLNADoc()[pri:0, instance:org.fourthline.cling.test.model.IncompatibilityTest@16e8792]" name="parseInvalidDLNADoc" duration-ms="0" started-at="2017-11-30T00:20:19Z" finished-at="2017-11-30T00:20:19Z">
          <reporter-output>
          </reporter-output>
        </test-method> <!-- parseInvalidDLNADoc -->
        <test-method status="PASS" signature="parseServiceNameAsServiceId()[pri:0, instance:org.fourthline.cling.test.model.IncompatibilityTest@16e8792]" name="parseServiceNameAsServiceId" duration-ms="3" started-at="2017-11-30T00:20:19Z" finished-at="2017-11-30T00:20:19Z">
          <reporter-output>
          </reporter-output>
        </test-method> <!-- parseServiceNameAsServiceId -->
        <test-method status="PASS" signature="parseUDADeviceTypeFractions()[pri:0, instance:org.fourthline.cling.test.model.IncompatibilityTest@16e8792]" name="parseUDADeviceTypeFractions" duration-ms="0" started-at="2017-11-30T00:20:19Z" finished-at="2017-11-30T00:20:19Z">
          <reporter-output>
          </reporter-output>
        </test-method> <!-- parseUDADeviceTypeFractions -->
        <test-method status="PASS" signature="readColonRelativePaths()[pri:0, instance:org.fourthline.cling.test.model.IncompatibilityTest@16e8792]" name="readColonRelativePaths" duration-ms="11" started-at="2017-11-30T00:20:19Z" finished-at="2017-11-30T00:20:19Z">
          <reporter-output>
          </reporter-output>
        </test-method> <!-- readColonRelativePaths -->
        <test-method status="PASS" signature="switchedMinimumMaximumValueRange()[pri:0, instance:org.fourthline.cling.test.model.IncompatibilityTest@16e8792]" name="switchedMinimumMaximumValueRange" duration-ms="1" started-at="2017-11-30T00:20:19Z" finished-at="2017-11-30T00:20:19Z">
          <reporter-output>
          </reporter-output>
        </test-method> <!-- switchedMinimumMaximumValueRange -->
        <test-method status="PASS" signature="validateAzureusServiceId()[pri:0, instance:org.fourthline.cling.test.model.IncompatibilityTest@16e8792]" name="validateAzureusServiceId" duration-ms="1" started-at="2017-11-30T00:20:19Z" finished-at="2017-11-30T00:20:19Z">
          <reporter-output>
          </reporter-output>
        </test-method> <!-- validateAzureusServiceId -->
        <test-method status="PASS" signature="validateCallbackURILength()[pri:0, instance:org.fourthline.cling.test.model.IncompatibilityTest@16e8792]" name="validateCallbackURILength" duration-ms="217" started-at="2017-11-30T00:20:19Z" finished-at="2017-11-30T00:20:19Z">
          <reporter-output>
          </reporter-output>
        </test-method> <!-- validateCallbackURILength -->
        <test-method status="PASS" signature="validateMSFTServiceType()[pri:0, instance:org.fourthline.cling.test.model.IncompatibilityTest@16e8792]" name="validateMSFTServiceType" duration-ms="0" started-at="2017-11-30T00:20:19Z" finished-at="2017-11-30T00:20:19Z">
          <reporter-output>
          </reporter-output>
        </test-method> <!-- validateMSFTServiceType -->
        <test-method status="PASS" signature="validatePSAudioBridgeServiceId()[pri:0, instance:org.fourthline.cling.test.model.IncompatibilityTest@16e8792]" name="validatePSAudioBridgeServiceId" duration-ms="1" started-at="2017-11-30T00:20:19Z" finished-at="2017-11-30T00:20:19Z">
          <reporter-output>
          </reporter-output>
        </test-method> <!-- validatePSAudioBridgeServiceId -->
        <test-method status="PASS" signature="validateIntelServiceId()[pri:0, instance:org.fourthline.cling.test.model.IncompatibilityTest@16e8792]" name="validateIntelServiceId" duration-ms="0" started-at="2017-11-30T00:20:19Z" finished-at="2017-11-30T00:20:19Z">
          <reporter-output>
          </reporter-output>
        </test-method> <!-- validateIntelServiceId -->
        <test-method status="PASS" signature="validateSpacesInServiceType()[pri:0, instance:org.fourthline.cling.test.model.IncompatibilityTest@16e8792]" name="validateSpacesInServiceType" duration-ms="0" started-at="2017-11-30T00:20:19Z" finished-at="2017-11-30T00:20:19Z">
          <reporter-output>
          </reporter-output>
        </test-method> <!-- validateSpacesInServiceType -->
      </class> <!-- org.fourthline.cling.test.model.IncompatibilityTest -->
      <class name="org.fourthline.cling.test.model.UtilTest">
        <test-method status="PASS" signature="csvToString()[pri:0, instance:org.fourthline.cling.test.model.UtilTest@ac6e3]" name="csvToString" duration-ms="1" started-at="2017-11-30T00:20:19Z" finished-at="2017-11-30T00:20:19Z">
          <reporter-output>
          </reporter-output>
        </test-method> <!-- csvToString -->
        <test-method status="PASS" signature="parseInvalidTimeString()[pri:0, instance:org.fourthline.cling.test.model.UtilTest@ac6e3]" name="parseInvalidTimeString" duration-ms="0" started-at="2017-11-30T00:20:19Z" finished-at="2017-11-30T00:20:19Z">
          <exception class="java.lang.IllegalArgumentException">
            <message>
              <![CDATA[Can't parse time string: 00-00:11]]>
            </message>
            <full-stacktrace>
              <![CDATA[java.lang.IllegalArgumentException: Can't parse time string: 00-00:11
	at org.fourthline.cling.model.ModelUtil.fromTimeString(ModelUtil.java:192)
	at org.fourthline.cling.test.model.UtilTest.parseInvalidTimeString(UtilTest.java:280)
	at sun.reflect.NativeMethodAccessorImpl.invoke0(Native Method)
	at sun.reflect.NativeMethodAccessorImpl.invoke(NativeMethodAccessorImpl.java:62)
	at sun.reflect.DelegatingMethodAccessorImpl.invoke(DelegatingMethodAccessorImpl.java:43)
	at java.lang.reflect.Method.invoke(Method.java:498)
	at org.testng.internal.MethodInvocationHelper.invokeMethod(MethodInvocationHelper.java:85)
	at org.testng.internal.Invoker.invokeMethod(Invoker.java:696)
	at org.testng.internal.Invoker.invokeTestMethod(Invoker.java:882)
	at org.testng.internal.Invoker.invokeTestMethods(Invoker.java:1189)
	at org.testng.internal.TestMethodWorker.invokeTestMethods(TestMethodWorker.java:124)
	at org.testng.internal.TestMethodWorker.run(TestMethodWorker.java:108)
[...]
	at org.testng.internal.TestMethodWorker.run(TestMethodWorker.java:108)
	at org.testng.TestRunner.privateRun(TestRunner.java:767)
	at org.testng.TestRunner.run(TestRunner.java:617)
	at org.testng.SuiteRunner.runTest(SuiteRunner.java:348)
	at org.testng.SuiteRunner.runSequentially(SuiteRunner.java:343)
	at org.testng.SuiteRunner.privateRun(SuiteRunner.java:305)
	at org.testng.SuiteRunner.run(SuiteRunner.java:254)
	at org.testng.SuiteRunnerWorker.runSuite(SuiteRunnerWorker.java:52)
	at org.testng.SuiteRunnerWorker.run(SuiteRunnerWorker.java:86)
	at org.testng.TestNG.runSuitesSequentially(TestNG.java:1224)
	at org.testng.TestNG.runSuitesLocally(TestNG.java:1149)
	at org.testng.TestNG.run(TestNG.java:1057)
	at org.apache.maven.surefire.testng.TestNGExecutor.run(TestNGExecutor.java:295)
	at org.apache.maven.surefire.testng.TestNGXmlTestSuite.execute(TestNGXmlTestSuite.java:84)
	at org.apache.maven.surefire.testng.TestNGProvider.invoke(TestNGProvider.java:90)
	at org.apache.maven.surefire.booter.ForkedBooter.invokeProviderInSameClassLoader(ForkedBooter.java:203)
	at org.apache.maven.surefire.booter.ForkedBooter.runSuitesInProcess(ForkedBooter.java:155)
	at org.apache.maven.surefire.booter.ForkedBooter.main(ForkedBooter.java:103)
]]>
            </full-stacktrace>
          </exception> <!-- java.lang.IllegalArgumentException -->
          <reporter-output>
          </reporter-output>
        </test-method> <!-- findLocalDeviceInvalidRelativePath -->
      </class> <!-- example.registry.RegistryBrowseTest -->
      <class name="example.localservice.AllowedValueTest">
        <test-method status="PASS" signature="validateBinding(org.fourthline.cling.model.meta.LocalDevice)[pri:0, instance:example.localservice.AllowedValueTest@9ba398]" name="validateBinding" duration-ms="1" started-at="2017-11-30T00:21:29Z" data-provider="devices" finished-at="2017-11-30T00:21:29Z">
          <params>
            <param index="0">
              <value>
                <![CDATA[(LocalDevice) Identity: (DeviceIdentity) UDN: uuid:MY-DEVICE-123, Root: true]]>
              </value>
            </param>
          </params>
          <reporter-output>
          </reporter-output>
        </test-method> <!-- validateBinding -->
        <test-method status="PASS" signature="validateBinding(org.fourthline.cling.model.meta.LocalDevice)[pri:0, instance:example.localservice.AllowedValueTest@9ba398]" name="validateBinding" duration-ms="0" started-at="2017-11-30T00:21:29Z" data-provider="devices" finished-at="2017-11-30T00:21:29Z">
          <params>
            <param index="0">
              <value>
                <![CDATA[(LocalDevice) Identity: (DeviceIdentity) UDN: uuid:MY-DEVICE-123, Root: true]]>
              </value>
            </param>
          </params>
          <reporter-output>
          </reporter-output>
        </test-method> <!-- validateBinding -->
      </class> <!-- example.localservice.AllowedValueTest -->
      <class name="example.controlpoint.SearchExecuteTest">
        <test-method status="PASS" signature="searchAll()[pri:0, instance:example.controlpoint.SearchExecuteTest@286778]" name="searchAll" duration-ms="100" started-at="2017-11-30T00:21:31Z" finished-at="2017-11-30T00:21:31Z">
          <reporter-output>
          </reporter-output>
        </test-method> <!-- searchAll -->
        <test-method status="PASS" signature="searchDefaults()[pri:0, instance:example.controlpoint.SearchExecuteTest@286778]" name="searchDefaults" duration-ms="98" started-at="2017-11-30T00:21:31Z" finished-at="2017-11-30T00:21:31Z">
          <reporter-output>
          </reporter-output>
        </test-method> <!-- searchDefaults -->
        <test-method status="PASS" signature="searchDeviceType()[pri:0, instance:example.controlpoint.SearchExecuteTest@286778]" name="searchDeviceType" duration-ms="98" started-at="2017-11-30T00:21:31Z" finished-at="2017-11-30T00:21:32Z">
          <reporter-output>
          </reporter-output>
        </test-method> <!-- searchDeviceType -->
        <test-method status="PASS" signature="searchInvalidST()[pri:0, instance:example.controlpoint.SearchExecuteTest@286778]" name="searchInvalidST" duration-ms="95" started-at="2017-11-30T00:21:32Z" finished-at="2017-11-30T00:21:32Z">
          <exception class="java.lang.IllegalArgumentException">
            <message>
              <![CDATA[Given search target instance is not a valid header class for type ST: class org.fourthline.cling.model.message.header.MXHeader]]>
            </message>
            <full-stacktrace>
              <![CDATA[java.lang.IllegalArgumentException: Given search target instance is not a valid header class for type ST: class org.fourthline.cling.model.message.header.MXHeader
	at org.fourthline.cling.protocol.async.SendingSearch.<init>(SendingSearch.java:66)
	at org.fourthline.cling.protocol.async.SendingSearch.<init>(SendingSearch.java:55)
	at example.controlpoint.SearchExecuteTest.searchInvalidST(SearchExecuteTest.java:189)
	at sun.reflect.NativeMethodAccessorImpl.invoke0(Native Method)
	at sun.reflect.NativeMethodAccessorImpl.invoke(NativeMethodAccessorImpl.java:62)
	at sun.reflect.DelegatingMethodAccessorImpl.invoke(DelegatingMethodAccessorImpl.java:43)
	at java.lang.reflect.Method.invoke(Method.java:498)
	at org.testng.internal.MethodInvocationHelper.invokeMethod(MethodInvocationHelper.java:85)
	at org.testng.internal.Invoker.invokeMethod(Invoker.java:696)
	at org.testng.internal.Invoker.invokeTestMethod(Invoker.java:882)
	at org.testng.internal.Invoker.invokeTestMethods(Invoker.java:1189)
	at org.testng.internal.TestMethodWorker.invokeTestMethods(TestMethodWorker.java:124)
	at org.testng.internal.TestMethodWorker.run(TestMethodWorker.java:108)
	at org.testng.TestRunner.privateRun(TestRunner.java:767)
	at org.testng.TestRunner.run(TestRunner.java:617)
	at org.testng.SuiteRunner.runTest(SuiteRunner.java:348)
	at org.testng.SuiteRunner.runSequentially(SuiteRunner.java:343)
	at org.testng.SuiteRunner.privateRun(SuiteRunner.java:305)
	at org.testng.SuiteRunner.run(SuiteRunner.java:254)
	at org.testng.SuiteRunnerWorker.runSuite(SuiteRunnerWorker.java:52)
	at org.testng.SuiteRunnerWorker.run(SuiteRunnerWorker.java:86)
	at org.testng.TestNG.runSuitesSequentially(TestNG.java:1224)
	at org.testng.TestNG.runSuitesLocally(TestNG.java:1149)
	at org.testng.TestNG.run(TestNG.java:1057)
	at org.apache.maven.surefire.testng.TestNGExecutor.run(TestNGExecutor.java:295)
	at org.apache.maven.surefire.testng.TestNGXmlTestSuite.execute(TestNGXmlTestSuite.java:84)
	at org.apache.maven.surefire.testng.TestNGProvider.invoke(TestNGProvider.java:90)
	at org.apache.maven.surefire.booter.ForkedBooter.invokeProviderInSameClassLoader(ForkedBooter.java:203)
	at org.apache.maven.surefire.booter.ForkedBooter.runSuitesInProcess(ForkedBooter.java:155)
	at org.apache.maven.surefire.booter.ForkedBooter.main(ForkedBooter.java:103)
]]>
            </full-stacktrace>
          </exception> <!-- java.lang.IllegalArgumentException -->
          <reporter-output>
          </reporter-output>
        </test-method> <!-- searchInvalidST -->
        <test-method status="PASS" signature="searchRoot()[pri:0, instance:example.controlpoint.SearchExecuteTest@286778]" name="searchRoot" duration-ms="98" started-at="2017-11-30T00:21:32Z" finished-at="2017-11-30T00:21:32Z">
          <reporter-output>
          </reporter-output>
        </test-method> <!-- searchRoot -->
        <test-method status="PASS" signature="searchServiceType()[pri:0, instance:example.controlpoint.SearchExecuteTest@286778]" name="searchServiceType" duration-ms="98" started-at="2017-11-30T00:21:32Z" finished-at="2017-11-30T00:21:32Z">
          <reporter-output>
          </reporter-output>
        </test-method> <!-- searchServiceType -->
        <test-method status="PASS" signature="searchUDN()[pri:0, instance:example.controlpoint.SearchExecuteTest@286778]" name="searchUDN" duration-ms="99" started-at="2017-11-30T00:21:32Z" finished-at="2017-11-30T00:21:32Z">
          <reporter-output>
          </reporter-output>
        </test-method> <!-- searchUDN -->
      </class> <!-- example.controlpoint.SearchExecuteTest -->
      <class name="example.localservice.StringConvertibleTest">
        <test-method status="PASS" signature="invokeActions(org.fourthline.cling.model.meta.LocalDevice)[pri:0, instance:example.localservice.StringConvertibleTest@c273d3]" name="invokeActions" duration-ms="1" started-at="2017-11-30T00:21:32Z" data-provider="devices" finished-at="2017-11-30T00:21:32Z">
          <params>
            <param index="0">
              <value>
                <![CDATA[(LocalDevice) Identity: (DeviceIdentity) UDN: uuid:MY-DEVICE-123, Root: true]]>
              </value>
            </param>
          </params>
          <reporter-output>
          </reporter-output>
        </test-method> <!-- invokeActions -->
        <test-method status="PASS" signature="validateBinding(org.fourthline.cling.model.meta.LocalDevice)[pri:0, instance:example.localservice.StringConvertibleTest@c273d3]" name="validateBinding" duration-ms="0" started-at="2017-11-30T00:21:32Z" data-provider="devices" finished-at="2017-11-30T00:21:32Z">
          <params>
            <param index="0">
              <value>
                <![CDATA[(LocalDevice) Identity: (DeviceIdentity) UDN: uuid:MY-DEVICE-123, Root: true]]>
              </value>
            </param>
          </params>
          <reporter-output>
          </reporter-output>
        </test-method> <!-- validateBinding -->
      </class> <!-- example.localservice.StringConvertibleTest -->
      <class name="example.registry.RegistryListenerTest">
        <test-method status="PASS" signature="failureQuickstartListener()[pri:0, instance:example.registry.RegistryListenerTest@bca1e0]" name="failureQuickstartListener" duration-ms="111" started-at="2017-11-30T00:21:32Z" finished-at="2017-11-30T00:21:32Z">
          <reporter-output>
          </reporter-output>
        </test-method> <!-- failureQuickstartListener -->
        <test-method status="PASS" signature="quickstartListener()[pri:0, instance:example.registry.RegistryListenerTest@bca1e0]" name="quickstartListener" duration-ms="129" started-at="2017-11-30T00:21:32Z" finished-at="2017-11-30T00:21:32Z">
          <reporter-output>
          </reporter-output>
        </test-method> <!-- quickstartListener -->
        <test-method status="PASS" signature="regularListener()[pri:0, instance:example.registry.RegistryListenerTest@bca1e0]" name="regularListener" duration-ms="130" started-at="2017-11-30T00:21:32Z" finished-at="2017-11-30T00:21:32Z">
          <reporter-output>
          </reporter-output>
        </test-method> <!-- regularListener -->
      </class> <!-- example.registry.RegistryListenerTest -->
      <class name="example.controlpoint.EventSubscriptionTest">
        <test-method status="PASS" signature="subscriptionLifecycle()[pri:0, instance:example.controlpoint.EventSubscriptionTest@32be31]" name="subscriptionLifecycle" duration-ms="99" started-at="2017-11-30T00:21:31Z" finished-at="2017-11-30T00:21:31Z">
          <reporter-output>
          </reporter-output>
        </test-method> <!-- subscriptionLifecycle -->
      </class> <!-- example.controlpoint.EventSubscriptionTest -->
      <class name="example.controlpoint.ActionCancellationTest">
        <test-method status="PASS" signature="invokeActions(org.fourthline.cling.model.meta.LocalDevice)[pri:0, instance:example.controlpoint.ActionCancellationTest@17b4f4c]" name="invokeActions" duration-ms="1099" started-at="2017-11-30T00:21:28Z" data-provider="devices" finished-at="2017-11-30T00:21:29Z">
          <params>
            <param index="0">
              <value>
                <![CDATA[(LocalDevice) Identity: (DeviceIdentity) UDN: uuid:MY-DEVICE-123, Root: true]]>
              </value>
            </param>
          </params>
          <reporter-output>
          </reporter-output>
        </test-method> <!-- invokeActions -->
      </class> <!-- example.controlpoint.ActionCancellationTest -->
      <class name="example.binarylight.BinaryLightTest">
        <test-method status="PASS" signature="testClient()[pri:0, instance:example.binarylight.BinaryLightTest@1a5fe33]" name="testClient" duration-ms="299" started-at="2017-11-30T00:21:29Z" finished-at="2017-11-30T00:21:29Z">
          <reporter-output>
          </reporter-output>
        </test-method> <!-- testClient -->
        <test-method status="PASS" signature="testServer()[pri:0, instance:example.binarylight.BinaryLightTest@1a5fe33]" name="testServer" duration-ms="135" started-at="2017-11-30T00:21:29Z" finished-at="2017-11-30T00:21:29Z">
          <reporter-output>
          </reporter-output>
        </test-method> <!-- testServer -->
      </class> <!-- example.binarylight.BinaryLightTest -->
      <class name="example.controlpoint.ActionInvocationTest">
        <test-method status="PASS" signature="invokeActions(org.fourthline.cling.model.meta.LocalDevice)[pri:0, instance:example.controlpoint.ActionInvocationTest@398b7c]" name="invokeActions" duration-ms="100" started-at="2017-11-30T00:21:29Z" data-provider="devices" finished-at="2017-11-30T00:21:29Z">
          <params>
            <param index="0">
              <value>
                <![CDATA[(LocalDevice) Identity: (DeviceIdentity) UDN: uuid:MY-DEVICE-123, Root: true]]>
              </value>
            </param>
          </params>
          <reporter-output>
          </reporter-output>
        </test-method> <!-- invokeActions -->
        <test-method status="PASS" signature="invokeActions(org.fourthline.cling.model.meta.LocalDevice)[pri:0, instance:example.controlpoint.ActionInvocationTest@398b7c]" name="invokeActions" duration-ms="99" started-at="2017-11-30T00:21:29Z" data-provider="devices" finished-at="2017-11-30T00:21:30Z">
          <params>
            <param index="0">
              <value>
                <![CDATA[(LocalDevice) Identity: (DeviceIdentity) UDN: uuid:MY-DEVICE-123, Root: true]]>
              </value>
            </param>
          </params>
          <reporter-output>
          </reporter-output>
        </test-method> <!-- invokeActions -->
        <test-method status="PASS" signature="invokeActions(org.fourthline.cling.model.meta.LocalDevice)[pri:0, instance:example.controlpoint.ActionInvocationTest@398b7c]" name="invokeActions" duration-ms="99" started-at="2017-11-30T00:21:30Z" data-provider="devices" finished-at="2017-11-30T00:21:30Z">
          <params>
            <param index="0">
              <value>
                <![CDATA[(LocalDevice) Identity: (DeviceIdentity) UDN: uuid:MY-DEVICE-123, Root: true]]>
              </value>
            </param>
          </params>
          <reporter-output>
          </reporter-output>
        </test-method> <!-- invokeActions -->
        <test-method status="PASS" signature="invokeActionsWithAlias(org.fourthline.cling.model.meta.LocalDevice)[pri:0, instance:example.controlpoint.ActionInvocationTest@398b7c]" name="invokeActionsWithAlias" duration-ms="98" started-at="2017-11-30T00:21:30Z" data-provider="devices" finished-at="2017-11-30T00:21:30Z">
          <params>
            <param index="0">
              <value>
                <![CDATA[(LocalDevice) Identity: (DeviceIdentity) UDN: uuid:MY-DEVICE-123, Root: true]]>
              </value>
            </param>
          </params>
          <reporter-output>
          </reporter-output>
        </test-method> <!-- invokeActionsWithAlias -->
        <test-method status="PASS" signature="invokeActionsWithAlias(org.fourthline.cling.model.meta.LocalDevice)[pri:0, instance:example.controlpoint.ActionInvocationTest@398b7c]" name="invokeActionsWithAlias" duration-ms="100" started-at="2017-11-30T00:21:30Z" data-provider="devices" finished-at="2017-11-30T00:21:30Z">
          <params>
            <param index="0">
              <value>
                <![CDATA[(LocalDevice) Identity: (DeviceIdentity) UDN: uuid:MY-DEVICE-123, Root: true]]>
              </value>
            </param>
          </params>
          <reporter-output>
          </reporter-output>
        </test-method> <!-- invokeActionsWithAlias -->
        <test-method status="PASS" signature="invokeActionsWithAlias(org.fourthline.cling.model.meta.LocalDevice)[pri:0, instance:example.controlpoint.ActionInvocationTest@398b7c]" name="invokeActionsWithAlias" duration-ms="99" started-at="2017-11-30T00:21:30Z" data-provider="devices" finished-at="2017-11-30T00:21:30Z">
          <params>
            <param index="0">
              <value>
                <![CDATA[(LocalDevice) Identity: (DeviceIdentity) UDN: uuid:MY-DEVICE-123, Root: true]]>
              </value>
            </param>
          </params>
          <reporter-output>
          </reporter-output>
        </test-method> <!-- invokeActionsWithAlias -->
      </class> <!-- example.controlpoint.ActionInvocationTest -->
      <class name="example.localservice.AllowedValueRangeTest">
        <test-method status="PASS" signature="validateBinding(org.fourthline.cling.model.meta.LocalDevice)[pri:0, instance:example.localservice.AllowedValueRangeTest@7740a2]" name="validateBinding" duration-ms="0" started-at="2017-11-30T00:21:32Z" data-provider="devices" finished-at="2017-11-30T00:21:32Z">
          <params>
            <param index="0">
              <value>
                <![CDATA[(LocalDevice) Identity: (DeviceIdentity) UDN: uuid:MY-DEVICE-123, Root: true]]>
              </value>
            </param>
          </params>
          <reporter-output>
          </reporter-output>
        </test-method> <!-- validateBinding -->
        <test-method status="PASS" signature="validateBinding(org.fourthline.cling.model.meta.LocalDevice)[pri:0, instance:example.localservice.AllowedValueRangeTest@7740a2]" name="validateBinding" duration-ms="0" started-at="2017-11-30T00:21:32Z" data-provider="devices" finished-at="2017-11-30T00:21:32Z">
          <params>
            <param index="0">
              <value>
                <![CDATA[(LocalDevice) Identity: (DeviceIdentity) UDN: uuid:MY-DEVICE-123, Root: true]]>
              </value>
            </param>
          </params>
          <reporter-output>
          </reporter-output>
        </test-method> <!-- validateBinding -->
      </class> <!-- example.localservice.AllowedValueRangeTest -->
      <class name="example.localservice.EnumTest">
        <test-method status="PASS" signature="invokeActions(org.fourthline.cling.model.meta.LocalDevice)[pri:0, instance:example.localservice.EnumTest@1c6f14e]" name="invokeActions" duration-ms="0" started-at="2017-11-30T00:21:29Z" data-provider="devices" finished-at="2017-11-30T00:21:29Z">
          <params>
            <param index="0">
              <value>
                <![CDATA[(LocalDevice) Identity: (DeviceIdentity) UDN: uuid:MY-DEVICE-123, Root: true]]>
              </value>
            </param>
          </params>
          <reporter-output>
          </reporter-output>
        </test-method> <!-- invokeActions -->
        <test-method status="PASS" signature="validateBinding(org.fourthline.cling.model.meta.LocalDevice)[pri:0, instance:example.localservice.EnumTest@1c6f14e]" name="validateBinding" duration-ms="0" started-at="2017-11-30T00:21:29Z" data-provider="devices" finished-at="2017-11-30T00:21:29Z">
          <params>
            <param index="0">
              <value>
                <![CDATA[(LocalDevice) Identity: (DeviceIdentity) UDN: uuid:MY-DEVICE-123, Root: true]]>
              </value>
            </param>
          </params>
          <reporter-output>
          </reporter-output>
        </test-method> <!-- validateBinding -->
      </class> <!-- example.localservice.EnumTest -->
    </test> <!-- Examples -->
    <test name="Transport" duration-ms="0" started-at="2017-11-29T17:21:32Z" finished-at="2017-11-29T17:21:32Z">
    </test> <!-- Transport -->
  </suite> <!-- Cling Core - All Tests -->
</testng-results>
