<?xml version="1.0" encoding="UTF-8"?>
<testsuite name="TestSuite" time="65.855" tests="340" errors="0" skipped="0" failures="1">
  <properties>
[...]
</properties>
  <testcase name="parseRoundtrip" classname="org.fourthline.cling.test.model.DatagramParsingTest" time="0.111"/>
  <testcase name="readSource" classname="org.fourthline.cling.test.model.DatagramParsingTest" time="0.001"/>
  <testcase name="base64" classname="org.fourthline.cling.test.model.DatatypesTest" time="0.006"/>
  <testcase name="caseSensitivity" classname="org.fourthline.cling.test.model.DatatypesTest" time="0.001"/>
  <testcase name="dateAndTime" classname="org.fourthline.cling.test.model.DatatypesTest" time="0.007"/>
  <testcase name="dateAndTimeWithZone" classname="org.fourthline.cling.test.model.DatatypesTest" time="0.002"/>
  <testcase name="invalidUnsignedIntegersOne" classname="org.fourthline.cling.test.model.DatatypesTest" time="0.001"/>
  <testcase name="invalidUnsignedIntegersTwo" classname="org.fourthline.cling.test.model.DatatypesTest" time="0"/>
  <testcase name="parseDLNADoc" classname="org.fourthline.cling.test.model.DatatypesTest" time="0"/>
  <testcase name="signedIntegers" classname="org.fourthline.cling.test.model.DatatypesTest" time="0.001"/>
  <testcase name="simpleCSV" classname="org.fourthline.cling.test.model.DatatypesTest" time="0.007"/>
  <testcase name="time" classname="org.fourthline.cling.test.model.DatatypesTest" time="0"/>
  <testcase name="timeWithZone" classname="org.fourthline.cling.test.model.DatatypesTest" time="0.001"/>
  <testcase name="upperLowerCase" classname="org.fourthline.cling.test.model.DatatypesTest" time="0"/>
  <testcase name="validUnsignedIntegers" classname="org.fourthline.cling.test.model.DatatypesTest" time="0"/>
  <testcase name="valueOfDouble" classname="org.fourthline.cling.test.model.DatatypesTest" time="0.001"/>
  <testcase name="valueOfFloat" classname="org.fourthline.cling.test.model.DatatypesTest" time="0"/>
  <testcase name="validateBinding" classname="org.fourthline.cling.test.model.LocalServiceBindingDatatypesTest" time="0"/>
  <testcase name="headerRegexMatch" classname="org.fourthline.cling.test.model.profile.DeviceDetailsProviderTest" time="0.002"/>
  <testcase name="findDevicesWithDeviceType" classname="org.fourthline.cling.test.model.DeviceGraphTest" time="0.012"/>
  <testcase name="findDevicesWithUDN" classname="org.fourthline.cling.test.model.DeviceGraphTest" time="0.003"/>
  <testcase name="findEmbeddedDevices" classname="org.fourthline.cling.test.model.DeviceGraphTest" time="0"/>
  <testcase name="findRoot" classname="org.fourthline.cling.test.model.DeviceGraphTest" time="0.001"/>
  <testcase name="findServiceTypes" classname="org.fourthline.cling.test.model.DeviceGraphTest" time="0.003"/>
  <testcase name="findServicesAll" classname="org.fourthline.cling.test.model.DeviceGraphTest" time="0"/>
  <testcase name="findServicesFirst" classname="org.fourthline.cling.test.model.DeviceGraphTest" time="0.003"/>
  <testcase name="findServicesId" classname="org.fourthline.cling.test.model.DeviceGraphTest" time="0"/>
  <testcase name="findServicesType" classname="org.fourthline.cling.test.model.DeviceGraphTest" time="0"/>
  <testcase name="csvToString" classname="org.fourthline.cling.test.model.UtilTest" time="0"/>
  <testcase name="parseInvalidTimeString" classname="org.fourthline.cling.test.model.UtilTest" time="0"/>
  <testcase name="parseTimeStrings" classname="org.fourthline.cling.test.model.UtilTest" time="0.001"/>
  <testcase name="printDOM1" classname="org.fourthline.cling.test.model.UtilTest" time="0.046"/>
  <testcase name="printDOM2" classname="org.fourthline.cling.test.model.UtilTest" time="0.001"/>
  <testcase name="printDOM3" classname="org.fourthline.cling.test.model.UtilTest" time="0.001"/>
  <testcase name="printDOM4" classname="org.fourthline.cling.test.model.UtilTest" time="0.001"/>
  <testcase name="printDOM5" classname="org.fourthline.cling.test.model.UtilTest" time="0.006"/>
  <testcase name="printDOM6" classname="org.fourthline.cling.test.model.UtilTest" time="0"/>
  <testcase name="printDOM7" classname="org.fourthline.cling.test.model.UtilTest" time="0.001"/>
  <testcase name="stringToCsv" classname="org.fourthline.cling.test.model.UtilTest" time="0.001"/>
  <testcase name="validUDAName" classname="org.fourthline.cling.test.model.UtilTest" time="0"/>
  <testcase name="parseCallbackHeaderString" classname="org.fourthline.cling.test.model.HeaderParsingTest" time="0"/>
  <testcase name="parseContentRange" classname="org.fourthline.cling.test.model.HeaderParsingTest" time="0"/>
  <testcase name="parseContentTypeHeader" classname="org.fourthline.cling.test.model.HeaderParsingTest" time="0.001"/>
  <testcase name="parseDeviceType" classname="org.fourthline.cling.test.model.HeaderParsingTest" time="0"/>
  <testcase name="parseDeviceTypeHeaderURI" classname="org.fourthline.cling.test.model.HeaderParsingTest" time="0"/>
  <testcase name="parseDeviceUSNHeader" classname="org.fourthline.cling.test.model.HeaderParsingTest" time="0.001"/>
  <testcase name="parseDeviceUSNHeaderStatic" classname="org.fourthline.cling.test.model.HeaderParsingTest" time="0"/>
  <testcase name="parseEventSequenceHeaderString" classname="org.fourthline.cling.test.model.HeaderParsingTest" time="0"/>
  <testcase name="parseHostHeader" classname="org.fourthline.cling.test.model.HeaderParsingTest" time="0"/>
  <testcase name="parseHostHeaderConstructor" classname="org.fourthline.cling.test.model.HeaderParsingTest" time="0"/>
  <testcase name="parseInterfaceMacAddress" classname="org.fourthline.cling.test.model.HeaderParsingTest" time="0"/>
  <testcase name="parseInvalidCallbackHeaderString" classname="org.fourthline.cling.test.model.HeaderParsingTest" time="0.002"/>
  <testcase name="parseInvalidDeviceTypeHeader" classname="org.fourthline.cling.test.model.HeaderParsingTest" time="0"/>
  <testcase name="parseInvalidDeviceUSNHeader" classname="org.fourthline.cling.test.model.HeaderParsingTest" time="0"/>
  <testcase name="parseInvalidEXTHeader" classname="org.fourthline.cling.test.model.HeaderParsingTest" time="0"/>
  <testcase name="parseInvalidHostHeader" classname="org.fourthline.cling.test.model.HeaderParsingTest" time="0"/>
  <testcase name="parseInvalidLocationHeader" classname="org.fourthline.cling.test.model.HeaderParsingTest" time="0"/>
  <testcase name="parseInvalidMANHeader" classname="org.fourthline.cling.test.model.HeaderParsingTest" time="0.001"/>
  <testcase name="parseInvalidMXHeader" classname="org.fourthline.cling.test.model.HeaderParsingTest" time="0"/>
  <testcase name="parseInvalidMaxAgeHeader" classname="org.fourthline.cling.test.model.HeaderParsingTest" time="0"/>
  <testcase name="parseInvalidNTSHeader" classname="org.fourthline.cling.test.model.HeaderParsingTest" time="0"/>
  <testcase name="parseInvalidRootDeviceHeader" classname="org.fourthline.cling.test.model.HeaderParsingTest" time="0.001"/>
  <testcase name="parseInvalidSTAllHeader" classname="org.fourthline.cling.test.model.HeaderParsingTest" time="0"/>
  <testcase name="parseInvalidServerHeader" classname="org.fourthline.cling.test.model.HeaderParsingTest" time="0"/>
  <testcase name="parseInvalidServiceTypeHeader" classname="org.fourthline.cling.test.model.HeaderParsingTest" time="0.001"/>
  <testcase name="parseInvalidServiceUSNHeader" classname="org.fourthline.cling.test.model.HeaderParsingTest" time="0.001"/>
  <testcase name="parseInvalidSubscriptionIdHeaderString" classname="org.fourthline.cling.test.model.HeaderParsingTest" time="0"/>
  <testcase name="parseInvalidUDADeviceTypeHeader" classname="org.fourthline.cling.test.model.HeaderParsingTest" time="0"/>
  <testcase name="parseInvalidUDAServiceTypeHeader" classname="org.fourthline.cling.test.model.HeaderParsingTest" time="0.001"/>
  <testcase name="parseInvalidUDNHeaderPrefix" classname="org.fourthline.cling.test.model.HeaderParsingTest" time="0"/>
  <testcase name="parseInvalidUDNHeaderURN" classname="org.fourthline.cling.test.model.HeaderParsingTest" time="0"/>
  <testcase name="parseInvalidUSNRootDeviceHeader" classname="org.fourthline.cling.test.model.HeaderParsingTest" time="0"/>
  <testcase name="parseMANHeaderNS" classname="org.fourthline.cling.test.model.HeaderParsingTest" time="0"/>
  <testcase name="parseMANHeaderNoNS" classname="org.fourthline.cling.test.model.HeaderParsingTest" time="0"/>
  <testcase name="parseMXHeader" classname="org.fourthline.cling.test.model.HeaderParsingTest" time="0"/>
  <testcase name="parseMaxAgeHeader" classname="org.fourthline.cling.test.model.HeaderParsingTest" time="0.001"/>
  <testcase name="parsePragma" classname="org.fourthline.cling.test.model.HeaderParsingTest" time="0.001"/>
  <testcase name="parseRange" classname="org.fourthline.cling.test.model.HeaderParsingTest" time="0"/>
  <testcase name="parseServerHeader" classname="org.fourthline.cling.test.model.HeaderParsingTest" time="0.001"/>
  <testcase name="parseServiceType" classname="org.fourthline.cling.test.model.HeaderParsingTest" time="0"/>
  <testcase name="parseServiceTypeHeaderURI" classname="org.fourthline.cling.test.model.HeaderParsingTest" time="0"/>
  <testcase name="parseServiceUSNHeader" classname="org.fourthline.cling.test.model.HeaderParsingTest" time="0"/>
  <testcase name="parseServiceUSNHeaderStatic" classname="org.fourthline.cling.test.model.HeaderParsingTest" time="0"/>
  <testcase name="parseSoapActionHeader" classname="org.fourthline.cling.test.model.HeaderParsingTest" time="0.004"/>
  <testcase name="parseSoapActionHeaderQueryString" classname="org.fourthline.cling.test.model.HeaderParsingTest" time="0"/>
  <testcase name="parseSoapActionHeaderString" classname="org.fourthline.cling.test.model.HeaderParsingTest" time="0"/>
  <testcase name="parseSubscriptionIdHeaderString" classname="org.fourthline.cling.test.model.HeaderParsingTest" time="0"/>
  <testcase name="parseTimeoutHeaderString" classname="org.fourthline.cling.test.model.HeaderParsingTest" time="0"/>
  <testcase name="parseUDADeviceType" classname="org.fourthline.cling.test.model.HeaderParsingTest" time="0"/>
  <testcase name="parseUDADeviceTypeHeaderURI" classname="org.fourthline.cling.test.model.HeaderParsingTest" time="0"/>
  <testcase name="parseUDAServiceType" classname="org.fourthline.cling.test.model.HeaderParsingTest" time="0"/>
  <testcase name="parseUDAServiceTypeHeaderURI" classname="org.fourthline.cling.test.model.HeaderParsingTest" time="0"/>
  <testcase name="parseUDNHeader" classname="org.fourthline.cling.test.model.HeaderParsingTest" time="0"/>
  <testcase name="invalidIcons" classname="org.fourthline.cling.test.model.IconTest" time="0.002"/>
  <testcase name="validIcons" classname="org.fourthline.cling.test.model.IconTest" time="0.01"/>
  <testcase name="invalidIntegerValue" classname="org.fourthline.cling.test.model.IncompatibilityTest" time="0"/>
  <testcase name="invalidStateVarDefaultValue" classname="org.fourthline.cling.test.model.IncompatibilityTest" time="0.002"/>
  <testcase name="parseBrokenServiceId" classname="org.fourthline.cling.test.model.IncompatibilityTest" time="0"/>
  <testcase name="parseBrokenServiceType" classname="org.fourthline.cling.test.model.IncompatibilityTest" time="0.001"/>
  <testcase name="parseCeytonInfiniTVServiceType" classname="org.fourthline.cling.test.model.IncompatibilityTest" time="0.001"/>
  <testcase name="parseEscientDeviceType" classname="org.fourthline.cling.test.model.IncompatibilityTest" time="0.001"/>
  <testcase name="parseEyeTVDeviceType" classname="org.fourthline.cling.test.model.IncompatibilityTest" time="0.001"/>
  <testcase name="parseEyeTVServiceType" classname="org.fourthline.cling.test.model.IncompatibilityTest" time="0.029"/>
  <testcase name="parseEyeconServiceId" classname="org.fourthline.cling.test.model.IncompatibilityTest" time="0"/>
  <testcase name="parseInvalidDLNADoc" classname="org.fourthline.cling.test.model.IncompatibilityTest" time="0"/>
  <testcase name="parseKodakServiceId" classname="org.fourthline.cling.test.model.IncompatibilityTest" time="0"/>
  <testcase name="parseServiceNameAsServiceId" classname="org.fourthline.cling.test.model.IncompatibilityTest" time="0"/>
  <testcase name="parseUDADeviceTypeFractions" classname="org.fourthline.cling.test.model.IncompatibilityTest" time="0"/>
  <testcase name="readColonRelativePaths" classname="org.fourthline.cling.test.model.IncompatibilityTest" time="0"/>
  <testcase name="switchedMinimumMaximumValueRange" classname="org.fourthline.cling.test.model.IncompatibilityTest" time="0"/>
  <testcase name="validateAzureusServiceId" classname="org.fourthline.cling.test.model.IncompatibilityTest" time="0"/>
  <testcase name="validateCallbackURILength" classname="org.fourthline.cling.test.model.IncompatibilityTest" time="0.21"/>
  <testcase name="validateIntelServiceId" classname="org.fourthline.cling.test.model.IncompatibilityTest" time="0"/>
  <testcase name="validateMSFTServiceType" classname="org.fourthline.cling.test.model.IncompatibilityTest" time="0"/>
  <testcase name="validatePSAudioBridgeServiceId" classname="org.fourthline.cling.test.model.IncompatibilityTest" time="0"/>
  <testcase name="validateSpacesInServiceType" classname="org.fourthline.cling.test.model.IncompatibilityTest" time="0.001"/>
  <testcase name="invokeActions" classname="org.fourthline.cling.test.local.LocalActionInvocationCSVTest" time="0.003"/>
  <testcase name="invokeActions" classname="org.fourthline.cling.test.local.LocalActionInvocationDatatypesTest" time="0.007"/>
  <testcase name="invokeActions" classname="org.fourthline.cling.test.local.LocalActionInvocationEnumTest" time="0"/>
  <testcase name="invokeActions" classname="org.fourthline.cling.test.local.LocalActionInvocationEnumTest" time="0.001"/>
  <testcase name="invokeActions" classname="org.fourthline.cling.test.local.LocalActionInvocationEnumTest" time="0.001"/>
  <testcase name="invokeActions" classname="org.fourthline.cling.test.local.LocalActionInvocationNullTest" time="0.003"/>
  <testcase name="byeByeBeforeAlive" classname="org.fourthline.cling.test.local.LocalDeviceBindingAdvertisementTest" time="2.624"/>
  <testcase name="registerLocalDevice" classname="org.fourthline.cling.test.local.LocalDeviceBindingAdvertisementTest" time="2.608"/>
  <testcase name="registerNonAdvertisedLocalDevice" classname="org.fourthline.cling.test.local.LocalDeviceBindingAdvertisementTest" time="2.574"/>
  <testcase name="waitForAliveFlood" classname="org.fourthline.cling.test.local.LocalDeviceBindingAdvertisementTest" time="5.635"/>
  <testcase name="waitForRefresh" classname="org.fourthline.cling.test.local.LocalDeviceBindingAdvertisementTest" time="2.133">
    <failure message="expected [true] but found [false]" type="java.lang.AssertionError">java.lang.AssertionError: expected [true] but found [false]
	at org.testng.Assert.fail(Assert.java:94)
	at org.testng.Assert.failNotEquals(Assert.java:494)
	at org.testng.Assert.assertTrue(Assert.java:42)
	at org.testng.Assert.assertTrue(Assert.java:52)
	at org.fourthline.cling.test.local.LocalDeviceBindingAdvertisementTest.waitForRefresh(LocalDeviceBindingAdvertisementTest.java:111)
</failure>
  </testcase>
  <testcase name="sendAliveMessages" classname="org.fourthline.cling.test.ssdp.AdvertisementTest" time="0.577"/>
  <testcase name="sendByebyeMessages" classname="org.fourthline.cling.test.ssdp.AdvertisementTest" time="0.566"/>
  <testcase name="receiveEmbeddedTriggersUpdate" classname="org.fourthline.cling.test.ssdp.NotifyTest" time="3.134"/>
  <testcase name="receivedAlreadyKnownLocalUDN" classname="org.fourthline.cling.test.ssdp.NotifyTest" time="0.237"/>
  <testcase name="receivedByeBye" classname="org.fourthline.cling.test.ssdp.NotifyTest" time="0.1"/>
  <testcase name="receivedNoLocation" classname="org.fourthline.cling.test.ssdp.NotifyTest" time="0.202"/>
  <testcase name="receivedNoMaxAge" classname="org.fourthline.cling.test.ssdp.NotifyTest" time="0.236"/>
  <testcase name="receivedNoUDN" classname="org.fourthline.cling.test.ssdp.NotifyTest" time="0.131"/>
  <testcase name="addAndExpire" classname="org.fourthline.cling.test.ssdp.RegistryExpirationTest" time="3.104"/>
  <testcase name="addAndUpdateAndExpire" classname="org.fourthline.cling.test.ssdp.RegistryExpirationTest" time="6.151"/>
  <testcase name="addResourceAndExpire" classname="org.fourthline.cling.test.ssdp.RegistryExpirationTest" time="4.148"/>
  <testcase name="addResourceAndMaintain" classname="org.fourthline.cling.test.ssdp.RegistryExpirationTest" time="2.133"/>
  <testcase name="overrideAgeThenAddAndExpire" classname="org.fourthline.cling.test.ssdp.RegistryExpirationTest" time="6.1"/>
  <testcase name="receivedInvalidMX" classname="org.fourthline.cling.test.ssdp.SearchReceivedTest" time="0.13"/>
  <testcase name="receivedInvalidST" classname="org.fourthline.cling.test.ssdp.SearchReceivedTest" time="0.101"/>
  <testcase name="receivedNonAdvertised" classname="org.fourthline.cling.test.ssdp.SearchReceivedTest" time="0.714"/>
  <testcase name="receivedSearchAll" classname="org.fourthline.cling.test.ssdp.SearchReceivedTest" time="1.091"/>
  <testcase name="receivedSearchDeviceType" classname="org.fourthline.cling.test.ssdp.SearchReceivedTest" time="0.656"/>
  <testcase name="receivedSearchRoot" classname="org.fourthline.cling.test.ssdp.SearchReceivedTest" time="0.709"/>
  <testcase name="receivedSearchServiceType" classname="org.fourthline.cling.test.ssdp.SearchReceivedTest" time="0.742"/>
  <testcase name="receivedSearchUDN" classname="org.fourthline.cling.test.ssdp.SearchReceivedTest" time="0.998"/>
  <testcase name="receiveEmbeddedTriggersUpdate" classname="org.fourthline.cling.test.ssdp.SearchResponseTest" time="3.14"/>
  <testcase name="receivedAlreadyKnownLocalUDN" classname="org.fourthline.cling.test.ssdp.SearchResponseTest" time="0.2"/>
  <testcase name="receivedInvalidSearchResponses" classname="org.fourthline.cling.test.ssdp.SearchResponseTest" time="0.444"/>
  <testcase name="receivedValidResponse" classname="org.fourthline.cling.test.ssdp.SearchResponseTest" time="0.205"/>
  <testcase name="registerAndRetrieveDescriptor" classname="org.fourthline.cling.test.resources.DeviceDescriptorRetrievalTest" time="0.101"/>
  <testcase name="retrieveNonExistentDescriptor" classname="org.fourthline.cling.test.resources.DeviceDescriptorRetrievalTest" time="0.099"/>
  <testcase name="readDefault" classname="org.fourthline.cling.test.resources.InvalidUDA10DeviceDescriptorParsingTest" time="0.106"/>
  <testcase name="readDefault" classname="org.fourthline.cling.test.resources.InvalidUDA10DeviceDescriptorParsingTest" time="0.086"/>
  <testcase name="readDefault" classname="org.fourthline.cling.test.resources.InvalidUDA10DeviceDescriptorParsingTest" time="0.112"/>
  <testcase name="readDefault" classname="org.fourthline.cling.test.resources.InvalidUDA10DeviceDescriptorParsingTest" time="0.107"/>
  <testcase name="readDefault" classname="org.fourthline.cling.test.resources.InvalidUDA10DeviceDescriptorParsingTest" time="0.103"/>
  <testcase name="readDefault" classname="org.fourthline.cling.test.resources.InvalidUDA10DeviceDescriptorParsingTest" time="0.113"/>
  <testcase name="readDefault" classname="org.fourthline.cling.test.resources.InvalidUDA10DeviceDescriptorParsingTest" time="0.102"/>
  <testcase name="readDefault" classname="org.fourthline.cling.test.resources.InvalidUDA10DeviceDescriptorParsingTest" time="0.086"/>
  <testcase name="readDefault" classname="org.fourthline.cling.test.resources.InvalidUDA10DeviceDescriptorParsingTest" time="0.104"/>
  <testcase name="readDefault" classname="org.fourthline.cling.test.resources.InvalidUDA10DeviceDescriptorParsingTest" time="0.128"/>
  <testcase name="readDefault" classname="org.fourthline.cling.test.resources.InvalidUDA10DeviceDescriptorParsingTest" time="0.108"/>
  <testcase name="readDefault" classname="org.fourthline.cling.test.resources.InvalidUDA10DeviceDescriptorParsingTest" time="0.102"/>
  <testcase name="readDefault" classname="org.fourthline.cling.test.resources.InvalidUDA10DeviceDescriptorParsingTest" time="0.096"/>
  <testcase name="readDefault" classname="org.fourthline.cling.test.resources.InvalidUDA10DeviceDescriptorParsingTest" time="0.096"/>
  <testcase name="readFailure" classname="org.fourthline.cling.test.resources.InvalidUDA10DeviceDescriptorParsingTest" time="0.12"/>
  <testcase name="readFailure" classname="org.fourthline.cling.test.resources.InvalidUDA10DeviceDescriptorParsingTest" time="0.103"/>
  <testcase name="readFailure" classname="org.fourthline.cling.test.resources.InvalidUDA10DeviceDescriptorParsingTest" time="0.099"/>
  <testcase name="readFailure" classname="org.fourthline.cling.test.resources.InvalidUDA10DeviceDescriptorParsingTest" time="0.081"/>
  <testcase name="readRecovering" classname="org.fourthline.cling.test.resources.InvalidUDA10DeviceDescriptorParsingTest" time="0.104"/>
  <testcase name="readRecovering" classname="org.fourthline.cling.test.resources.InvalidUDA10DeviceDescriptorParsingTest" time="0.077"/>
  <testcase name="readRecovering" classname="org.fourthline.cling.test.resources.InvalidUDA10DeviceDescriptorParsingTest" time="0.112"/>
  <testcase name="readRecovering" classname="org.fourthline.cling.test.resources.InvalidUDA10DeviceDescriptorParsingTest" time="0.115"/>
  <testcase name="readRecoveringFailure" classname="org.fourthline.cling.test.resources.InvalidUDA10DeviceDescriptorParsingTest" time="0.109"/>
  <testcase name="readRecoveringFailure" classname="org.fourthline.cling.test.resources.InvalidUDA10DeviceDescriptorParsingTest" time="0.102"/>
  <testcase name="readRecoveringFailure" classname="org.fourthline.cling.test.resources.InvalidUDA10DeviceDescriptorParsingTest" time="0.086"/>
  <testcase name="readRecoveringFailure" classname="org.fourthline.cling.test.resources.InvalidUDA10DeviceDescriptorParsingTest" time="0.099"/>
  <testcase name="readRecoveringFailure" classname="org.fourthline.cling.test.resources.InvalidUDA10DeviceDescriptorParsingTest" time="0.103"/>
  <testcase name="readRecoveringStrict" classname="org.fourthline.cling.test.resources.InvalidUDA10DeviceDescriptorParsingTest" time="0.103"/>
  <testcase name="readRecoveringStrict" classname="org.fourthline.cling.test.resources.InvalidUDA10DeviceDescriptorParsingTest" time="0.103"/>
  <testcase name="readRecoveringStrict" classname="org.fourthline.cling.test.resources.InvalidUDA10DeviceDescriptorParsingTest" time="0.105"/>
  <testcase name="readRecoveringStrict" classname="org.fourthline.cling.test.resources.InvalidUDA10DeviceDescriptorParsingTest" time="0.086"/>
  <testcase name="readRecoveringStrict" classname="org.fourthline.cling.test.resources.InvalidUDA10DeviceDescriptorParsingTest" time="0.108"/>
  <testcase name="readRecoveringStrict" classname="org.fourthline.cling.test.resources.InvalidUDA10DeviceDescriptorParsingTest" time="0.131"/>
  <testcase name="readRecoveringStrict" classname="org.fourthline.cling.test.resources.InvalidUDA10DeviceDescriptorParsingTest" time="0.102"/>
  <testcase name="readRecoveringStrict" classname="org.fourthline.cling.test.resources.InvalidUDA10DeviceDescriptorParsingTest" time="0.097"/>
  <testcase name="readRecoveringStrict" classname="org.fourthline.cling.test.resources.InvalidUDA10DeviceDescriptorParsingTest" time="0.098"/>
  <testcase name="readRecoveringStrict" classname="org.fourthline.cling.test.resources.InvalidUDA10DeviceDescriptorParsingTest" time="0.082"/>
  <testcase name="readRecoveringStrict" classname="org.fourthline.cling.test.resources.InvalidUDA10DeviceDescriptorParsingTest" time="0.099"/>
  <testcase name="readRecoveringStrict" classname="org.fourthline.cling.test.resources.InvalidUDA10DeviceDescriptorParsingTest" time="0.101"/>
  <testcase name="readRecoveringStrict" classname="org.fourthline.cling.test.resources.InvalidUDA10DeviceDescriptorParsingTest" time="0.085"/>
  <testcase name="readRecoveringStrict" classname="org.fourthline.cling.test.resources.InvalidUDA10DeviceDescriptorParsingTest" time="0.079"/>
  <testcase name="readSAX" classname="org.fourthline.cling.test.resources.InvalidUDA10DeviceDescriptorParsingTest" time="0.132"/>
  <testcase name="readSAX" classname="org.fourthline.cling.test.resources.InvalidUDA10DeviceDescriptorParsingTest" time="0.087"/>
  <testcase name="readSAX" classname="org.fourthline.cling.test.resources.InvalidUDA10DeviceDescriptorParsingTest" time="0.111"/>
  <testcase name="readSAX" classname="org.fourthline.cling.test.resources.InvalidUDA10DeviceDescriptorParsingTest" time="0.101"/>
  <testcase name="readSAX" classname="org.fourthline.cling.test.resources.InvalidUDA10DeviceDescriptorParsingTest" time="0.1"/>
  <testcase name="readSAX" classname="org.fourthline.cling.test.resources.InvalidUDA10DeviceDescriptorParsingTest" time="0.113"/>
  <testcase name="readSAX" classname="org.fourthline.cling.test.resources.InvalidUDA10DeviceDescriptorParsingTest" time="0.101"/>
  <testcase name="readSAX" classname="org.fourthline.cling.test.resources.InvalidUDA10DeviceDescriptorParsingTest" time="0.083"/>
  <testcase name="readSAX" classname="org.fourthline.cling.test.resources.InvalidUDA10DeviceDescriptorParsingTest" time="0.1"/>
  <testcase name="readSAX" classname="org.fourthline.cling.test.resources.InvalidUDA10DeviceDescriptorParsingTest" time="0.095"/>
  <testcase name="readSAX" classname="org.fourthline.cling.test.resources.InvalidUDA10DeviceDescriptorParsingTest" time="0.103"/>
  <testcase name="readSAX" classname="org.fourthline.cling.test.resources.InvalidUDA10DeviceDescriptorParsingTest" time="0.096"/>
  <testcase name="readSAX" classname="org.fourthline.cling.test.resources.InvalidUDA10DeviceDescriptorParsingTest" time="0.102"/>
  <testcase name="readSAX" classname="org.fourthline.cling.test.resources.InvalidUDA10DeviceDescriptorParsingTest" time="0.088"/>
  <testcase name="registerAndRetrieveDescriptor" classname="org.fourthline.cling.test.resources.ServiceDescriptorRetrievalTest" time="0.11"/>
  <testcase name="retrieveNonExistentDescriptor" classname="org.fourthline.cling.test.resources.ServiceDescriptorRetrievalTest" time="0.103"/>
  <testcase name="readUDA10DescriptorDOM" classname="org.fourthline.cling.test.resources.UDA10DeviceDescriptorParsingTest" time="0.096"/>
  <testcase name="readUDA10DescriptorSAX" classname="org.fourthline.cling.test.resources.UDA10DeviceDescriptorParsingTest" time="0.104"/>
  <testcase name="readUDA10DescriptorWithEmptyURLBase" classname="org.fourthline.cling.test.resources.UDA10DeviceDescriptorParsingTest" time="0.097"/>
  <testcase name="readUDA10DescriptorWithURLBase" classname="org.fourthline.cling.test.resources.UDA10DeviceDescriptorParsingTest" time="0.087"/>
  <testcase name="readUDA10DescriptorWithURLBase2" classname="org.fourthline.cling.test.resources.UDA10DeviceDescriptorParsingTest" time="0.095"/>
  <testcase name="writeUDA10Descriptor" classname="org.fourthline.cling.test.resources.UDA10DeviceDescriptorParsingTest" time="0.122"/>
  <testcase name="writeUDA10DescriptorWithProvider" classname="org.fourthline.cling.test.resources.UDA10DeviceDescriptorParsingTest" time="0.111"/>
  <testcase name="readUDA10DescriptorDOM" classname="org.fourthline.cling.test.resources.UDA10ServiceDescriptorParsingTest" time="0"/>
  <testcase name="readUDA10DescriptorSAX" classname="org.fourthline.cling.test.resources.UDA10ServiceDescriptorParsingTest" time="0.01"/>
  <testcase name="writeUDA10Descriptor" classname="org.fourthline.cling.test.resources.UDA10ServiceDescriptorParsingTest" time="0.007"/>
  <testcase name="incomingRemoteCallClientInfo" classname="org.fourthline.cling.test.control.ActionInvokeIncomingTest" time="0.086"/>
  <testcase name="incomingRemoteCallControlURINotFound" classname="org.fourthline.cling.test.control.ActionInvokeIncomingTest" time="0.071"/>
  <testcase name="incomingRemoteCallGet" classname="org.fourthline.cling.test.control.ActionInvokeIncomingTest" time="0.097"/>
  <testcase name="incomingRemoteCallGetConcurrent" classname="org.fourthline.cling.test.control.ActionInvokeIncomingTest" time="2.114"/>
  <testcase name="incomingRemoteCallMethodException" classname="org.fourthline.cling.test.control.ActionInvokeIncomingTest" time="0.097"/>
  <testcase name="incomingRemoteCallNoContentType" classname="org.fourthline.cling.test.control.ActionInvokeIncomingTest" time="0.093"/>
  <testcase name="incomingRemoteCallQueryStateVariable" classname="org.fourthline.cling.test.control.ActionInvokeIncomingTest" time="0.087"/>
  <testcase name="incomingRemoteCallSet" classname="org.fourthline.cling.test.control.ActionInvokeIncomingTest" time="0.065"/>
  <testcase name="incomingRemoteCallWrongContentType" classname="org.fourthline.cling.test.control.ActionInvokeIncomingTest" time="0.1"/>
  <testcase name="callLocalGet" classname="org.fourthline.cling.test.control.ActionInvokeOutgoingTest" time="0.098"/>
  <testcase name="callLocalSetException" classname="org.fourthline.cling.test.control.ActionInvokeOutgoingTest" time="0.101"/>
  <testcase name="callLocalWrongAction" classname="org.fourthline.cling.test.control.ActionInvokeOutgoingTest" time="0.102"/>
  <testcase name="callRemoteGet" classname="org.fourthline.cling.test.control.ActionInvokeOutgoingTest" time="0.108"/>
  <testcase name="callRemoteGetFailure" classname="org.fourthline.cling.test.control.ActionInvokeOutgoingTest" time="0.092"/>
  <testcase name="callRemoteGetNoResponse" classname="org.fourthline.cling.test.control.ActionInvokeOutgoingTest" time="0.11"/>
  <testcase name="callRemoteGetNotFoundFailure" classname="org.fourthline.cling.test.control.ActionInvokeOutgoingTest" time="0.097"/>
  <testcase name="callRemoteNegativeValue" classname="org.fourthline.cling.test.control.ActionInvokeOutgoingTest" time="0.105"/>
  <testcase name="callRemoteQueryStateVariable" classname="org.fourthline.cling.test.control.ActionInvokeOutgoingTest" time="0.108"/>
  <testcase name="readEncodedRequest" classname="org.fourthline.cling.test.control.ActionXMLProcessingTest" time="0.096"/>
  <testcase name="readEncodedRequest" classname="org.fourthline.cling.test.control.ActionXMLProcessingTest" time="0.114"/>
  <testcase name="readEncodedRequest" classname="org.fourthline.cling.test.control.ActionXMLProcessingTest" time="0.099"/>
  <testcase name="readEncodedRequestWithAlias" classname="org.fourthline.cling.test.control.ActionXMLProcessingTest" time="0.097"/>
  <testcase name="readEncodedRequestWithAlias" classname="org.fourthline.cling.test.control.ActionXMLProcessingTest" time="0.083"/>
  <testcase name="readEncodedRequestWithAlias" classname="org.fourthline.cling.test.control.ActionXMLProcessingTest" time="0.06"/>
  <testcase name="writeDecodedResponse" classname="org.fourthline.cling.test.control.ActionXMLProcessingTest" time="0.08"/>
  <testcase name="writeDecodedResponse" classname="org.fourthline.cling.test.control.ActionXMLProcessingTest" time="0.072"/>
  <testcase name="writeDecodedResponse" classname="org.fourthline.cling.test.control.ActionXMLProcessingTest" time="0.095"/>
  <testcase name="writeFailureReadFailure" classname="org.fourthline.cling.test.control.ActionXMLProcessingTest" time="0.09"/>
  <testcase name="writeFailureReadFailure" classname="org.fourthline.cling.test.control.ActionXMLProcessingTest" time="0.092"/>
  <testcase name="writeFailureReadFailure" classname="org.fourthline.cling.test.control.ActionXMLProcessingTest" time="0.078"/>
  <testcase name="writeReadRequest" classname="org.fourthline.cling.test.control.ActionXMLProcessingTest" time="0.097"/>
  <testcase name="writeReadRequest" classname="org.fourthline.cling.test.control.ActionXMLProcessingTest" time="0.098"/>
  <testcase name="writeReadRequest" classname="org.fourthline.cling.test.control.ActionXMLProcessingTest" time="0.059"/>
  <testcase name="writeReadResponse" classname="org.fourthline.cling.test.control.ActionXMLProcessingTest" time="0.094"/>
  <testcase name="writeReadResponse" classname="org.fourthline.cling.test.control.ActionXMLProcessingTest" time="0.089"/>
  <testcase name="writeReadResponse" classname="org.fourthline.cling.test.control.ActionXMLProcessingTest" time="0.099"/>
  <testcase name="readRequestDefaultFailure" classname="org.fourthline.cling.test.control.InvalidActionXMLProcessingTest" time="0.103"/>
  <testcase name="readRequestDefaultFailure" classname="org.fourthline.cling.test.control.InvalidActionXMLProcessingTest" time="0.103"/>
  <testcase name="readRequestDefaultFailure" classname="org.fourthline.cling.test.control.InvalidActionXMLProcessingTest" time="0.097"/>
  <testcase name="readRequestPull" classname="org.fourthline.cling.test.control.InvalidActionXMLProcessingTest" time="0.133"/>
  <testcase name="readRequestPull" classname="org.fourthline.cling.test.control.InvalidActionXMLProcessingTest" time="0.109"/>
  <testcase name="readRequestPull" classname="org.fourthline.cling.test.control.InvalidActionXMLProcessingTest" time="0.095"/>
  <testcase name="readRequestRecoverableFailure" classname="org.fourthline.cling.test.control.InvalidActionXMLProcessingTest" time="0.099"/>
  <testcase name="readRequestRecoverableFailure" classname="org.fourthline.cling.test.control.InvalidActionXMLProcessingTest" time="0.143"/>
  <testcase name="readRequestRecovering" classname="org.fourthline.cling.test.control.InvalidActionXMLProcessingTest" time="0.103"/>
  <testcase name="readRequestRecovering" classname="org.fourthline.cling.test.control.InvalidActionXMLProcessingTest" time="0.098"/>
  <testcase name="readRequestRecoveringFailure" classname="org.fourthline.cling.test.control.InvalidActionXMLProcessingTest" time="0.106"/>
  <testcase name="uppercaseOutputArguments" classname="org.fourthline.cling.test.control.InvalidActionXMLProcessingTest" time="0.004"/>
  <testcase name="writeReadRequest" classname="org.fourthline.cling.test.gena.EventXMLProcessingTest" time="0.083"/>
  <testcase name="writeReadRequestPull" classname="org.fourthline.cling.test.gena.EventXMLProcessingTest" time="0.081"/>
  <testcase name="writeReadRequestRecovering" classname="org.fourthline.cling.test.gena.EventXMLProcessingTest" time="0.115"/>
  <testcase name="subscriptionLifecycle" classname="org.fourthline.cling.test.gena.IncomingSubscriptionLifecycleTest" time="0.102"/>
  <testcase name="subscriptionLifecycleFailedResponse" classname="org.fourthline.cling.test.gena.IncomingSubscriptionLifecycleTest" time="0.101"/>
  <testcase name="readDefaultFailure" classname="org.fourthline.cling.test.gena.InvalidEventXMLProcessingTest" time="0.108"/>
  <testcase name="readPull" classname="org.fourthline.cling.test.gena.InvalidEventXMLProcessingTest" time="0.105"/>
  <testcase name="readRecoverableFailure" classname="org.fourthline.cling.test.gena.InvalidEventXMLProcessingTest" time="0.104"/>
  <testcase name="readRecoverableFailure" classname="org.fourthline.cling.test.gena.InvalidEventXMLProcessingTest" time="0.104"/>
  <testcase name="readRecovering" classname="org.fourthline.cling.test.gena.InvalidEventXMLProcessingTest" time="0.109"/>
  <testcase name="readRecovering" classname="org.fourthline.cling.test.gena.InvalidEventXMLProcessingTest" time="0.102"/>
  <testcase name="readRecoveringFailure" classname="org.fourthline.cling.test.gena.InvalidEventXMLProcessingTest" time="0.106"/>
  <testcase name="readRecoveringFailure" classname="org.fourthline.cling.test.gena.InvalidEventXMLProcessingTest" time="0.103"/>
  <testcase name="readRecoveringFailure" classname="org.fourthline.cling.test.gena.InvalidEventXMLProcessingTest" time="0.103"/>
  <testcase name="readRecoveringFailure" classname="org.fourthline.cling.test.gena.InvalidEventXMLProcessingTest" time="0.103"/>
  <testcase name="readRecoveringFailure" classname="org.fourthline.cling.test.gena.InvalidEventXMLProcessingTest" time="0.104"/>
  <testcase name="readRecoveringFailure" classname="org.fourthline.cling.test.gena.InvalidEventXMLProcessingTest" time="0.101"/>
  <testcase name="readRecoveringFailure" classname="org.fourthline.cling.test.gena.InvalidEventXMLProcessingTest" time="0.103"/>
  <testcase name="subscriptionLifecycleMissedEvent" classname="org.fourthline.cling.test.gena.OutgoingSubscriptionFailureTest" time="0.108"/>
  <testcase name="subscriptionLifecycleNetworkOff" classname="org.fourthline.cling.test.gena.OutgoingSubscriptionFailureTest" time="0.1"/>
  <testcase name="subscriptionLifecycle" classname="org.fourthline.cling.test.gena.OutgoingSubscriptionLifecycleTest" time="0.101"/>
  <testcase name="subscriptionLifecycleNotifyBeforeResponse" classname="org.fourthline.cling.test.gena.OutgoingSubscriptionLifecycleTest" time="1.1"/>
  <testcase name="noSyncProtocol" classname="org.fourthline.cling.test.protocol.ProtocolFactoryTest" time="0.06"/>
  <testcase name="receivingEvent" classname="org.fourthline.cling.test.protocol.ProtocolFactoryTest" time="0.056"/>
  <testcase name="cleanupRemoteDevice" classname="example.registry.RegistryBrowseTest" time="0.099"/>
  <testcase name="findDevice" classname="example.registry.RegistryBrowseTest" time="0.099"/>
  <testcase name="findDeviceByType" classname="example.registry.RegistryBrowseTest" time="0.092"/>
  <testcase name="findLocalDevice" classname="example.registry.RegistryBrowseTest" time="0.098"/>
  <testcase name="findLocalDeviceInvalidRelativePath" classname="example.registry.RegistryBrowseTest" time="0.099"/>
  <testcase name="invokeActions" classname="example.controlpoint.ActionCancellationTest" time="1.099"/>
  <testcase name="validateBinding" classname="example.localservice.AllowedValueTest" time="0"/>
  <testcase name="validateBinding" classname="example.localservice.AllowedValueTest" time="0"/>
  <testcase name="invokeActions" classname="example.localservice.BasicBindingTest" time="0.004"/>
  <testcase name="invokeActions" classname="example.localservice.BasicBindingTest" time="0.001"/>
  <testcase name="invokeActions" classname="example.localservice.BasicBindingTest" time="0.001"/>
  <testcase name="invokeActions" classname="example.localservice.BasicBindingTest" time="0.002"/>
  <testcase name="validateBinding" classname="example.localservice.BasicBindingTest" time="0.001"/>
  <testcase name="validateBinding" classname="example.localservice.BasicBindingTest" time="0.001"/>
  <testcase name="validateBinding" classname="example.localservice.BasicBindingTest" time="0"/>
  <testcase name="validateBinding" classname="example.localservice.BasicBindingTest" time="0"/>
  <testcase name="invokeActions" classname="example.localservice.EnumTest" time="0.001"/>
  <testcase name="validateBinding" classname="example.localservice.EnumTest" time="0"/>
  <testcase name="testClient" classname="example.binarylight.BinaryLightTest" time="0.299"/>
  <testcase name="testServer" classname="example.binarylight.BinaryLightTest" time="0.134"/>
  <testcase name="invokeActions" classname="example.controlpoint.ActionInvocationTest" time="0.099"/>
  <testcase name="invokeActions" classname="example.controlpoint.ActionInvocationTest" time="0.099"/>
  <testcase name="invokeActions" classname="example.controlpoint.ActionInvocationTest" time="0.099"/>
  <testcase name="invokeActionsWithAlias" classname="example.controlpoint.ActionInvocationTest" time="0.099"/>
  <testcase name="invokeActionsWithAlias" classname="example.controlpoint.ActionInvocationTest" time="0.099"/>
  <testcase name="invokeActionsWithAlias" classname="example.controlpoint.ActionInvocationTest" time="0.098"/>
  <testcase name="bundleSeveralVariables" classname="example.localservice.EventProviderTest" time="0.101"/>
  <testcase name="moderateMaxRate" classname="example.localservice.EventProviderTest" time="0.8"/>
  <testcase name="moderateMinDelta" classname="example.localservice.EventProviderTest" time="0.15"/>
  <testcase name="subscriptionLifecycleChangeSupport" classname="example.localservice.EventProviderTest" time="0.1"/>
  <testcase name="subscriptionLifecycle" classname="example.localservice.EventProviderTest" time="0.1"/>
  <testcase name="subscriptionLifecycle" classname="example.controlpoint.EventSubscriptionTest" time="0.099"/>
  <testcase name="searchAll" classname="example.controlpoint.SearchExecuteTest" time="0.1"/>
  <testcase name="searchDefaults" classname="example.controlpoint.SearchExecuteTest" time="0.099"/>
  <testcase name="searchDeviceType" classname="example.controlpoint.SearchExecuteTest" time="0.099"/>
  <testcase name="searchInvalidST" classname="example.controlpoint.SearchExecuteTest" time="0.096"/>
  <testcase name="searchRoot" classname="example.controlpoint.SearchExecuteTest" time="0.099"/>
  <testcase name="searchServiceType" classname="example.controlpoint.SearchExecuteTest" time="0.098"/>
  <testcase name="searchUDN" classname="example.controlpoint.SearchExecuteTest" time="0.099"/>
  <testcase name="invokeActions" classname="example.localservice.RemoteClientInfoTest" time="0"/>
  <testcase name="validateBinding" classname="example.localservice.AllowedValueRangeTest" time="0.001"/>
  <testcase name="validateBinding" classname="example.localservice.AllowedValueRangeTest" time="0"/>
  <testcase name="failureQuickstartListener" classname="example.registry.RegistryListenerTest" time="0.113"/>
  <testcase name="quickstartListener" classname="example.registry.RegistryListenerTest" time="0.129"/>
  <testcase name="regularListener" classname="example.registry.RegistryListenerTest" time="0.128"/>
  <testcase name="invokeActions" classname="example.localservice.StringConvertibleTest" time="0.001"/>
  <testcase name="validateBinding" classname="example.localservice.StringConvertibleTest" time="0.001"/>
</testsuite>